<?xml version="1.0" encoding="utf-8"?>
<TestRun id="272855f3-f8c0-4029-8dc7-b04eca92f8f4" name="@shoppa-fw16-1 2025-09-16 23:12:40" xmlns="http://microsoft.com/schemas/VisualStudio/TeamTest/2010">
  <Times creation="2025-09-16T23:12:40.5002591+02:00" queuing="2025-09-16T23:12:40.5002591+02:00" start="2025-09-16T23:12:39.5055470+02:00" finish="2025-09-16T23:12:40.7294934+02:00" />
  <TestSettings name="default" id="4964d2a4-a68f-4e35-817d-156be2e6ac1b">
    <Deployment runDeploymentRoot="_shoppa-fw16-1_2025-09-16_23_12_40" />
  </TestSettings>
  <Results>
    <UnitTestResult executionId="73d7e9bd-6e77-4afe-a529-fd8b7bc7a559" testId="3ab43c05-c101-c138-4a06-0aa6efd63a5f" testName="ItemFilterTests.Visible_indices_match_expected_order" computerName="shoppa-fw16-1" duration="00:00:00.0199152" startTime="2025-09-16T23:12:40.4770662+02:00" endTime="2025-09-16T23:12:40.4770663+02:00" testType="13cdc9d9-ddb5-4fa4-a97d-d965ccfc6d4b" outcome="Passed" testListId="8c84fa94-04c1-424b-9868-57a2d4851a1d" relativeResultsDirectory="73d7e9bd-6e77-4afe-a529-fd8b7bc7a559" />
    <UnitTestResult executionId="04c758a5-626d-425f-bea5-b732b0b9ce40" testId="46bcd91f-5c38-841d-c5a0-4ecacdbbdd07" testName="LabelFilterTests.ForWrite_maps_correctly(input: &quot;dev&quot;, expected: &quot;dev&quot;)" computerName="shoppa-fw16-1" duration="00:00:00.0002486" startTime="2025-09-16T23:12:40.4759534+02:00" endTime="2025-09-16T23:12:40.4759538+02:00" testType="13cdc9d9-ddb5-4fa4-a97d-d965ccfc6d4b" outcome="Passed" testListId="8c84fa94-04c1-424b-9868-57a2d4851a1d" relativeResultsDirectory="04c758a5-626d-425f-bea5-b732b0b9ce40" />
    <UnitTestResult executionId="a1da9ab1-68da-4f63-86de-34295ecb5063" testId="780717a4-dc45-5d1a-b580-f377557d6d67" testName="FlatKeyMapperTests.BuildTree_creates_objects_arrays_and_values" computerName="shoppa-fw16-1" duration="00:00:00.0172290" startTime="2025-09-16T23:12:40.4552678+02:00" endTime="2025-09-16T23:12:40.4552678+02:00" testType="13cdc9d9-ddb5-4fa4-a97d-d965ccfc6d4b" outcome="Passed" testListId="8c84fa94-04c1-424b-9868-57a2d4851a1d" relativeResultsDirectory="a1da9ab1-68da-4f63-86de-34295ecb5063" />
    <UnitTestResult executionId="8a53a7d7-a3cf-402f-b284-5038dd8bc96e" testId="3f47e510-cda8-38f6-3a2e-296a0aeb1605" testName="LabelFilterTests.ForSelector_maps_correctly(input: null, expected: null)" computerName="shoppa-fw16-1" duration="00:00:00.0119404" startTime="2025-09-16T23:12:40.4531078+02:00" endTime="2025-09-16T23:12:40.4531079+02:00" testType="13cdc9d9-ddb5-4fa4-a97d-d965ccfc6d4b" outcome="Passed" testListId="8c84fa94-04c1-424b-9868-57a2d4851a1d" relativeResultsDirectory="8a53a7d7-a3cf-402f-b284-5038dd8bc96e" />
    <UnitTestResult executionId="4046b5e7-d91c-44e4-ba4b-f252d128e359" testId="9037fe3e-122a-e7cd-a5cf-b21cde9805b6" testName="ItemFilterTests.Visible_any_label_returns_all" computerName="shoppa-fw16-1" duration="00:00:00.0002497" startTime="2025-09-16T23:12:40.4780438+02:00" endTime="2025-09-16T23:12:40.4780438+02:00" testType="13cdc9d9-ddb5-4fa4-a97d-d965ccfc6d4b" outcome="Passed" testListId="8c84fa94-04c1-424b-9868-57a2d4851a1d" relativeResultsDirectory="4046b5e7-d91c-44e4-ba4b-f252d128e359" />
    <UnitTestResult executionId="930d484b-da70-4c1e-8d6f-038abb727e66" testId="3035024e-cb3c-39b1-eba9-192ba9ed2f26" testName="ItemFilterTests.Visible_unlabeled_returns_only_empty_label" computerName="shoppa-fw16-1" duration="00:00:00.0005892" startTime="2025-09-16T23:12:40.4804739+02:00" endTime="2025-09-16T23:12:40.4804739+02:00" testType="13cdc9d9-ddb5-4fa4-a97d-d965ccfc6d4b" outcome="Passed" testListId="8c84fa94-04c1-424b-9868-57a2d4851a1d" relativeResultsDirectory="930d484b-da70-4c1e-8d6f-038abb727e66" />
    <UnitTestResult executionId="9d82ea70-ab58-4494-9152-2124714ac2aa" testId="37194a5b-9540-b72a-2fd8-3ed7b18ecc22" testName="ItemFilterTests.Map_range_out_of_bounds_returns_error" computerName="shoppa-fw16-1" duration="00:00:00.0002084" startTime="2025-09-16T23:12:40.4802193+02:00" endTime="2025-09-16T23:12:40.4802194+02:00" testType="13cdc9d9-ddb5-4fa4-a97d-d965ccfc6d4b" outcome="Passed" testListId="8c84fa94-04c1-424b-9868-57a2d4851a1d" relativeResultsDirectory="9d82ea70-ab58-4494-9152-2124714ac2aa" />
    <UnitTestResult executionId="5924647f-473c-4bb5-82dc-a67af2fb611c" testId="2f5b9956-c28d-49fa-fd3a-9c80cdbd33db" testName="ItemFilterTests.Map_range_any_label(start: 2, end: 3, expected: [1, 2])" computerName="shoppa-fw16-1" duration="00:00:00.0001756" startTime="2025-09-16T23:12:40.4796994+02:00" endTime="2025-09-16T23:12:40.4796994+02:00" testType="13cdc9d9-ddb5-4fa4-a97d-d965ccfc6d4b" outcome="Passed" testListId="8c84fa94-04c1-424b-9868-57a2d4851a1d" relativeResultsDirectory="5924647f-473c-4bb5-82dc-a67af2fb611c" />
    <UnitTestResult executionId="5bd7da9a-7bcc-4c12-bd81-20f2ceed6bad" testId="99df7739-9d13-9497-17d5-a762f0dab85e" testName="LabelFilterTests.ForSelector_maps_correctly(input: &quot;prod&quot;, expected: &quot;prod&quot;)" computerName="shoppa-fw16-1" duration="00:00:00.0001199" startTime="2025-09-16T23:12:40.4546820+02:00" endTime="2025-09-16T23:12:40.4546821+02:00" testType="13cdc9d9-ddb5-4fa4-a97d-d965ccfc6d4b" outcome="Passed" testListId="8c84fa94-04c1-424b-9868-57a2d4851a1d" relativeResultsDirectory="5bd7da9a-7bcc-4c12-bd81-20f2ceed6bad" />
    <UnitTestResult executionId="9f9ab4b9-1563-4cdf-885a-2fbbec22a9b9" testId="24ea7713-3960-4410-c389-bcc3b5fcbd39" testName="AppStateReconcilerTests.Modified_matching_server_becomes_Unchanged" computerName="shoppa-fw16-1" duration="00:00:00.0040781" startTime="2025-09-16T23:12:40.4772168+02:00" endTime="2025-09-16T23:12:40.4772168+02:00" testType="13cdc9d9-ddb5-4fa4-a97d-d965ccfc6d4b" outcome="Passed" testListId="8c84fa94-04c1-424b-9868-57a2d4851a1d" relativeResultsDirectory="9f9ab4b9-1563-4cdf-885a-2fbbec22a9b9" />
    <UnitTestResult executionId="14590fa2-07e1-4dde-8074-47d0aae61140" testId="6de2d353-8914-63d9-5b40-fa699064c5a8" testName="LabelFilterTests.ForWrite_maps_correctly(input: &quot;&quot;, expected: null)" computerName="shoppa-fw16-1" duration="00:00:00.0001890" startTime="2025-09-16T23:12:40.4763468+02:00" endTime="2025-09-16T23:12:40.4763469+02:00" testType="13cdc9d9-ddb5-4fa4-a97d-d965ccfc6d4b" outcome="Passed" testListId="8c84fa94-04c1-424b-9868-57a2d4851a1d" relativeResultsDirectory="14590fa2-07e1-4dde-8074-47d0aae61140" />
    <UnitTestResult executionId="1fa8235e-4f26-43b6-a05a-4e68bbcb4c75" testId="b8ed0044-c78b-22f1-4699-f739baf5a488" testName="LabelFilterTests.ForSelector_maps_correctly(input: &quot;&quot;, expected: &quot;\0&quot;)" computerName="shoppa-fw16-1" duration="00:00:00.0000068" startTime="2025-09-16T23:12:40.4549410+02:00" endTime="2025-09-16T23:12:40.4549410+02:00" testType="13cdc9d9-ddb5-4fa4-a97d-d965ccfc6d4b" outcome="Passed" testListId="8c84fa94-04c1-424b-9868-57a2d4851a1d" relativeResultsDirectory="1fa8235e-4f26-43b6-a05a-4e68bbcb4c75" />
    <UnitTestResult executionId="eb160af1-4f70-4af1-ab31-439e61d3422c" testId="104dceb5-563d-6140-e391-e46ede51c315" testName="FlatKeyMapperTests.Flatten_roundtrips_back_to_flats" computerName="shoppa-fw16-1" duration="00:00:00.0179944" startTime="2025-09-16T23:12:40.4811890+02:00" endTime="2025-09-16T23:12:40.4811890+02:00" testType="13cdc9d9-ddb5-4fa4-a97d-d965ccfc6d4b" outcome="Passed" testListId="8c84fa94-04c1-424b-9868-57a2d4851a1d" relativeResultsDirectory="eb160af1-4f70-4af1-ab31-439e61d3422c" />
    <UnitTestResult executionId="9235e022-df72-4f5c-abe5-051bed40eaad" testId="8e4dfe9e-29fc-a433-20c2-c24a72a3a5a3" testName="LabelFilterTests.ForSelector_maps_correctly(input: &quot;dev&quot;, expected: &quot;dev&quot;)" computerName="shoppa-fw16-1" duration="00:00:00.0016459" startTime="2025-09-16T23:12:40.4543348+02:00" endTime="2025-09-16T23:12:40.4543348+02:00" testType="13cdc9d9-ddb5-4fa4-a97d-d965ccfc6d4b" outcome="Passed" testListId="8c84fa94-04c1-424b-9868-57a2d4851a1d" relativeResultsDirectory="9235e022-df72-4f5c-abe5-051bed40eaad" />
    <UnitTestResult executionId="a322ba63-bc45-4363-bf19-d77fc3a32c0e" testId="420c2de5-eb14-37a1-3bc6-522122aec02c" testName="AppStateReconcilerTests.Deleted_that_is_gone_on_server_is_dropped" computerName="shoppa-fw16-1" duration="00:00:00.0123406" startTime="2025-09-16T23:12:40.4447858+02:00" endTime="2025-09-16T23:12:40.4447968+02:00" testType="13cdc9d9-ddb5-4fa4-a97d-d965ccfc6d4b" outcome="Passed" testListId="8c84fa94-04c1-424b-9868-57a2d4851a1d" relativeResultsDirectory="a322ba63-bc45-4363-bf19-d77fc3a32c0e" />
    <UnitTestResult executionId="e2489393-f6c9-42a9-afc8-44447db82900" testId="7c9d88c3-7de9-19d6-9cb6-1e95f83f21c1" testName="ItemFilterTests.Map_range_literal_label_and_regex" computerName="shoppa-fw16-1" duration="00:00:00.0016392" startTime="2025-09-16T23:12:40.4777924+02:00" endTime="2025-09-16T23:12:40.4777925+02:00" testType="13cdc9d9-ddb5-4fa4-a97d-d965ccfc6d4b" outcome="Passed" testListId="8c84fa94-04c1-424b-9868-57a2d4851a1d" relativeResultsDirectory="e2489393-f6c9-42a9-afc8-44447db82900" />
    <UnitTestResult executionId="a078ad7a-6dad-4c54-8ecf-3f5ac8a3cac0" testId="185df21f-1c52-7a74-ae0a-070526063ed0" testName="AppStateReconcilerTests.Modified_deleted_on_server_becomes_New" computerName="shoppa-fw16-1" duration="00:00:00.0004538" startTime="2025-09-16T23:12:40.4775925+02:00" endTime="2025-09-16T23:12:40.4775925+02:00" testType="13cdc9d9-ddb5-4fa4-a97d-d965ccfc6d4b" outcome="Passed" testListId="8c84fa94-04c1-424b-9868-57a2d4851a1d" relativeResultsDirectory="a078ad7a-6dad-4c54-8ecf-3f5ac8a3cac0" />
    <UnitTestResult executionId="f2bb478d-372d-47a7-8dc3-33e4309c2c5a" testId="9b809a30-5296-a74c-13e3-ba3a9214922d" testName="ItemFilterTests.Visible_applies_regex_on_shortkey" computerName="shoppa-fw16-1" duration="00:00:00.0029025" startTime="2025-09-16T23:12:40.4807751+02:00" endTime="2025-09-16T23:12:40.4807751+02:00" testType="13cdc9d9-ddb5-4fa4-a97d-d965ccfc6d4b" outcome="Passed" testListId="8c84fa94-04c1-424b-9868-57a2d4851a1d" relativeResultsDirectory="f2bb478d-372d-47a7-8dc3-33e4309c2c5a" />
    <UnitTestResult executionId="a2a6804a-d12c-4104-9d97-8884a802bbaf" testId="9e9e30ae-91b6-58a0-625a-1cde020cb68c" testName="LabelFilterTests.ForWrite_maps_correctly(input: null, expected: null)" computerName="shoppa-fw16-1" duration="00:00:00.0000015" startTime="2025-09-16T23:12:40.4768864+02:00" endTime="2025-09-16T23:12:40.4768865+02:00" testType="13cdc9d9-ddb5-4fa4-a97d-d965ccfc6d4b" outcome="Passed" testListId="8c84fa94-04c1-424b-9868-57a2d4851a1d" relativeResultsDirectory="a2a6804a-d12c-4104-9d97-8884a802bbaf" />
    <UnitTestResult executionId="a02f03c6-f46a-4a52-961d-e93637991fe7" testId="2d720e36-880f-a0e6-2031-f0c98301c725" testName="ItemFilterTests.Map_range_any_label(start: 1, end: 1, expected: [0])" computerName="shoppa-fw16-1" duration="00:00:00.0000139" startTime="2025-09-16T23:12:40.4799633+02:00" endTime="2025-09-16T23:12:40.4799633+02:00" testType="13cdc9d9-ddb5-4fa4-a97d-d965ccfc6d4b" outcome="Passed" testListId="8c84fa94-04c1-424b-9868-57a2d4851a1d" relativeResultsDirectory="a02f03c6-f46a-4a52-961d-e93637991fe7" />
    <UnitTestResult executionId="bd1e37af-1f98-47e2-8a1f-16133d102efb" testId="5855942d-8f64-0fc6-3511-75ab8f9c7264" testName="ItemFilterTests.Visible_literal_label_returns_only_that_label" computerName="shoppa-fw16-1" duration="00:00:00.0004688" startTime="2025-09-16T23:12:40.4810628+02:00" endTime="2025-09-16T23:12:40.4810629+02:00" testType="13cdc9d9-ddb5-4fa4-a97d-d965ccfc6d4b" outcome="Passed" testListId="8c84fa94-04c1-424b-9868-57a2d4851a1d" relativeResultsDirectory="bd1e37af-1f98-47e2-8a1f-16133d102efb" />
    <UnitTestResult executionId="818cca23-5117-4c34-b54b-664e84852491" testId="99f03c58-a80e-a3a9-bf9e-4ac8779a3bb8" testName="LabelFilterTests.ForWrite_maps_correctly(input: &quot;prod&quot;, expected: &quot;prod&quot;)" computerName="shoppa-fw16-1" duration="00:00:00.0000083" startTime="2025-09-16T23:12:40.4766128+02:00" endTime="2025-09-16T23:12:40.4766128+02:00" testType="13cdc9d9-ddb5-4fa4-a97d-d965ccfc6d4b" outcome="Passed" testListId="8c84fa94-04c1-424b-9868-57a2d4851a1d" relativeResultsDirectory="818cca23-5117-4c34-b54b-664e84852491" />
    <UnitTestResult executionId="6d551ce2-ce93-4973-afbf-0b6fa353b26a" testId="4785ef82-9710-69b5-2b57-210f3f16bfdf" testName="ItemFilterTests.Map_range_any_label(start: 1, end: 2, expected: [0, 1])" computerName="shoppa-fw16-1" duration="00:00:00.0002985" startTime="2025-09-16T23:12:40.4794179+02:00" endTime="2025-09-16T23:12:40.4794179+02:00" testType="13cdc9d9-ddb5-4fa4-a97d-d965ccfc6d4b" outcome="Passed" testListId="8c84fa94-04c1-424b-9868-57a2d4851a1d" relativeResultsDirectory="6d551ce2-ce93-4973-afbf-0b6fa353b26a" />
  </Results>
  <TestDefinitions>
    <UnitTest name="AppStateReconcilerTests.Deleted_that_is_gone_on_server_is_dropped" storage="/home/mattias/codex-appconfig/tests/appconfigcli.core.tests/bin/debug/net9.0/appconfigcli.core.tests.dll" id="420c2de5-eb14-37a1-3bc6-522122aec02c">
      <Execution id="a322ba63-bc45-4363-bf19-d77fc3a32c0e" />
      <TestMethod codeBase="/home/mattias/codex-appconfig/tests/AppConfigCli.Core.Tests/bin/Debug/net9.0/AppConfigCli.Core.Tests.dll" adapterTypeName="executor://xunit/VsTestRunner2/netcoreapp" className="AppStateReconcilerTests" name="Deleted_that_is_gone_on_server_is_dropped" />
    </UnitTest>
    <UnitTest name="ItemFilterTests.Map_range_any_label(start: 1, end: 1, expected: [0])" storage="/home/mattias/codex-appconfig/tests/appconfigcli.core.tests/bin/debug/net9.0/appconfigcli.core.tests.dll" id="2d720e36-880f-a0e6-2031-f0c98301c725">
      <Execution id="a02f03c6-f46a-4a52-961d-e93637991fe7" />
      <TestMethod codeBase="/home/mattias/codex-appconfig/tests/AppConfigCli.Core.Tests/bin/Debug/net9.0/AppConfigCli.Core.Tests.dll" adapterTypeName="executor://xunit/VsTestRunner2/netcoreapp" className="ItemFilterTests" name="Map_range_any_label" />
    </UnitTest>
    <UnitTest name="ItemFilterTests.Map_range_out_of_bounds_returns_error" storage="/home/mattias/codex-appconfig/tests/appconfigcli.core.tests/bin/debug/net9.0/appconfigcli.core.tests.dll" id="37194a5b-9540-b72a-2fd8-3ed7b18ecc22">
      <Execution id="9d82ea70-ab58-4494-9152-2124714ac2aa" />
      <TestMethod codeBase="/home/mattias/codex-appconfig/tests/AppConfigCli.Core.Tests/bin/Debug/net9.0/AppConfigCli.Core.Tests.dll" adapterTypeName="executor://xunit/VsTestRunner2/netcoreapp" className="ItemFilterTests" name="Map_range_out_of_bounds_returns_error" />
    </UnitTest>
    <UnitTest name="ItemFilterTests.Map_range_any_label(start: 2, end: 3, expected: [1, 2])" storage="/home/mattias/codex-appconfig/tests/appconfigcli.core.tests/bin/debug/net9.0/appconfigcli.core.tests.dll" id="2f5b9956-c28d-49fa-fd3a-9c80cdbd33db">
      <Execution id="5924647f-473c-4bb5-82dc-a67af2fb611c" />
      <TestMethod codeBase="/home/mattias/codex-appconfig/tests/AppConfigCli.Core.Tests/bin/Debug/net9.0/AppConfigCli.Core.Tests.dll" adapterTypeName="executor://xunit/VsTestRunner2/netcoreapp" className="ItemFilterTests" name="Map_range_any_label" />
    </UnitTest>
    <UnitTest name="ItemFilterTests.Visible_literal_label_returns_only_that_label" storage="/home/mattias/codex-appconfig/tests/appconfigcli.core.tests/bin/debug/net9.0/appconfigcli.core.tests.dll" id="5855942d-8f64-0fc6-3511-75ab8f9c7264">
      <Execution id="bd1e37af-1f98-47e2-8a1f-16133d102efb" />
      <TestMethod codeBase="/home/mattias/codex-appconfig/tests/AppConfigCli.Core.Tests/bin/Debug/net9.0/AppConfigCli.Core.Tests.dll" adapterTypeName="executor://xunit/VsTestRunner2/netcoreapp" className="ItemFilterTests" name="Visible_literal_label_returns_only_that_label" />
    </UnitTest>
    <UnitTest name="AppStateReconcilerTests.Modified_deleted_on_server_becomes_New" storage="/home/mattias/codex-appconfig/tests/appconfigcli.core.tests/bin/debug/net9.0/appconfigcli.core.tests.dll" id="185df21f-1c52-7a74-ae0a-070526063ed0">
      <Execution id="a078ad7a-6dad-4c54-8ecf-3f5ac8a3cac0" />
      <TestMethod codeBase="/home/mattias/codex-appconfig/tests/AppConfigCli.Core.Tests/bin/Debug/net9.0/AppConfigCli.Core.Tests.dll" adapterTypeName="executor://xunit/VsTestRunner2/netcoreapp" className="AppStateReconcilerTests" name="Modified_deleted_on_server_becomes_New" />
    </UnitTest>
    <UnitTest name="ItemFilterTests.Visible_unlabeled_returns_only_empty_label" storage="/home/mattias/codex-appconfig/tests/appconfigcli.core.tests/bin/debug/net9.0/appconfigcli.core.tests.dll" id="3035024e-cb3c-39b1-eba9-192ba9ed2f26">
      <Execution id="930d484b-da70-4c1e-8d6f-038abb727e66" />
      <TestMethod codeBase="/home/mattias/codex-appconfig/tests/AppConfigCli.Core.Tests/bin/Debug/net9.0/AppConfigCli.Core.Tests.dll" adapterTypeName="executor://xunit/VsTestRunner2/netcoreapp" className="ItemFilterTests" name="Visible_unlabeled_returns_only_empty_label" />
    </UnitTest>
    <UnitTest name="ItemFilterTests.Map_range_any_label(start: 1, end: 2, expected: [0, 1])" storage="/home/mattias/codex-appconfig/tests/appconfigcli.core.tests/bin/debug/net9.0/appconfigcli.core.tests.dll" id="4785ef82-9710-69b5-2b57-210f3f16bfdf">
      <Execution id="6d551ce2-ce93-4973-afbf-0b6fa353b26a" />
      <TestMethod codeBase="/home/mattias/codex-appconfig/tests/AppConfigCli.Core.Tests/bin/Debug/net9.0/AppConfigCli.Core.Tests.dll" adapterTypeName="executor://xunit/VsTestRunner2/netcoreapp" className="ItemFilterTests" name="Map_range_any_label" />
    </UnitTest>
    <UnitTest name="ItemFilterTests.Map_range_literal_label_and_regex" storage="/home/mattias/codex-appconfig/tests/appconfigcli.core.tests/bin/debug/net9.0/appconfigcli.core.tests.dll" id="7c9d88c3-7de9-19d6-9cb6-1e95f83f21c1">
      <Execution id="e2489393-f6c9-42a9-afc8-44447db82900" />
      <TestMethod codeBase="/home/mattias/codex-appconfig/tests/AppConfigCli.Core.Tests/bin/Debug/net9.0/AppConfigCli.Core.Tests.dll" adapterTypeName="executor://xunit/VsTestRunner2/netcoreapp" className="ItemFilterTests" name="Map_range_literal_label_and_regex" />
    </UnitTest>
    <UnitTest name="LabelFilterTests.ForSelector_maps_correctly(input: &quot;prod&quot;, expected: &quot;prod&quot;)" storage="/home/mattias/codex-appconfig/tests/appconfigcli.core.tests/bin/debug/net9.0/appconfigcli.core.tests.dll" id="99df7739-9d13-9497-17d5-a762f0dab85e">
      <Execution id="5bd7da9a-7bcc-4c12-bd81-20f2ceed6bad" />
      <TestMethod codeBase="/home/mattias/codex-appconfig/tests/AppConfigCli.Core.Tests/bin/Debug/net9.0/AppConfigCli.Core.Tests.dll" adapterTypeName="executor://xunit/VsTestRunner2/netcoreapp" className="LabelFilterTests" name="ForSelector_maps_correctly" />
    </UnitTest>
    <UnitTest name="ItemFilterTests.Visible_applies_regex_on_shortkey" storage="/home/mattias/codex-appconfig/tests/appconfigcli.core.tests/bin/debug/net9.0/appconfigcli.core.tests.dll" id="9b809a30-5296-a74c-13e3-ba3a9214922d">
      <Execution id="f2bb478d-372d-47a7-8dc3-33e4309c2c5a" />
      <TestMethod codeBase="/home/mattias/codex-appconfig/tests/AppConfigCli.Core.Tests/bin/Debug/net9.0/AppConfigCli.Core.Tests.dll" adapterTypeName="executor://xunit/VsTestRunner2/netcoreapp" className="ItemFilterTests" name="Visible_applies_regex_on_shortkey" />
    </UnitTest>
    <UnitTest name="LabelFilterTests.ForWrite_maps_correctly(input: &quot;dev&quot;, expected: &quot;dev&quot;)" storage="/home/mattias/codex-appconfig/tests/appconfigcli.core.tests/bin/debug/net9.0/appconfigcli.core.tests.dll" id="46bcd91f-5c38-841d-c5a0-4ecacdbbdd07">
      <Execution id="04c758a5-626d-425f-bea5-b732b0b9ce40" />
      <TestMethod codeBase="/home/mattias/codex-appconfig/tests/AppConfigCli.Core.Tests/bin/Debug/net9.0/AppConfigCli.Core.Tests.dll" adapterTypeName="executor://xunit/VsTestRunner2/netcoreapp" className="LabelFilterTests" name="ForWrite_maps_correctly" />
    </UnitTest>
    <UnitTest name="LabelFilterTests.ForWrite_maps_correctly(input: &quot;prod&quot;, expected: &quot;prod&quot;)" storage="/home/mattias/codex-appconfig/tests/appconfigcli.core.tests/bin/debug/net9.0/appconfigcli.core.tests.dll" id="99f03c58-a80e-a3a9-bf9e-4ac8779a3bb8">
      <Execution id="818cca23-5117-4c34-b54b-664e84852491" />
      <TestMethod codeBase="/home/mattias/codex-appconfig/tests/AppConfigCli.Core.Tests/bin/Debug/net9.0/AppConfigCli.Core.Tests.dll" adapterTypeName="executor://xunit/VsTestRunner2/netcoreapp" className="LabelFilterTests" name="ForWrite_maps_correctly" />
    </UnitTest>
    <UnitTest name="LabelFilterTests.ForWrite_maps_correctly(input: null, expected: null)" storage="/home/mattias/codex-appconfig/tests/appconfigcli.core.tests/bin/debug/net9.0/appconfigcli.core.tests.dll" id="9e9e30ae-91b6-58a0-625a-1cde020cb68c">
      <Execution id="a2a6804a-d12c-4104-9d97-8884a802bbaf" />
      <TestMethod codeBase="/home/mattias/codex-appconfig/tests/AppConfigCli.Core.Tests/bin/Debug/net9.0/AppConfigCli.Core.Tests.dll" adapterTypeName="executor://xunit/VsTestRunner2/netcoreapp" className="LabelFilterTests" name="ForWrite_maps_correctly" />
    </UnitTest>
    <UnitTest name="FlatKeyMapperTests.Flatten_roundtrips_back_to_flats" storage="/home/mattias/codex-appconfig/tests/appconfigcli.core.tests/bin/debug/net9.0/appconfigcli.core.tests.dll" id="104dceb5-563d-6140-e391-e46ede51c315">
      <Execution id="eb160af1-4f70-4af1-ab31-439e61d3422c" />
      <TestMethod codeBase="/home/mattias/codex-appconfig/tests/AppConfigCli.Core.Tests/bin/Debug/net9.0/AppConfigCli.Core.Tests.dll" adapterTypeName="executor://xunit/VsTestRunner2/netcoreapp" className="FlatKeyMapperTests" name="Flatten_roundtrips_back_to_flats" />
    </UnitTest>
    <UnitTest name="LabelFilterTests.ForWrite_maps_correctly(input: &quot;&quot;, expected: null)" storage="/home/mattias/codex-appconfig/tests/appconfigcli.core.tests/bin/debug/net9.0/appconfigcli.core.tests.dll" id="6de2d353-8914-63d9-5b40-fa699064c5a8">
      <Execution id="14590fa2-07e1-4dde-8074-47d0aae61140" />
      <TestMethod codeBase="/home/mattias/codex-appconfig/tests/AppConfigCli.Core.Tests/bin/Debug/net9.0/AppConfigCli.Core.Tests.dll" adapterTypeName="executor://xunit/VsTestRunner2/netcoreapp" className="LabelFilterTests" name="ForWrite_maps_correctly" />
    </UnitTest>
    <UnitTest name="ItemFilterTests.Visible_any_label_returns_all" storage="/home/mattias/codex-appconfig/tests/appconfigcli.core.tests/bin/debug/net9.0/appconfigcli.core.tests.dll" id="9037fe3e-122a-e7cd-a5cf-b21cde9805b6">
      <Execution id="4046b5e7-d91c-44e4-ba4b-f252d128e359" />
      <TestMethod codeBase="/home/mattias/codex-appconfig/tests/AppConfigCli.Core.Tests/bin/Debug/net9.0/AppConfigCli.Core.Tests.dll" adapterTypeName="executor://xunit/VsTestRunner2/netcoreapp" className="ItemFilterTests" name="Visible_any_label_returns_all" />
    </UnitTest>
    <UnitTest name="LabelFilterTests.ForSelector_maps_correctly(input: &quot;&quot;, expected: &quot;\0&quot;)" storage="/home/mattias/codex-appconfig/tests/appconfigcli.core.tests/bin/debug/net9.0/appconfigcli.core.tests.dll" id="b8ed0044-c78b-22f1-4699-f739baf5a488">
      <Execution id="1fa8235e-4f26-43b6-a05a-4e68bbcb4c75" />
      <TestMethod codeBase="/home/mattias/codex-appconfig/tests/AppConfigCli.Core.Tests/bin/Debug/net9.0/AppConfigCli.Core.Tests.dll" adapterTypeName="executor://xunit/VsTestRunner2/netcoreapp" className="LabelFilterTests" name="ForSelector_maps_correctly" />
    </UnitTest>
    <UnitTest name="LabelFilterTests.ForSelector_maps_correctly(input: &quot;dev&quot;, expected: &quot;dev&quot;)" storage="/home/mattias/codex-appconfig/tests/appconfigcli.core.tests/bin/debug/net9.0/appconfigcli.core.tests.dll" id="8e4dfe9e-29fc-a433-20c2-c24a72a3a5a3">
      <Execution id="9235e022-df72-4f5c-abe5-051bed40eaad" />
      <TestMethod codeBase="/home/mattias/codex-appconfig/tests/AppConfigCli.Core.Tests/bin/Debug/net9.0/AppConfigCli.Core.Tests.dll" adapterTypeName="executor://xunit/VsTestRunner2/netcoreapp" className="LabelFilterTests" name="ForSelector_maps_correctly" />
    </UnitTest>
    <UnitTest name="FlatKeyMapperTests.BuildTree_creates_objects_arrays_and_values" storage="/home/mattias/codex-appconfig/tests/appconfigcli.core.tests/bin/debug/net9.0/appconfigcli.core.tests.dll" id="780717a4-dc45-5d1a-b580-f377557d6d67">
      <Execution id="a1da9ab1-68da-4f63-86de-34295ecb5063" />
      <TestMethod codeBase="/home/mattias/codex-appconfig/tests/AppConfigCli.Core.Tests/bin/Debug/net9.0/AppConfigCli.Core.Tests.dll" adapterTypeName="executor://xunit/VsTestRunner2/netcoreapp" className="FlatKeyMapperTests" name="BuildTree_creates_objects_arrays_and_values" />
    </UnitTest>
    <UnitTest name="ItemFilterTests.Visible_indices_match_expected_order" storage="/home/mattias/codex-appconfig/tests/appconfigcli.core.tests/bin/debug/net9.0/appconfigcli.core.tests.dll" id="3ab43c05-c101-c138-4a06-0aa6efd63a5f">
      <Execution id="73d7e9bd-6e77-4afe-a529-fd8b7bc7a559" />
      <TestMethod codeBase="/home/mattias/codex-appconfig/tests/AppConfigCli.Core.Tests/bin/Debug/net9.0/AppConfigCli.Core.Tests.dll" adapterTypeName="executor://xunit/VsTestRunner2/netcoreapp" className="ItemFilterTests" name="Visible_indices_match_expected_order" />
    </UnitTest>
    <UnitTest name="AppStateReconcilerTests.Modified_matching_server_becomes_Unchanged" storage="/home/mattias/codex-appconfig/tests/appconfigcli.core.tests/bin/debug/net9.0/appconfigcli.core.tests.dll" id="24ea7713-3960-4410-c389-bcc3b5fcbd39">
      <Execution id="9f9ab4b9-1563-4cdf-885a-2fbbec22a9b9" />
      <TestMethod codeBase="/home/mattias/codex-appconfig/tests/AppConfigCli.Core.Tests/bin/Debug/net9.0/AppConfigCli.Core.Tests.dll" adapterTypeName="executor://xunit/VsTestRunner2/netcoreapp" className="AppStateReconcilerTests" name="Modified_matching_server_becomes_Unchanged" />
    </UnitTest>
    <UnitTest name="LabelFilterTests.ForSelector_maps_correctly(input: null, expected: null)" storage="/home/mattias/codex-appconfig/tests/appconfigcli.core.tests/bin/debug/net9.0/appconfigcli.core.tests.dll" id="3f47e510-cda8-38f6-3a2e-296a0aeb1605">
      <Execution id="8a53a7d7-a3cf-402f-b284-5038dd8bc96e" />
      <TestMethod codeBase="/home/mattias/codex-appconfig/tests/AppConfigCli.Core.Tests/bin/Debug/net9.0/AppConfigCli.Core.Tests.dll" adapterTypeName="executor://xunit/VsTestRunner2/netcoreapp" className="LabelFilterTests" name="ForSelector_maps_correctly" />
    </UnitTest>
  </TestDefinitions>
  <TestEntries>
    <TestEntry testId="3ab43c05-c101-c138-4a06-0aa6efd63a5f" executionId="73d7e9bd-6e77-4afe-a529-fd8b7bc7a559" testListId="8c84fa94-04c1-424b-9868-57a2d4851a1d" />
    <TestEntry testId="46bcd91f-5c38-841d-c5a0-4ecacdbbdd07" executionId="04c758a5-626d-425f-bea5-b732b0b9ce40" testListId="8c84fa94-04c1-424b-9868-57a2d4851a1d" />
    <TestEntry testId="780717a4-dc45-5d1a-b580-f377557d6d67" executionId="a1da9ab1-68da-4f63-86de-34295ecb5063" testListId="8c84fa94-04c1-424b-9868-57a2d4851a1d" />
    <TestEntry testId="3f47e510-cda8-38f6-3a2e-296a0aeb1605" executionId="8a53a7d7-a3cf-402f-b284-5038dd8bc96e" testListId="8c84fa94-04c1-424b-9868-57a2d4851a1d" />
    <TestEntry testId="9037fe3e-122a-e7cd-a5cf-b21cde9805b6" executionId="4046b5e7-d91c-44e4-ba4b-f252d128e359" testListId="8c84fa94-04c1-424b-9868-57a2d4851a1d" />
    <TestEntry testId="3035024e-cb3c-39b1-eba9-192ba9ed2f26" executionId="930d484b-da70-4c1e-8d6f-038abb727e66" testListId="8c84fa94-04c1-424b-9868-57a2d4851a1d" />
    <TestEntry testId="37194a5b-9540-b72a-2fd8-3ed7b18ecc22" executionId="9d82ea70-ab58-4494-9152-2124714ac2aa" testListId="8c84fa94-04c1-424b-9868-57a2d4851a1d" />
    <TestEntry testId="2f5b9956-c28d-49fa-fd3a-9c80cdbd33db" executionId="5924647f-473c-4bb5-82dc-a67af2fb611c" testListId="8c84fa94-04c1-424b-9868-57a2d4851a1d" />
    <TestEntry testId="99df7739-9d13-9497-17d5-a762f0dab85e" executionId="5bd7da9a-7bcc-4c12-bd81-20f2ceed6bad" testListId="8c84fa94-04c1-424b-9868-57a2d4851a1d" />
    <TestEntry testId="24ea7713-3960-4410-c389-bcc3b5fcbd39" executionId="9f9ab4b9-1563-4cdf-885a-2fbbec22a9b9" testListId="8c84fa94-04c1-424b-9868-57a2d4851a1d" />
    <TestEntry testId="6de2d353-8914-63d9-5b40-fa699064c5a8" executionId="14590fa2-07e1-4dde-8074-47d0aae61140" testListId="8c84fa94-04c1-424b-9868-57a2d4851a1d" />
    <TestEntry testId="b8ed0044-c78b-22f1-4699-f739baf5a488" executionId="1fa8235e-4f26-43b6-a05a-4e68bbcb4c75" testListId="8c84fa94-04c1-424b-9868-57a2d4851a1d" />
    <TestEntry testId="104dceb5-563d-6140-e391-e46ede51c315" executionId="eb160af1-4f70-4af1-ab31-439e61d3422c" testListId="8c84fa94-04c1-424b-9868-57a2d4851a1d" />
    <TestEntry testId="8e4dfe9e-29fc-a433-20c2-c24a72a3a5a3" executionId="9235e022-df72-4f5c-abe5-051bed40eaad" testListId="8c84fa94-04c1-424b-9868-57a2d4851a1d" />
    <TestEntry testId="420c2de5-eb14-37a1-3bc6-522122aec02c" executionId="a322ba63-bc45-4363-bf19-d77fc3a32c0e" testListId="8c84fa94-04c1-424b-9868-57a2d4851a1d" />
    <TestEntry testId="7c9d88c3-7de9-19d6-9cb6-1e95f83f21c1" executionId="e2489393-f6c9-42a9-afc8-44447db82900" testListId="8c84fa94-04c1-424b-9868-57a2d4851a1d" />
    <TestEntry testId="185df21f-1c52-7a74-ae0a-070526063ed0" executionId="a078ad7a-6dad-4c54-8ecf-3f5ac8a3cac0" testListId="8c84fa94-04c1-424b-9868-57a2d4851a1d" />
    <TestEntry testId="9b809a30-5296-a74c-13e3-ba3a9214922d" executionId="f2bb478d-372d-47a7-8dc3-33e4309c2c5a" testListId="8c84fa94-04c1-424b-9868-57a2d4851a1d" />
    <TestEntry testId="9e9e30ae-91b6-58a0-625a-1cde020cb68c" executionId="a2a6804a-d12c-4104-9d97-8884a802bbaf" testListId="8c84fa94-04c1-424b-9868-57a2d4851a1d" />
    <TestEntry testId="2d720e36-880f-a0e6-2031-f0c98301c725" executionId="a02f03c6-f46a-4a52-961d-e93637991fe7" testListId="8c84fa94-04c1-424b-9868-57a2d4851a1d" />
    <TestEntry testId="5855942d-8f64-0fc6-3511-75ab8f9c7264" executionId="bd1e37af-1f98-47e2-8a1f-16133d102efb" testListId="8c84fa94-04c1-424b-9868-57a2d4851a1d" />
    <TestEntry testId="99f03c58-a80e-a3a9-bf9e-4ac8779a3bb8" executionId="818cca23-5117-4c34-b54b-664e84852491" testListId="8c84fa94-04c1-424b-9868-57a2d4851a1d" />
    <TestEntry testId="4785ef82-9710-69b5-2b57-210f3f16bfdf" executionId="6d551ce2-ce93-4973-afbf-0b6fa353b26a" testListId="8c84fa94-04c1-424b-9868-57a2d4851a1d" />
  </TestEntries>
  <TestLists>
    <TestList name="Results Not in a List" id="8c84fa94-04c1-424b-9868-57a2d4851a1d" />
    <TestList name="All Loaded Results" id="19431567-8539-422a-85d7-44ee4e166bda" />
  </TestLists>
  <ResultSummary outcome="Completed">
    <Counters total="23" executed="23" passed="23" failed="0" error="0" timeout="0" aborted="0" inconclusive="0" passedButRunAborted="0" notRunnable="0" notExecuted="0" disconnected="0" warning="0" completed="0" inProgress="0" pending="0" />
    <Output>
      <StdOut>[xUnit.net 00:00:00.00] xUnit.net VSTest Adapter v2.8.2+699d445a1a (64-bit .NET 9.0.9)
[xUnit.net 00:00:00.04]   Discovering: AppConfigCli.Core.Tests
[xUnit.net 00:00:00.08]   Discovered:  AppConfigCli.Core.Tests
[xUnit.net 00:00:00.08]   Starting:    AppConfigCli.Core.Tests
[xUnit.net 00:00:00.18]   Finished:    AppConfigCli.Core.Tests
</StdOut>
    </Output>
    <CollectorDataEntries>
      <Collector agentName="shoppa-fw16-1" uri="datacollector://microsoft/CoverletCodeCoverage/1.0" collectorDisplayName="XPlat code coverage">
        <UriAttachments>
          <UriAttachment>
            <A href="shoppa-fw16-1/coverage.cobertura.xml"></A>
          </UriAttachment>
        </UriAttachments>
      </Collector>
    </CollectorDataEntries>
  </ResultSummary>
</TestRun>