<?xml version="1.0" encoding="utf-8"?>
<TestRun id="a82b9817-63c4-44a3-99b4-e0a8fcdb3ba6" name="@shoppa-fw16-1 2025-09-16 23:22:27" xmlns="http://microsoft.com/schemas/VisualStudio/TeamTest/2010">
  <Times creation="2025-09-16T23:22:27.3232139+02:00" queuing="2025-09-16T23:22:27.3232139+02:00" start="2025-09-16T23:22:26.3130736+02:00" finish="2025-09-16T23:22:27.5328202+02:00" />
  <TestSettings name="default" id="e47ad945-fd2f-4ee7-a147-b943e7580224">
    <Deployment runDeploymentRoot="_shoppa-fw16-1_2025-09-16_23_22_27" />
  </TestSettings>
  <Results>
    <UnitTestResult executionId="64e7609f-ed5c-4338-b617-277e68995272" testId="2f5b9956-c28d-49fa-fd3a-9c80cdbd33db" testName="ItemFilterTests.Map_range_any_label(start: 2, end: 3, expected: [1, 2])" computerName="shoppa-fw16-1" duration="00:00:00.0002680" startTime="2025-09-16T23:22:27.3010172+02:00" endTime="2025-09-16T23:22:27.3010172+02:00" testType="13cdc9d9-ddb5-4fa4-a97d-d965ccfc6d4b" outcome="Passed" testListId="8c84fa94-04c1-424b-9868-57a2d4851a1d" relativeResultsDirectory="64e7609f-ed5c-4338-b617-277e68995272" />
    <UnitTestResult executionId="38333e84-cb1d-4b5a-b1e2-fb0660c659f2" testId="4785ef82-9710-69b5-2b57-210f3f16bfdf" testName="ItemFilterTests.Map_range_any_label(start: 1, end: 2, expected: [0, 1])" computerName="shoppa-fw16-1" duration="00:00:00.0003206" startTime="2025-09-16T23:22:27.3007664+02:00" endTime="2025-09-16T23:22:27.3007665+02:00" testType="13cdc9d9-ddb5-4fa4-a97d-d965ccfc6d4b" outcome="Passed" testListId="8c84fa94-04c1-424b-9868-57a2d4851a1d" relativeResultsDirectory="38333e84-cb1d-4b5a-b1e2-fb0660c659f2" />
    <UnitTestResult executionId="01cdc0da-d029-4af1-a783-b3c243db6e4c" testId="3035024e-cb3c-39b1-eba9-192ba9ed2f26" testName="ItemFilterTests.Visible_unlabeled_returns_only_empty_label" computerName="shoppa-fw16-1" duration="00:00:00.0003113" startTime="2025-09-16T23:22:27.3019213+02:00" endTime="2025-09-16T23:22:27.3019213+02:00" testType="13cdc9d9-ddb5-4fa4-a97d-d965ccfc6d4b" outcome="Passed" testListId="8c84fa94-04c1-424b-9868-57a2d4851a1d" relativeResultsDirectory="01cdc0da-d029-4af1-a783-b3c243db6e4c" />
    <UnitTestResult executionId="39fb6992-5fc7-49c0-9d05-bb8e49723e9d" testId="46bcd91f-5c38-841d-c5a0-4ecacdbbdd07" testName="LabelFilterTests.ForWrite_maps_correctly(input: &quot;dev&quot;, expected: &quot;dev&quot;)" computerName="shoppa-fw16-1" duration="00:00:00.0001692" startTime="2025-09-16T23:22:27.2960589+02:00" endTime="2025-09-16T23:22:27.2960589+02:00" testType="13cdc9d9-ddb5-4fa4-a97d-d965ccfc6d4b" outcome="Passed" testListId="8c84fa94-04c1-424b-9868-57a2d4851a1d" relativeResultsDirectory="39fb6992-5fc7-49c0-9d05-bb8e49723e9d" />
    <UnitTestResult executionId="4ec75ac8-9b37-47d5-a8a4-704af6b57bb4" testId="5855942d-8f64-0fc6-3511-75ab8f9c7264" testName="ItemFilterTests.Visible_literal_label_returns_only_that_label" computerName="shoppa-fw16-1" duration="00:00:00.0007917" startTime="2025-09-16T23:22:27.3024253+02:00" endTime="2025-09-16T23:22:27.3024253+02:00" testType="13cdc9d9-ddb5-4fa4-a97d-d965ccfc6d4b" outcome="Passed" testListId="8c84fa94-04c1-424b-9868-57a2d4851a1d" relativeResultsDirectory="4ec75ac8-9b37-47d5-a8a4-704af6b57bb4" />
    <UnitTestResult executionId="4f25583f-ab86-40ce-b97a-6e266a0ea4ec" testId="9e9e30ae-91b6-58a0-625a-1cde020cb68c" testName="LabelFilterTests.ForWrite_maps_correctly(input: null, expected: null)" computerName="shoppa-fw16-1" duration="00:00:00.0000010" startTime="2025-09-16T23:22:27.2972635+02:00" endTime="2025-09-16T23:22:27.2972636+02:00" testType="13cdc9d9-ddb5-4fa4-a97d-d965ccfc6d4b" outcome="Passed" testListId="8c84fa94-04c1-424b-9868-57a2d4851a1d" relativeResultsDirectory="4f25583f-ab86-40ce-b97a-6e266a0ea4ec" />
    <UnitTestResult executionId="376ce51d-7501-49ff-9c39-abd0722f81a0" testId="b8ed0044-c78b-22f1-4699-f739baf5a488" testName="LabelFilterTests.ForSelector_maps_correctly(input: &quot;&quot;, expected: &quot;\0&quot;)" computerName="shoppa-fw16-1" duration="00:00:00.0000087" startTime="2025-09-16T23:22:27.2775454+02:00" endTime="2025-09-16T23:22:27.2775454+02:00" testType="13cdc9d9-ddb5-4fa4-a97d-d965ccfc6d4b" outcome="Passed" testListId="8c84fa94-04c1-424b-9868-57a2d4851a1d" relativeResultsDirectory="376ce51d-7501-49ff-9c39-abd0722f81a0" />
    <UnitTestResult executionId="52b8d3a1-8f86-41cb-a13b-841903909788" testId="99f03c58-a80e-a3a9-bf9e-4ac8779a3bb8" testName="LabelFilterTests.ForWrite_maps_correctly(input: &quot;prod&quot;, expected: &quot;prod&quot;)" computerName="shoppa-fw16-1" duration="00:00:00.0000059" startTime="2025-09-16T23:22:27.2970175+02:00" endTime="2025-09-16T23:22:27.2970176+02:00" testType="13cdc9d9-ddb5-4fa4-a97d-d965ccfc6d4b" outcome="Passed" testListId="8c84fa94-04c1-424b-9868-57a2d4851a1d" relativeResultsDirectory="52b8d3a1-8f86-41cb-a13b-841903909788" />
    <UnitTestResult executionId="e92d0506-6c66-4069-902e-81148d150ca9" testId="185df21f-1c52-7a74-ae0a-070526063ed0" testName="AppStateReconcilerTests.Modified_deleted_on_server_becomes_New" computerName="shoppa-fw16-1" duration="00:00:00.0003099" startTime="2025-09-16T23:22:27.2976147+02:00" endTime="2025-09-16T23:22:27.2976149+02:00" testType="13cdc9d9-ddb5-4fa4-a97d-d965ccfc6d4b" outcome="Passed" testListId="8c84fa94-04c1-424b-9868-57a2d4851a1d" relativeResultsDirectory="e92d0506-6c66-4069-902e-81148d150ca9" />
    <UnitTestResult executionId="8a6c27b6-90db-400e-9d8c-bccf70399956" testId="7c9d88c3-7de9-19d6-9cb6-1e95f83f21c1" testName="ItemFilterTests.Map_range_literal_label_and_regex" computerName="shoppa-fw16-1" duration="00:00:00.0029277" startTime="2025-09-16T23:22:27.2977391+02:00" endTime="2025-09-16T23:22:27.2977391+02:00" testType="13cdc9d9-ddb5-4fa4-a97d-d965ccfc6d4b" outcome="Passed" testListId="8c84fa94-04c1-424b-9868-57a2d4851a1d" relativeResultsDirectory="8a6c27b6-90db-400e-9d8c-bccf70399956" />
    <UnitTestResult executionId="f2185774-bd31-4f5c-8495-170d35bce9a5" testId="9037fe3e-122a-e7cd-a5cf-b21cde9805b6" testName="ItemFilterTests.Visible_any_label_returns_all" computerName="shoppa-fw16-1" duration="00:00:00.0003979" startTime="2025-09-16T23:22:27.2980466+02:00" endTime="2025-09-16T23:22:27.2980466+02:00" testType="13cdc9d9-ddb5-4fa4-a97d-d965ccfc6d4b" outcome="Passed" testListId="8c84fa94-04c1-424b-9868-57a2d4851a1d" relativeResultsDirectory="f2185774-bd31-4f5c-8495-170d35bce9a5" />
    <UnitTestResult executionId="49ceeb54-e45e-4c80-957c-fd85f9c55248" testId="8e4dfe9e-29fc-a433-20c2-c24a72a3a5a3" testName="LabelFilterTests.ForSelector_maps_correctly(input: &quot;dev&quot;, expected: &quot;dev&quot;)" computerName="shoppa-fw16-1" duration="00:00:00.0019171" startTime="2025-09-16T23:22:27.2769742+02:00" endTime="2025-09-16T23:22:27.2769743+02:00" testType="13cdc9d9-ddb5-4fa4-a97d-d965ccfc6d4b" outcome="Passed" testListId="8c84fa94-04c1-424b-9868-57a2d4851a1d" relativeResultsDirectory="49ceeb54-e45e-4c80-957c-fd85f9c55248" />
    <UnitTestResult executionId="e9e69cd3-658a-47d2-89c5-e5ab934c8be0" testId="2d720e36-880f-a0e6-2031-f0c98301c725" testName="ItemFilterTests.Map_range_any_label(start: 1, end: 1, expected: [0])" computerName="shoppa-fw16-1" duration="00:00:00.0000073" startTime="2025-09-16T23:22:27.3013214+02:00" endTime="2025-09-16T23:22:27.3013214+02:00" testType="13cdc9d9-ddb5-4fa4-a97d-d965ccfc6d4b" outcome="Passed" testListId="8c84fa94-04c1-424b-9868-57a2d4851a1d" relativeResultsDirectory="e9e69cd3-658a-47d2-89c5-e5ab934c8be0" />
    <UnitTestResult executionId="1b77dfca-87f5-4041-89a7-8cf22ad155a4" testId="9b809a30-5296-a74c-13e3-ba3a9214922d" testName="ItemFilterTests.Visible_applies_regex_on_shortkey" computerName="shoppa-fw16-1" duration="00:00:00.0035366" startTime="2025-09-16T23:22:27.3021720+02:00" endTime="2025-09-16T23:22:27.3021721+02:00" testType="13cdc9d9-ddb5-4fa4-a97d-d965ccfc6d4b" outcome="Passed" testListId="8c84fa94-04c1-424b-9868-57a2d4851a1d" relativeResultsDirectory="1b77dfca-87f5-4041-89a7-8cf22ad155a4" />
    <UnitTestResult executionId="02307944-5ff6-4fca-841c-4c10429c8247" testId="780717a4-dc45-5d1a-b580-f377557d6d67" testName="FlatKeyMapperTests.BuildTree_creates_objects_arrays_and_values" computerName="shoppa-fw16-1" duration="00:00:00.0176352" startTime="2025-09-16T23:22:27.2752177+02:00" endTime="2025-09-16T23:22:27.2752178+02:00" testType="13cdc9d9-ddb5-4fa4-a97d-d965ccfc6d4b" outcome="Passed" testListId="8c84fa94-04c1-424b-9868-57a2d4851a1d" relativeResultsDirectory="02307944-5ff6-4fca-841c-4c10429c8247" />
    <UnitTestResult executionId="cf6c82f1-f6c7-414b-9cb7-adad5a2e8071" testId="24ea7713-3960-4410-c389-bcc3b5fcbd39" testName="AppStateReconcilerTests.Modified_matching_server_becomes_Unchanged" computerName="shoppa-fw16-1" duration="00:00:00.0025236" startTime="2025-09-16T23:22:27.2974084+02:00" endTime="2025-09-16T23:22:27.2974084+02:00" testType="13cdc9d9-ddb5-4fa4-a97d-d965ccfc6d4b" outcome="Passed" testListId="8c84fa94-04c1-424b-9868-57a2d4851a1d" relativeResultsDirectory="cf6c82f1-f6c7-414b-9cb7-adad5a2e8071" />
    <UnitTestResult executionId="1e15379a-65e5-4cf0-a044-bd65805ef11f" testId="3f47e510-cda8-38f6-3a2e-296a0aeb1605" testName="LabelFilterTests.ForSelector_maps_correctly(input: null, expected: null)" computerName="shoppa-fw16-1" duration="00:00:00.0147702" startTime="2025-09-16T23:22:27.2645529+02:00" endTime="2025-09-16T23:22:27.2645641+02:00" testType="13cdc9d9-ddb5-4fa4-a97d-d965ccfc6d4b" outcome="Passed" testListId="8c84fa94-04c1-424b-9868-57a2d4851a1d" relativeResultsDirectory="1e15379a-65e5-4cf0-a044-bd65805ef11f" />
    <UnitTestResult executionId="0ab64c33-b97e-4171-9f87-2a09569ac1a1" testId="37194a5b-9540-b72a-2fd8-3ed7b18ecc22" testName="ItemFilterTests.Map_range_out_of_bounds_returns_error" computerName="shoppa-fw16-1" duration="00:00:00.0003713" startTime="2025-09-16T23:22:27.3016291+02:00" endTime="2025-09-16T23:22:27.3016292+02:00" testType="13cdc9d9-ddb5-4fa4-a97d-d965ccfc6d4b" outcome="Passed" testListId="8c84fa94-04c1-424b-9868-57a2d4851a1d" relativeResultsDirectory="0ab64c33-b97e-4171-9f87-2a09569ac1a1" />
    <UnitTestResult executionId="886a1da0-dd60-4c56-915f-5a26900bb0cf" testId="420c2de5-eb14-37a1-3bc6-522122aec02c" testName="AppStateReconcilerTests.Deleted_that_is_gone_on_server_is_dropped" computerName="shoppa-fw16-1" duration="00:00:00.0148873" startTime="2025-09-16T23:22:27.2745622+02:00" endTime="2025-09-16T23:22:27.2745623+02:00" testType="13cdc9d9-ddb5-4fa4-a97d-d965ccfc6d4b" outcome="Passed" testListId="8c84fa94-04c1-424b-9868-57a2d4851a1d" relativeResultsDirectory="886a1da0-dd60-4c56-915f-5a26900bb0cf" />
    <UnitTestResult executionId="ee80e5d5-0535-4cf0-9d6d-b1663906ce47" testId="3ab43c05-c101-c138-4a06-0aa6efd63a5f" testName="ItemFilterTests.Visible_indices_match_expected_order" computerName="shoppa-fw16-1" duration="00:00:00.0207001" startTime="2025-09-16T23:22:27.2964796+02:00" endTime="2025-09-16T23:22:27.2964796+02:00" testType="13cdc9d9-ddb5-4fa4-a97d-d965ccfc6d4b" outcome="Passed" testListId="8c84fa94-04c1-424b-9868-57a2d4851a1d" relativeResultsDirectory="ee80e5d5-0535-4cf0-9d6d-b1663906ce47" />
    <UnitTestResult executionId="ac5b8dcd-fd8d-4685-9c02-4e8d9795f8ed" testId="6de2d353-8914-63d9-5b40-fa699064c5a8" testName="LabelFilterTests.ForWrite_maps_correctly(input: &quot;&quot;, expected: null)" computerName="shoppa-fw16-1" duration="00:00:00.0001316" startTime="2025-09-16T23:22:27.2967623+02:00" endTime="2025-09-16T23:22:27.2967623+02:00" testType="13cdc9d9-ddb5-4fa4-a97d-d965ccfc6d4b" outcome="Passed" testListId="8c84fa94-04c1-424b-9868-57a2d4851a1d" relativeResultsDirectory="ac5b8dcd-fd8d-4685-9c02-4e8d9795f8ed" />
    <UnitTestResult executionId="449e03f1-9b34-4a26-94ea-919d0b988f1a" testId="104dceb5-563d-6140-e391-e46ede51c315" testName="FlatKeyMapperTests.Flatten_roundtrips_back_to_flats" computerName="shoppa-fw16-1" duration="00:00:00.0190299" startTime="2025-09-16T23:22:27.3027511+02:00" endTime="2025-09-16T23:22:27.3027511+02:00" testType="13cdc9d9-ddb5-4fa4-a97d-d965ccfc6d4b" outcome="Passed" testListId="8c84fa94-04c1-424b-9868-57a2d4851a1d" relativeResultsDirectory="449e03f1-9b34-4a26-94ea-919d0b988f1a" />
    <UnitTestResult executionId="fa584293-c72d-432f-8599-97f73112d5f0" testId="99df7739-9d13-9497-17d5-a762f0dab85e" testName="LabelFilterTests.ForSelector_maps_correctly(input: &quot;prod&quot;, expected: &quot;prod&quot;)" computerName="shoppa-fw16-1" duration="00:00:00.0001917" startTime="2025-09-16T23:22:27.2772512+02:00" endTime="2025-09-16T23:22:27.2772512+02:00" testType="13cdc9d9-ddb5-4fa4-a97d-d965ccfc6d4b" outcome="Passed" testListId="8c84fa94-04c1-424b-9868-57a2d4851a1d" relativeResultsDirectory="fa584293-c72d-432f-8599-97f73112d5f0" />
  </Results>
  <TestDefinitions>
    <UnitTest name="AppStateReconcilerTests.Deleted_that_is_gone_on_server_is_dropped" storage="/home/mattias/codex-appconfig/tests/appconfigcli.core.tests/bin/debug/net9.0/appconfigcli.core.tests.dll" id="420c2de5-eb14-37a1-3bc6-522122aec02c">
      <Execution id="886a1da0-dd60-4c56-915f-5a26900bb0cf" />
      <TestMethod codeBase="/home/mattias/codex-appconfig/tests/AppConfigCli.Core.Tests/bin/Debug/net9.0/AppConfigCli.Core.Tests.dll" adapterTypeName="executor://xunit/VsTestRunner2/netcoreapp" className="AppStateReconcilerTests" name="Deleted_that_is_gone_on_server_is_dropped" />
    </UnitTest>
    <UnitTest name="ItemFilterTests.Map_range_any_label(start: 1, end: 1, expected: [0])" storage="/home/mattias/codex-appconfig/tests/appconfigcli.core.tests/bin/debug/net9.0/appconfigcli.core.tests.dll" id="2d720e36-880f-a0e6-2031-f0c98301c725">
      <Execution id="e9e69cd3-658a-47d2-89c5-e5ab934c8be0" />
      <TestMethod codeBase="/home/mattias/codex-appconfig/tests/AppConfigCli.Core.Tests/bin/Debug/net9.0/AppConfigCli.Core.Tests.dll" adapterTypeName="executor://xunit/VsTestRunner2/netcoreapp" className="ItemFilterTests" name="Map_range_any_label" />
    </UnitTest>
    <UnitTest name="ItemFilterTests.Map_range_out_of_bounds_returns_error" storage="/home/mattias/codex-appconfig/tests/appconfigcli.core.tests/bin/debug/net9.0/appconfigcli.core.tests.dll" id="37194a5b-9540-b72a-2fd8-3ed7b18ecc22">
      <Execution id="0ab64c33-b97e-4171-9f87-2a09569ac1a1" />
      <TestMethod codeBase="/home/mattias/codex-appconfig/tests/AppConfigCli.Core.Tests/bin/Debug/net9.0/AppConfigCli.Core.Tests.dll" adapterTypeName="executor://xunit/VsTestRunner2/netcoreapp" className="ItemFilterTests" name="Map_range_out_of_bounds_returns_error" />
    </UnitTest>
    <UnitTest name="ItemFilterTests.Map_range_any_label(start: 2, end: 3, expected: [1, 2])" storage="/home/mattias/codex-appconfig/tests/appconfigcli.core.tests/bin/debug/net9.0/appconfigcli.core.tests.dll" id="2f5b9956-c28d-49fa-fd3a-9c80cdbd33db">
      <Execution id="64e7609f-ed5c-4338-b617-277e68995272" />
      <TestMethod codeBase="/home/mattias/codex-appconfig/tests/AppConfigCli.Core.Tests/bin/Debug/net9.0/AppConfigCli.Core.Tests.dll" adapterTypeName="executor://xunit/VsTestRunner2/netcoreapp" className="ItemFilterTests" name="Map_range_any_label" />
    </UnitTest>
    <UnitTest name="ItemFilterTests.Visible_literal_label_returns_only_that_label" storage="/home/mattias/codex-appconfig/tests/appconfigcli.core.tests/bin/debug/net9.0/appconfigcli.core.tests.dll" id="5855942d-8f64-0fc6-3511-75ab8f9c7264">
      <Execution id="4ec75ac8-9b37-47d5-a8a4-704af6b57bb4" />
      <TestMethod codeBase="/home/mattias/codex-appconfig/tests/AppConfigCli.Core.Tests/bin/Debug/net9.0/AppConfigCli.Core.Tests.dll" adapterTypeName="executor://xunit/VsTestRunner2/netcoreapp" className="ItemFilterTests" name="Visible_literal_label_returns_only_that_label" />
    </UnitTest>
    <UnitTest name="AppStateReconcilerTests.Modified_deleted_on_server_becomes_New" storage="/home/mattias/codex-appconfig/tests/appconfigcli.core.tests/bin/debug/net9.0/appconfigcli.core.tests.dll" id="185df21f-1c52-7a74-ae0a-070526063ed0">
      <Execution id="e92d0506-6c66-4069-902e-81148d150ca9" />
      <TestMethod codeBase="/home/mattias/codex-appconfig/tests/AppConfigCli.Core.Tests/bin/Debug/net9.0/AppConfigCli.Core.Tests.dll" adapterTypeName="executor://xunit/VsTestRunner2/netcoreapp" className="AppStateReconcilerTests" name="Modified_deleted_on_server_becomes_New" />
    </UnitTest>
    <UnitTest name="ItemFilterTests.Visible_unlabeled_returns_only_empty_label" storage="/home/mattias/codex-appconfig/tests/appconfigcli.core.tests/bin/debug/net9.0/appconfigcli.core.tests.dll" id="3035024e-cb3c-39b1-eba9-192ba9ed2f26">
      <Execution id="01cdc0da-d029-4af1-a783-b3c243db6e4c" />
      <TestMethod codeBase="/home/mattias/codex-appconfig/tests/AppConfigCli.Core.Tests/bin/Debug/net9.0/AppConfigCli.Core.Tests.dll" adapterTypeName="executor://xunit/VsTestRunner2/netcoreapp" className="ItemFilterTests" name="Visible_unlabeled_returns_only_empty_label" />
    </UnitTest>
    <UnitTest name="ItemFilterTests.Map_range_any_label(start: 1, end: 2, expected: [0, 1])" storage="/home/mattias/codex-appconfig/tests/appconfigcli.core.tests/bin/debug/net9.0/appconfigcli.core.tests.dll" id="4785ef82-9710-69b5-2b57-210f3f16bfdf">
      <Execution id="38333e84-cb1d-4b5a-b1e2-fb0660c659f2" />
      <TestMethod codeBase="/home/mattias/codex-appconfig/tests/AppConfigCli.Core.Tests/bin/Debug/net9.0/AppConfigCli.Core.Tests.dll" adapterTypeName="executor://xunit/VsTestRunner2/netcoreapp" className="ItemFilterTests" name="Map_range_any_label" />
    </UnitTest>
    <UnitTest name="ItemFilterTests.Map_range_literal_label_and_regex" storage="/home/mattias/codex-appconfig/tests/appconfigcli.core.tests/bin/debug/net9.0/appconfigcli.core.tests.dll" id="7c9d88c3-7de9-19d6-9cb6-1e95f83f21c1">
      <Execution id="8a6c27b6-90db-400e-9d8c-bccf70399956" />
      <TestMethod codeBase="/home/mattias/codex-appconfig/tests/AppConfigCli.Core.Tests/bin/Debug/net9.0/AppConfigCli.Core.Tests.dll" adapterTypeName="executor://xunit/VsTestRunner2/netcoreapp" className="ItemFilterTests" name="Map_range_literal_label_and_regex" />
    </UnitTest>
    <UnitTest name="LabelFilterTests.ForSelector_maps_correctly(input: &quot;prod&quot;, expected: &quot;prod&quot;)" storage="/home/mattias/codex-appconfig/tests/appconfigcli.core.tests/bin/debug/net9.0/appconfigcli.core.tests.dll" id="99df7739-9d13-9497-17d5-a762f0dab85e">
      <Execution id="fa584293-c72d-432f-8599-97f73112d5f0" />
      <TestMethod codeBase="/home/mattias/codex-appconfig/tests/AppConfigCli.Core.Tests/bin/Debug/net9.0/AppConfigCli.Core.Tests.dll" adapterTypeName="executor://xunit/VsTestRunner2/netcoreapp" className="LabelFilterTests" name="ForSelector_maps_correctly" />
    </UnitTest>
    <UnitTest name="ItemFilterTests.Visible_applies_regex_on_shortkey" storage="/home/mattias/codex-appconfig/tests/appconfigcli.core.tests/bin/debug/net9.0/appconfigcli.core.tests.dll" id="9b809a30-5296-a74c-13e3-ba3a9214922d">
      <Execution id="1b77dfca-87f5-4041-89a7-8cf22ad155a4" />
      <TestMethod codeBase="/home/mattias/codex-appconfig/tests/AppConfigCli.Core.Tests/bin/Debug/net9.0/AppConfigCli.Core.Tests.dll" adapterTypeName="executor://xunit/VsTestRunner2/netcoreapp" className="ItemFilterTests" name="Visible_applies_regex_on_shortkey" />
    </UnitTest>
    <UnitTest name="LabelFilterTests.ForWrite_maps_correctly(input: &quot;dev&quot;, expected: &quot;dev&quot;)" storage="/home/mattias/codex-appconfig/tests/appconfigcli.core.tests/bin/debug/net9.0/appconfigcli.core.tests.dll" id="46bcd91f-5c38-841d-c5a0-4ecacdbbdd07">
      <Execution id="39fb6992-5fc7-49c0-9d05-bb8e49723e9d" />
      <TestMethod codeBase="/home/mattias/codex-appconfig/tests/AppConfigCli.Core.Tests/bin/Debug/net9.0/AppConfigCli.Core.Tests.dll" adapterTypeName="executor://xunit/VsTestRunner2/netcoreapp" className="LabelFilterTests" name="ForWrite_maps_correctly" />
    </UnitTest>
    <UnitTest name="LabelFilterTests.ForWrite_maps_correctly(input: &quot;prod&quot;, expected: &quot;prod&quot;)" storage="/home/mattias/codex-appconfig/tests/appconfigcli.core.tests/bin/debug/net9.0/appconfigcli.core.tests.dll" id="99f03c58-a80e-a3a9-bf9e-4ac8779a3bb8">
      <Execution id="52b8d3a1-8f86-41cb-a13b-841903909788" />
      <TestMethod codeBase="/home/mattias/codex-appconfig/tests/AppConfigCli.Core.Tests/bin/Debug/net9.0/AppConfigCli.Core.Tests.dll" adapterTypeName="executor://xunit/VsTestRunner2/netcoreapp" className="LabelFilterTests" name="ForWrite_maps_correctly" />
    </UnitTest>
    <UnitTest name="LabelFilterTests.ForWrite_maps_correctly(input: null, expected: null)" storage="/home/mattias/codex-appconfig/tests/appconfigcli.core.tests/bin/debug/net9.0/appconfigcli.core.tests.dll" id="9e9e30ae-91b6-58a0-625a-1cde020cb68c">
      <Execution id="4f25583f-ab86-40ce-b97a-6e266a0ea4ec" />
      <TestMethod codeBase="/home/mattias/codex-appconfig/tests/AppConfigCli.Core.Tests/bin/Debug/net9.0/AppConfigCli.Core.Tests.dll" adapterTypeName="executor://xunit/VsTestRunner2/netcoreapp" className="LabelFilterTests" name="ForWrite_maps_correctly" />
    </UnitTest>
    <UnitTest name="FlatKeyMapperTests.Flatten_roundtrips_back_to_flats" storage="/home/mattias/codex-appconfig/tests/appconfigcli.core.tests/bin/debug/net9.0/appconfigcli.core.tests.dll" id="104dceb5-563d-6140-e391-e46ede51c315">
      <Execution id="449e03f1-9b34-4a26-94ea-919d0b988f1a" />
      <TestMethod codeBase="/home/mattias/codex-appconfig/tests/AppConfigCli.Core.Tests/bin/Debug/net9.0/AppConfigCli.Core.Tests.dll" adapterTypeName="executor://xunit/VsTestRunner2/netcoreapp" className="FlatKeyMapperTests" name="Flatten_roundtrips_back_to_flats" />
    </UnitTest>
    <UnitTest name="LabelFilterTests.ForWrite_maps_correctly(input: &quot;&quot;, expected: null)" storage="/home/mattias/codex-appconfig/tests/appconfigcli.core.tests/bin/debug/net9.0/appconfigcli.core.tests.dll" id="6de2d353-8914-63d9-5b40-fa699064c5a8">
      <Execution id="ac5b8dcd-fd8d-4685-9c02-4e8d9795f8ed" />
      <TestMethod codeBase="/home/mattias/codex-appconfig/tests/AppConfigCli.Core.Tests/bin/Debug/net9.0/AppConfigCli.Core.Tests.dll" adapterTypeName="executor://xunit/VsTestRunner2/netcoreapp" className="LabelFilterTests" name="ForWrite_maps_correctly" />
    </UnitTest>
    <UnitTest name="ItemFilterTests.Visible_any_label_returns_all" storage="/home/mattias/codex-appconfig/tests/appconfigcli.core.tests/bin/debug/net9.0/appconfigcli.core.tests.dll" id="9037fe3e-122a-e7cd-a5cf-b21cde9805b6">
      <Execution id="f2185774-bd31-4f5c-8495-170d35bce9a5" />
      <TestMethod codeBase="/home/mattias/codex-appconfig/tests/AppConfigCli.Core.Tests/bin/Debug/net9.0/AppConfigCli.Core.Tests.dll" adapterTypeName="executor://xunit/VsTestRunner2/netcoreapp" className="ItemFilterTests" name="Visible_any_label_returns_all" />
    </UnitTest>
    <UnitTest name="LabelFilterTests.ForSelector_maps_correctly(input: &quot;&quot;, expected: &quot;\0&quot;)" storage="/home/mattias/codex-appconfig/tests/appconfigcli.core.tests/bin/debug/net9.0/appconfigcli.core.tests.dll" id="b8ed0044-c78b-22f1-4699-f739baf5a488">
      <Execution id="376ce51d-7501-49ff-9c39-abd0722f81a0" />
      <TestMethod codeBase="/home/mattias/codex-appconfig/tests/AppConfigCli.Core.Tests/bin/Debug/net9.0/AppConfigCli.Core.Tests.dll" adapterTypeName="executor://xunit/VsTestRunner2/netcoreapp" className="LabelFilterTests" name="ForSelector_maps_correctly" />
    </UnitTest>
    <UnitTest name="LabelFilterTests.ForSelector_maps_correctly(input: &quot;dev&quot;, expected: &quot;dev&quot;)" storage="/home/mattias/codex-appconfig/tests/appconfigcli.core.tests/bin/debug/net9.0/appconfigcli.core.tests.dll" id="8e4dfe9e-29fc-a433-20c2-c24a72a3a5a3">
      <Execution id="49ceeb54-e45e-4c80-957c-fd85f9c55248" />
      <TestMethod codeBase="/home/mattias/codex-appconfig/tests/AppConfigCli.Core.Tests/bin/Debug/net9.0/AppConfigCli.Core.Tests.dll" adapterTypeName="executor://xunit/VsTestRunner2/netcoreapp" className="LabelFilterTests" name="ForSelector_maps_correctly" />
    </UnitTest>
    <UnitTest name="FlatKeyMapperTests.BuildTree_creates_objects_arrays_and_values" storage="/home/mattias/codex-appconfig/tests/appconfigcli.core.tests/bin/debug/net9.0/appconfigcli.core.tests.dll" id="780717a4-dc45-5d1a-b580-f377557d6d67">
      <Execution id="02307944-5ff6-4fca-841c-4c10429c8247" />
      <TestMethod codeBase="/home/mattias/codex-appconfig/tests/AppConfigCli.Core.Tests/bin/Debug/net9.0/AppConfigCli.Core.Tests.dll" adapterTypeName="executor://xunit/VsTestRunner2/netcoreapp" className="FlatKeyMapperTests" name="BuildTree_creates_objects_arrays_and_values" />
    </UnitTest>
    <UnitTest name="ItemFilterTests.Visible_indices_match_expected_order" storage="/home/mattias/codex-appconfig/tests/appconfigcli.core.tests/bin/debug/net9.0/appconfigcli.core.tests.dll" id="3ab43c05-c101-c138-4a06-0aa6efd63a5f">
      <Execution id="ee80e5d5-0535-4cf0-9d6d-b1663906ce47" />
      <TestMethod codeBase="/home/mattias/codex-appconfig/tests/AppConfigCli.Core.Tests/bin/Debug/net9.0/AppConfigCli.Core.Tests.dll" adapterTypeName="executor://xunit/VsTestRunner2/netcoreapp" className="ItemFilterTests" name="Visible_indices_match_expected_order" />
    </UnitTest>
    <UnitTest name="AppStateReconcilerTests.Modified_matching_server_becomes_Unchanged" storage="/home/mattias/codex-appconfig/tests/appconfigcli.core.tests/bin/debug/net9.0/appconfigcli.core.tests.dll" id="24ea7713-3960-4410-c389-bcc3b5fcbd39">
      <Execution id="cf6c82f1-f6c7-414b-9cb7-adad5a2e8071" />
      <TestMethod codeBase="/home/mattias/codex-appconfig/tests/AppConfigCli.Core.Tests/bin/Debug/net9.0/AppConfigCli.Core.Tests.dll" adapterTypeName="executor://xunit/VsTestRunner2/netcoreapp" className="AppStateReconcilerTests" name="Modified_matching_server_becomes_Unchanged" />
    </UnitTest>
    <UnitTest name="LabelFilterTests.ForSelector_maps_correctly(input: null, expected: null)" storage="/home/mattias/codex-appconfig/tests/appconfigcli.core.tests/bin/debug/net9.0/appconfigcli.core.tests.dll" id="3f47e510-cda8-38f6-3a2e-296a0aeb1605">
      <Execution id="1e15379a-65e5-4cf0-a044-bd65805ef11f" />
      <TestMethod codeBase="/home/mattias/codex-appconfig/tests/AppConfigCli.Core.Tests/bin/Debug/net9.0/AppConfigCli.Core.Tests.dll" adapterTypeName="executor://xunit/VsTestRunner2/netcoreapp" className="LabelFilterTests" name="ForSelector_maps_correctly" />
    </UnitTest>
  </TestDefinitions>
  <TestEntries>
    <TestEntry testId="2f5b9956-c28d-49fa-fd3a-9c80cdbd33db" executionId="64e7609f-ed5c-4338-b617-277e68995272" testListId="8c84fa94-04c1-424b-9868-57a2d4851a1d" />
    <TestEntry testId="4785ef82-9710-69b5-2b57-210f3f16bfdf" executionId="38333e84-cb1d-4b5a-b1e2-fb0660c659f2" testListId="8c84fa94-04c1-424b-9868-57a2d4851a1d" />
    <TestEntry testId="3035024e-cb3c-39b1-eba9-192ba9ed2f26" executionId="01cdc0da-d029-4af1-a783-b3c243db6e4c" testListId="8c84fa94-04c1-424b-9868-57a2d4851a1d" />
    <TestEntry testId="46bcd91f-5c38-841d-c5a0-4ecacdbbdd07" executionId="39fb6992-5fc7-49c0-9d05-bb8e49723e9d" testListId="8c84fa94-04c1-424b-9868-57a2d4851a1d" />
    <TestEntry testId="5855942d-8f64-0fc6-3511-75ab8f9c7264" executionId="4ec75ac8-9b37-47d5-a8a4-704af6b57bb4" testListId="8c84fa94-04c1-424b-9868-57a2d4851a1d" />
    <TestEntry testId="9e9e30ae-91b6-58a0-625a-1cde020cb68c" executionId="4f25583f-ab86-40ce-b97a-6e266a0ea4ec" testListId="8c84fa94-04c1-424b-9868-57a2d4851a1d" />
    <TestEntry testId="b8ed0044-c78b-22f1-4699-f739baf5a488" executionId="376ce51d-7501-49ff-9c39-abd0722f81a0" testListId="8c84fa94-04c1-424b-9868-57a2d4851a1d" />
    <TestEntry testId="99f03c58-a80e-a3a9-bf9e-4ac8779a3bb8" executionId="52b8d3a1-8f86-41cb-a13b-841903909788" testListId="8c84fa94-04c1-424b-9868-57a2d4851a1d" />
    <TestEntry testId="185df21f-1c52-7a74-ae0a-070526063ed0" executionId="e92d0506-6c66-4069-902e-81148d150ca9" testListId="8c84fa94-04c1-424b-9868-57a2d4851a1d" />
    <TestEntry testId="7c9d88c3-7de9-19d6-9cb6-1e95f83f21c1" executionId="8a6c27b6-90db-400e-9d8c-bccf70399956" testListId="8c84fa94-04c1-424b-9868-57a2d4851a1d" />
    <TestEntry testId="9037fe3e-122a-e7cd-a5cf-b21cde9805b6" executionId="f2185774-bd31-4f5c-8495-170d35bce9a5" testListId="8c84fa94-04c1-424b-9868-57a2d4851a1d" />
    <TestEntry testId="8e4dfe9e-29fc-a433-20c2-c24a72a3a5a3" executionId="49ceeb54-e45e-4c80-957c-fd85f9c55248" testListId="8c84fa94-04c1-424b-9868-57a2d4851a1d" />
    <TestEntry testId="2d720e36-880f-a0e6-2031-f0c98301c725" executionId="e9e69cd3-658a-47d2-89c5-e5ab934c8be0" testListId="8c84fa94-04c1-424b-9868-57a2d4851a1d" />
    <TestEntry testId="9b809a30-5296-a74c-13e3-ba3a9214922d" executionId="1b77dfca-87f5-4041-89a7-8cf22ad155a4" testListId="8c84fa94-04c1-424b-9868-57a2d4851a1d" />
    <TestEntry testId="780717a4-dc45-5d1a-b580-f377557d6d67" executionId="02307944-5ff6-4fca-841c-4c10429c8247" testListId="8c84fa94-04c1-424b-9868-57a2d4851a1d" />
    <TestEntry testId="24ea7713-3960-4410-c389-bcc3b5fcbd39" executionId="cf6c82f1-f6c7-414b-9cb7-adad5a2e8071" testListId="8c84fa94-04c1-424b-9868-57a2d4851a1d" />
    <TestEntry testId="3f47e510-cda8-38f6-3a2e-296a0aeb1605" executionId="1e15379a-65e5-4cf0-a044-bd65805ef11f" testListId="8c84fa94-04c1-424b-9868-57a2d4851a1d" />
    <TestEntry testId="37194a5b-9540-b72a-2fd8-3ed7b18ecc22" executionId="0ab64c33-b97e-4171-9f87-2a09569ac1a1" testListId="8c84fa94-04c1-424b-9868-57a2d4851a1d" />
    <TestEntry testId="420c2de5-eb14-37a1-3bc6-522122aec02c" executionId="886a1da0-dd60-4c56-915f-5a26900bb0cf" testListId="8c84fa94-04c1-424b-9868-57a2d4851a1d" />
    <TestEntry testId="3ab43c05-c101-c138-4a06-0aa6efd63a5f" executionId="ee80e5d5-0535-4cf0-9d6d-b1663906ce47" testListId="8c84fa94-04c1-424b-9868-57a2d4851a1d" />
    <TestEntry testId="6de2d353-8914-63d9-5b40-fa699064c5a8" executionId="ac5b8dcd-fd8d-4685-9c02-4e8d9795f8ed" testListId="8c84fa94-04c1-424b-9868-57a2d4851a1d" />
    <TestEntry testId="104dceb5-563d-6140-e391-e46ede51c315" executionId="449e03f1-9b34-4a26-94ea-919d0b988f1a" testListId="8c84fa94-04c1-424b-9868-57a2d4851a1d" />
    <TestEntry testId="99df7739-9d13-9497-17d5-a762f0dab85e" executionId="fa584293-c72d-432f-8599-97f73112d5f0" testListId="8c84fa94-04c1-424b-9868-57a2d4851a1d" />
  </TestEntries>
  <TestLists>
    <TestList name="Results Not in a List" id="8c84fa94-04c1-424b-9868-57a2d4851a1d" />
    <TestList name="All Loaded Results" id="19431567-8539-422a-85d7-44ee4e166bda" />
  </TestLists>
  <ResultSummary outcome="Completed">
    <Counters total="23" executed="23" passed="23" failed="0" error="0" timeout="0" aborted="0" inconclusive="0" passedButRunAborted="0" notRunnable="0" notExecuted="0" disconnected="0" warning="0" completed="0" inProgress="0" pending="0" />
    <Output>
      <StdOut>[xUnit.net 00:00:00.00] xUnit.net VSTest Adapter v2.8.2+699d445a1a (64-bit .NET 9.0.9)
[xUnit.net 00:00:00.05]   Discovering: AppConfigCli.Core.Tests
[xUnit.net 00:00:00.09]   Discovered:  AppConfigCli.Core.Tests
[xUnit.net 00:00:00.09]   Starting:    AppConfigCli.Core.Tests
[xUnit.net 00:00:00.19]   Finished:    AppConfigCli.Core.Tests
</StdOut>
    </Output>
    <CollectorDataEntries>
      <Collector agentName="shoppa-fw16-1" uri="datacollector://microsoft/CoverletCodeCoverage/1.0" collectorDisplayName="XPlat code coverage">
        <UriAttachments>
          <UriAttachment>
            <A href="shoppa-fw16-1/coverage.cobertura.xml"></A>
          </UriAttachment>
        </UriAttachments>
      </Collector>
    </CollectorDataEntries>
  </ResultSummary>
</TestRun>