<?xml version="1.0" encoding="utf-8"?>
<TestRun id="441a7dd7-9b70-4f5b-a0df-a1f47d929f32" name="@shoppa-fw16-1 2025-09-16 23:37:01" xmlns="http://microsoft.com/schemas/VisualStudio/TeamTest/2010">
  <Times creation="2025-09-16T23:37:01.3383025+02:00" queuing="2025-09-16T23:37:01.3383026+02:00" start="2025-09-16T23:37:00.2916137+02:00" finish="2025-09-16T23:37:01.5502520+02:00" />
  <TestSettings name="default" id="b9f933b1-bbf4-41b3-a0ef-1c6a4df4436a">
    <Deployment runDeploymentRoot="_shoppa-fw16-1_2025-09-16_23_37_01" />
  </TestSettings>
  <Results>
    <UnitTestResult executionId="0af7e10b-70f6-4e6d-b202-42616b9ac027" testId="9e9e30ae-91b6-58a0-625a-1cde020cb68c" testName="LabelFilterTests.ForWrite_maps_correctly(input: null, expected: null)" computerName="shoppa-fw16-1" duration="00:00:00.0000080" startTime="2025-09-16T23:37:01.3158660+02:00" endTime="2025-09-16T23:37:01.3158661+02:00" testType="13cdc9d9-ddb5-4fa4-a97d-d965ccfc6d4b" outcome="Passed" testListId="8c84fa94-04c1-424b-9868-57a2d4851a1d" relativeResultsDirectory="0af7e10b-70f6-4e6d-b202-42616b9ac027" />
    <UnitTestResult executionId="5b61cfbf-3592-4138-abc0-3a07c297a863" testId="e67e90b8-7042-8837-a783-d650b34cd8e1" testName="RepositoryTests.InMemory_Upsert_and_Delete_roundtrip" computerName="shoppa-fw16-1" duration="00:00:00.0216928" startTime="2025-09-16T23:37:01.2929155+02:00" endTime="2025-09-16T23:37:01.2929155+02:00" testType="13cdc9d9-ddb5-4fa4-a97d-d965ccfc6d4b" outcome="Passed" testListId="8c84fa94-04c1-424b-9868-57a2d4851a1d" relativeResultsDirectory="5b61cfbf-3592-4138-abc0-3a07c297a863" />
    <UnitTestResult executionId="b730457f-ad49-4d18-843c-e78df03f6de9" testId="185df21f-1c52-7a74-ae0a-070526063ed0" testName="AppStateReconcilerTests.Modified_deleted_on_server_becomes_New" computerName="shoppa-fw16-1" duration="00:00:00.0008174" startTime="2025-09-16T23:37:01.3179847+02:00" endTime="2025-09-16T23:37:01.3179848+02:00" testType="13cdc9d9-ddb5-4fa4-a97d-d965ccfc6d4b" outcome="Passed" testListId="8c84fa94-04c1-424b-9868-57a2d4851a1d" relativeResultsDirectory="b730457f-ad49-4d18-843c-e78df03f6de9" />
    <UnitTestResult executionId="2978fa4f-6767-46dc-8452-1a55cc97b9dc" testId="9976085b-4a5b-0cc8-adb9-217891cca648" testName="ChangeApplierTests.Duplicate_delete_and_modify_results_in_single_upsert" computerName="shoppa-fw16-1" duration="00:00:00.0002999" startTime="2025-09-16T23:37:01.3220234+02:00" endTime="2025-09-16T23:37:01.3220235+02:00" testType="13cdc9d9-ddb5-4fa4-a97d-d965ccfc6d4b" outcome="Passed" testListId="8c84fa94-04c1-424b-9868-57a2d4851a1d" relativeResultsDirectory="2978fa4f-6767-46dc-8452-1a55cc97b9dc" />
    <UnitTestResult executionId="704413c9-1931-4d1f-a70f-60778fb301b4" testId="3035024e-cb3c-39b1-eba9-192ba9ed2f26" testName="ItemFilterTests.Visible_unlabeled_returns_only_empty_label" computerName="shoppa-fw16-1" duration="00:00:00.0001551" startTime="2025-09-16T23:37:01.3201047+02:00" endTime="2025-09-16T23:37:01.3201048+02:00" testType="13cdc9d9-ddb5-4fa4-a97d-d965ccfc6d4b" outcome="Passed" testListId="8c84fa94-04c1-424b-9868-57a2d4851a1d" relativeResultsDirectory="704413c9-1931-4d1f-a70f-60778fb301b4" />
    <UnitTestResult executionId="2ea26ca5-31f1-4b56-aca4-8ee6e2f72219" testId="5b4cc69a-3a28-7657-e958-1b020a501f97" testName="RepositoryTests.InMemory_List_filters_by_prefix_and_label" computerName="shoppa-fw16-1" duration="00:00:00.0027408" startTime="2025-09-16T23:37:01.3178351+02:00" endTime="2025-09-16T23:37:01.3178351+02:00" testType="13cdc9d9-ddb5-4fa4-a97d-d965ccfc6d4b" outcome="Passed" testListId="8c84fa94-04c1-424b-9868-57a2d4851a1d" relativeResultsDirectory="2ea26ca5-31f1-4b56-aca4-8ee6e2f72219" />
    <UnitTestResult executionId="6eb061b9-9396-4ba3-8025-244ca522c9f2" testId="780717a4-dc45-5d1a-b580-f377557d6d67" testName="FlatKeyMapperTests.BuildTree_creates_objects_arrays_and_values" computerName="shoppa-fw16-1" duration="00:00:00.0232805" startTime="2025-09-16T23:37:01.3159906+02:00" endTime="2025-09-16T23:37:01.3159907+02:00" testType="13cdc9d9-ddb5-4fa4-a97d-d965ccfc6d4b" outcome="Passed" testListId="8c84fa94-04c1-424b-9868-57a2d4851a1d" relativeResultsDirectory="6eb061b9-9396-4ba3-8025-244ca522c9f2" />
    <UnitTestResult executionId="05b17150-d2a2-4d5b-b9d5-d791b35bc290" testId="6de2d353-8914-63d9-5b40-fa699064c5a8" testName="LabelFilterTests.ForWrite_maps_correctly(input: &quot;&quot;, expected: null)" computerName="shoppa-fw16-1" duration="00:00:00.0002569" startTime="2025-09-16T23:37:01.3152872+02:00" endTime="2025-09-16T23:37:01.3152872+02:00" testType="13cdc9d9-ddb5-4fa4-a97d-d965ccfc6d4b" outcome="Passed" testListId="8c84fa94-04c1-424b-9868-57a2d4851a1d" relativeResultsDirectory="05b17150-d2a2-4d5b-b9d5-d791b35bc290" />
    <UnitTestResult executionId="45ad8b5f-9bec-4c23-aa6d-14fd8851e9d1" testId="9037fe3e-122a-e7cd-a5cf-b21cde9805b6" testName="ItemFilterTests.Visible_any_label_returns_all" computerName="shoppa-fw16-1" duration="00:00:00.0003728" startTime="2025-09-16T23:37:01.3185328+02:00" endTime="2025-09-16T23:37:01.3185328+02:00" testType="13cdc9d9-ddb5-4fa4-a97d-d965ccfc6d4b" outcome="Passed" testListId="8c84fa94-04c1-424b-9868-57a2d4851a1d" relativeResultsDirectory="45ad8b5f-9bec-4c23-aa6d-14fd8851e9d1" />
    <UnitTestResult executionId="3d1e39fe-fc86-4633-87a4-88905fbf8bf6" testId="8e4dfe9e-29fc-a433-20c2-c24a72a3a5a3" testName="LabelFilterTests.ForSelector_maps_correctly(input: &quot;dev&quot;, expected: &quot;dev&quot;)" computerName="shoppa-fw16-1" duration="00:00:00.0014977" startTime="2025-09-16T23:37:01.2931858+02:00" endTime="2025-09-16T23:37:01.2931859+02:00" testType="13cdc9d9-ddb5-4fa4-a97d-d965ccfc6d4b" outcome="Passed" testListId="8c84fa94-04c1-424b-9868-57a2d4851a1d" relativeResultsDirectory="3d1e39fe-fc86-4633-87a4-88905fbf8bf6" />
    <UnitTestResult executionId="a54f03c1-7ba7-42ed-ad2c-290e68208069" testId="3f47e510-cda8-38f6-3a2e-296a0aeb1605" testName="LabelFilterTests.ForSelector_maps_correctly(input: null, expected: null)" computerName="shoppa-fw16-1" duration="00:00:00.0169457" startTime="2025-09-16T23:37:01.2914437+02:00" endTime="2025-09-16T23:37:01.2914437+02:00" testType="13cdc9d9-ddb5-4fa4-a97d-d965ccfc6d4b" outcome="Passed" testListId="8c84fa94-04c1-424b-9868-57a2d4851a1d" relativeResultsDirectory="a54f03c1-7ba7-42ed-ad2c-290e68208069" />
    <UnitTestResult executionId="8af381c1-ba97-4595-a180-94aa1ab59159" testId="99df7739-9d13-9497-17d5-a762f0dab85e" testName="LabelFilterTests.ForSelector_maps_correctly(input: &quot;prod&quot;, expected: &quot;prod&quot;)" computerName="shoppa-fw16-1" duration="00:00:00.0000113" startTime="2025-09-16T23:37:01.3141716+02:00" endTime="2025-09-16T23:37:01.3141717+02:00" testType="13cdc9d9-ddb5-4fa4-a97d-d965ccfc6d4b" outcome="Passed" testListId="8c84fa94-04c1-424b-9868-57a2d4851a1d" relativeResultsDirectory="8af381c1-ba97-4595-a180-94aa1ab59159" />
    <UnitTestResult executionId="38dea2b2-1228-407f-a334-3613bf04914a" testId="4785ef82-9710-69b5-2b57-210f3f16bfdf" testName="ItemFilterTests.Map_range_any_label(start: 1, end: 2, expected: [0, 1])" computerName="shoppa-fw16-1" duration="00:00:00.0007974" startTime="2025-09-16T23:37:01.3188276+02:00" endTime="2025-09-16T23:37:01.3188277+02:00" testType="13cdc9d9-ddb5-4fa4-a97d-d965ccfc6d4b" outcome="Passed" testListId="8c84fa94-04c1-424b-9868-57a2d4851a1d" relativeResultsDirectory="38dea2b2-1228-407f-a334-3613bf04914a" />
    <UnitTestResult executionId="aa892416-1c32-4f8e-94ca-e9856646a36c" testId="bb49bb29-eadb-b43a-12ab-c38e498dc669" testName="ChangeApplierTests.Deleted_becomes_delete_with_label_mapping" computerName="shoppa-fw16-1" duration="00:00:00.0003816" startTime="2025-09-16T23:37:01.3214742+02:00" endTime="2025-09-16T23:37:01.3214743+02:00" testType="13cdc9d9-ddb5-4fa4-a97d-d965ccfc6d4b" outcome="Passed" testListId="8c84fa94-04c1-424b-9868-57a2d4851a1d" relativeResultsDirectory="aa892416-1c32-4f8e-94ca-e9856646a36c" />
    <UnitTestResult executionId="ef6a7d15-ef9e-462c-8d95-4c44d547e314" testId="104dceb5-563d-6140-e391-e46ede51c315" testName="FlatKeyMapperTests.Flatten_roundtrips_back_to_flats" computerName="shoppa-fw16-1" duration="00:00:00.0180182" startTime="2025-09-16T23:37:01.3207687+02:00" endTime="2025-09-16T23:37:01.3207687+02:00" testType="13cdc9d9-ddb5-4fa4-a97d-d965ccfc6d4b" outcome="Passed" testListId="8c84fa94-04c1-424b-9868-57a2d4851a1d" relativeResultsDirectory="ef6a7d15-ef9e-462c-8d95-4c44d547e314" />
    <UnitTestResult executionId="ee67b043-1896-43a0-a00c-069253d8ce14" testId="37194a5b-9540-b72a-2fd8-3ed7b18ecc22" testName="ItemFilterTests.Map_range_out_of_bounds_returns_error" computerName="shoppa-fw16-1" duration="00:00:00.0004850" startTime="2025-09-16T23:37:01.3196086+02:00" endTime="2025-09-16T23:37:01.3196087+02:00" testType="13cdc9d9-ddb5-4fa4-a97d-d965ccfc6d4b" outcome="Passed" testListId="8c84fa94-04c1-424b-9868-57a2d4851a1d" relativeResultsDirectory="ee67b043-1896-43a0-a00c-069253d8ce14" />
    <UnitTestResult executionId="892d04e0-28a6-4f51-a96c-4124fea09848" testId="d9d46edb-e375-78e2-c1c2-51b550801c82" testName="ChangeApplierTests.Last_new_wins_among_duplicates" computerName="shoppa-fw16-1" duration="00:00:00.0478062" startTime="2025-09-16T23:37:01.3208734+02:00" endTime="2025-09-16T23:37:01.3208734+02:00" testType="13cdc9d9-ddb5-4fa4-a97d-d965ccfc6d4b" outcome="Passed" testListId="8c84fa94-04c1-424b-9868-57a2d4851a1d" relativeResultsDirectory="892d04e0-28a6-4f51-a96c-4124fea09848" />
    <UnitTestResult executionId="5755868d-3810-43c5-b774-ac80d84d5136" testId="5855942d-8f64-0fc6-3511-75ab8f9c7264" testName="ItemFilterTests.Visible_literal_label_returns_only_that_label" computerName="shoppa-fw16-1" duration="00:00:00.0005171" startTime="2025-09-16T23:37:01.3206117+02:00" endTime="2025-09-16T23:37:01.3206118+02:00" testType="13cdc9d9-ddb5-4fa4-a97d-d965ccfc6d4b" outcome="Passed" testListId="8c84fa94-04c1-424b-9868-57a2d4851a1d" relativeResultsDirectory="5755868d-3810-43c5-b774-ac80d84d5136" />
    <UnitTestResult executionId="c1c43252-4ca8-4788-b664-a81cd681a8bf" testId="3ab43c05-c101-c138-4a06-0aa6efd63a5f" testName="ItemFilterTests.Visible_indices_match_expected_order" computerName="shoppa-fw16-1" duration="00:00:00.0242987" startTime="2025-09-16T23:37:01.3175669+02:00" endTime="2025-09-16T23:37:01.3175669+02:00" testType="13cdc9d9-ddb5-4fa4-a97d-d965ccfc6d4b" outcome="Passed" testListId="8c84fa94-04c1-424b-9868-57a2d4851a1d" relativeResultsDirectory="c1c43252-4ca8-4788-b664-a81cd681a8bf" />
    <UnitTestResult executionId="53e643a5-df99-48ec-ba01-b4f60677e232" testId="2d720e36-880f-a0e6-2031-f0c98301c725" testName="ItemFilterTests.Map_range_any_label(start: 1, end: 1, expected: [0])" computerName="shoppa-fw16-1" duration="00:00:00.0000121" startTime="2025-09-16T23:37:01.3193430+02:00" endTime="2025-09-16T23:37:01.3193430+02:00" testType="13cdc9d9-ddb5-4fa4-a97d-d965ccfc6d4b" outcome="Passed" testListId="8c84fa94-04c1-424b-9868-57a2d4851a1d" relativeResultsDirectory="53e643a5-df99-48ec-ba01-b4f60677e232" />
    <UnitTestResult executionId="08cc0732-bd0f-44c4-a375-87467c5a10a9" testId="46bcd91f-5c38-841d-c5a0-4ecacdbbdd07" testName="LabelFilterTests.ForWrite_maps_correctly(input: &quot;dev&quot;, expected: &quot;dev&quot;)" computerName="shoppa-fw16-1" duration="00:00:00.0001278" startTime="2025-09-16T23:37:01.3150138+02:00" endTime="2025-09-16T23:37:01.3150138+02:00" testType="13cdc9d9-ddb5-4fa4-a97d-d965ccfc6d4b" outcome="Passed" testListId="8c84fa94-04c1-424b-9868-57a2d4851a1d" relativeResultsDirectory="08cc0732-bd0f-44c4-a375-87467c5a10a9" />
    <UnitTestResult executionId="059e0f0f-20c1-48a7-a275-0f9d48d6de59" testId="24ea7713-3960-4410-c389-bcc3b5fcbd39" testName="AppStateReconcilerTests.Modified_matching_server_becomes_Unchanged" computerName="shoppa-fw16-1" duration="00:00:00.0028134" startTime="2025-09-16T23:37:01.3162939+02:00" endTime="2025-09-16T23:37:01.3162940+02:00" testType="13cdc9d9-ddb5-4fa4-a97d-d965ccfc6d4b" outcome="Passed" testListId="8c84fa94-04c1-424b-9868-57a2d4851a1d" relativeResultsDirectory="059e0f0f-20c1-48a7-a275-0f9d48d6de59" />
    <UnitTestResult executionId="57d2f76c-aa7d-496e-8523-b964d85af099" testId="02e6f6d1-b7b0-efc8-4fd3-9a1e02361641" testName="ChangeApplierTests.Unchanged_items_produce_no_changes" computerName="shoppa-fw16-1" duration="00:00:00.0004934" startTime="2025-09-16T23:37:01.3211196+02:00" endTime="2025-09-16T23:37:01.3211197+02:00" testType="13cdc9d9-ddb5-4fa4-a97d-d965ccfc6d4b" outcome="Passed" testListId="8c84fa94-04c1-424b-9868-57a2d4851a1d" relativeResultsDirectory="57d2f76c-aa7d-496e-8523-b964d85af099" />
    <UnitTestResult executionId="bc9c2b2c-a815-45c7-9667-95ebb616f8cf" testId="e5f9d5b6-ed8f-5ce2-1e3d-1e9da50abd95" testName="ChangeApplierTests.New_and_Modified_become_upserts" computerName="shoppa-fw16-1" duration="00:00:00.0081169" startTime="2025-09-16T23:37:01.3217611+02:00" endTime="2025-09-16T23:37:01.3217611+02:00" testType="13cdc9d9-ddb5-4fa4-a97d-d965ccfc6d4b" outcome="Passed" testListId="8c84fa94-04c1-424b-9868-57a2d4851a1d" relativeResultsDirectory="bc9c2b2c-a815-45c7-9667-95ebb616f8cf" />
    <UnitTestResult executionId="dad37884-e81a-457e-9947-0f730865b96f" testId="7c9d88c3-7de9-19d6-9cb6-1e95f83f21c1" testName="ItemFilterTests.Map_range_literal_label_and_regex" computerName="shoppa-fw16-1" duration="00:00:00.0021141" startTime="2025-09-16T23:37:01.3182461+02:00" endTime="2025-09-16T23:37:01.3182462+02:00" testType="13cdc9d9-ddb5-4fa4-a97d-d965ccfc6d4b" outcome="Passed" testListId="8c84fa94-04c1-424b-9868-57a2d4851a1d" relativeResultsDirectory="dad37884-e81a-457e-9947-0f730865b96f" />
    <UnitTestResult executionId="d2d2d517-cdea-4f9d-8ecc-150ff417cbda" testId="99f03c58-a80e-a3a9-bf9e-4ac8779a3bb8" testName="LabelFilterTests.ForWrite_maps_correctly(input: &quot;prod&quot;, expected: &quot;prod&quot;)" computerName="shoppa-fw16-1" duration="00:00:00.0000081" startTime="2025-09-16T23:37:01.3155927+02:00" endTime="2025-09-16T23:37:01.3155927+02:00" testType="13cdc9d9-ddb5-4fa4-a97d-d965ccfc6d4b" outcome="Passed" testListId="8c84fa94-04c1-424b-9868-57a2d4851a1d" relativeResultsDirectory="d2d2d517-cdea-4f9d-8ecc-150ff417cbda" />
    <UnitTestResult executionId="46a2dc49-23cd-4a95-b818-f0eaa8d6b4cf" testId="b8ed0044-c78b-22f1-4699-f739baf5a488" testName="LabelFilterTests.ForSelector_maps_correctly(input: &quot;&quot;, expected: &quot;\0&quot;)" computerName="shoppa-fw16-1" duration="00:00:00.0000074" startTime="2025-09-16T23:37:01.3147026+02:00" endTime="2025-09-16T23:37:01.3147027+02:00" testType="13cdc9d9-ddb5-4fa4-a97d-d965ccfc6d4b" outcome="Passed" testListId="8c84fa94-04c1-424b-9868-57a2d4851a1d" relativeResultsDirectory="46a2dc49-23cd-4a95-b818-f0eaa8d6b4cf" />
    <UnitTestResult executionId="22eb7701-41eb-45ff-924c-374cb1179ac7" testId="9b809a30-5296-a74c-13e3-ba3a9214922d" testName="ItemFilterTests.Visible_applies_regex_on_shortkey" computerName="shoppa-fw16-1" duration="00:00:00.0015162" startTime="2025-09-16T23:37:01.3203549+02:00" endTime="2025-09-16T23:37:01.3203549+02:00" testType="13cdc9d9-ddb5-4fa4-a97d-d965ccfc6d4b" outcome="Passed" testListId="8c84fa94-04c1-424b-9868-57a2d4851a1d" relativeResultsDirectory="22eb7701-41eb-45ff-924c-374cb1179ac7" />
    <UnitTestResult executionId="56f4361d-b736-48c8-bc87-58d9198d6a38" testId="420c2de5-eb14-37a1-3bc6-522122aec02c" testName="AppStateReconcilerTests.Deleted_that_is_gone_on_server_is_dropped" computerName="shoppa-fw16-1" duration="00:00:00.0172191" startTime="2025-09-16T23:37:01.2816832+02:00" endTime="2025-09-16T23:37:01.2816970+02:00" testType="13cdc9d9-ddb5-4fa4-a97d-d965ccfc6d4b" outcome="Passed" testListId="8c84fa94-04c1-424b-9868-57a2d4851a1d" relativeResultsDirectory="56f4361d-b736-48c8-bc87-58d9198d6a38" />
    <UnitTestResult executionId="3b9de6b0-366c-43f2-bc15-fa9249d63ede" testId="2f5b9956-c28d-49fa-fd3a-9c80cdbd33db" testName="ItemFilterTests.Map_range_any_label(start: 2, end: 3, expected: [1, 2])" computerName="shoppa-fw16-1" duration="00:00:00.0003713" startTime="2025-09-16T23:37:01.3191061+02:00" endTime="2025-09-16T23:37:01.3191062+02:00" testType="13cdc9d9-ddb5-4fa4-a97d-d965ccfc6d4b" outcome="Passed" testListId="8c84fa94-04c1-424b-9868-57a2d4851a1d" relativeResultsDirectory="3b9de6b0-366c-43f2-bc15-fa9249d63ede" />
  </Results>
  <TestDefinitions>
    <UnitTest name="ChangeApplierTests.Deleted_becomes_delete_with_label_mapping" storage="/home/mattias/codex-appconfig/tests/appconfigcli.core.tests/bin/debug/net9.0/appconfigcli.core.tests.dll" id="bb49bb29-eadb-b43a-12ab-c38e498dc669">
      <Execution id="aa892416-1c32-4f8e-94ca-e9856646a36c" />
      <TestMethod codeBase="/home/mattias/codex-appconfig/tests/AppConfigCli.Core.Tests/bin/Debug/net9.0/AppConfigCli.Core.Tests.dll" adapterTypeName="executor://xunit/VsTestRunner2/netcoreapp" className="ChangeApplierTests" name="Deleted_becomes_delete_with_label_mapping" />
    </UnitTest>
    <UnitTest name="ChangeApplierTests.Last_new_wins_among_duplicates" storage="/home/mattias/codex-appconfig/tests/appconfigcli.core.tests/bin/debug/net9.0/appconfigcli.core.tests.dll" id="d9d46edb-e375-78e2-c1c2-51b550801c82">
      <Execution id="892d04e0-28a6-4f51-a96c-4124fea09848" />
      <TestMethod codeBase="/home/mattias/codex-appconfig/tests/AppConfigCli.Core.Tests/bin/Debug/net9.0/AppConfigCli.Core.Tests.dll" adapterTypeName="executor://xunit/VsTestRunner2/netcoreapp" className="ChangeApplierTests" name="Last_new_wins_among_duplicates" />
    </UnitTest>
    <UnitTest name="AppStateReconcilerTests.Deleted_that_is_gone_on_server_is_dropped" storage="/home/mattias/codex-appconfig/tests/appconfigcli.core.tests/bin/debug/net9.0/appconfigcli.core.tests.dll" id="420c2de5-eb14-37a1-3bc6-522122aec02c">
      <Execution id="56f4361d-b736-48c8-bc87-58d9198d6a38" />
      <TestMethod codeBase="/home/mattias/codex-appconfig/tests/AppConfigCli.Core.Tests/bin/Debug/net9.0/AppConfigCli.Core.Tests.dll" adapterTypeName="executor://xunit/VsTestRunner2/netcoreapp" className="AppStateReconcilerTests" name="Deleted_that_is_gone_on_server_is_dropped" />
    </UnitTest>
    <UnitTest name="RepositoryTests.InMemory_List_filters_by_prefix_and_label" storage="/home/mattias/codex-appconfig/tests/appconfigcli.core.tests/bin/debug/net9.0/appconfigcli.core.tests.dll" id="5b4cc69a-3a28-7657-e958-1b020a501f97">
      <Execution id="2ea26ca5-31f1-4b56-aca4-8ee6e2f72219" />
      <TestMethod codeBase="/home/mattias/codex-appconfig/tests/AppConfigCli.Core.Tests/bin/Debug/net9.0/AppConfigCli.Core.Tests.dll" adapterTypeName="executor://xunit/VsTestRunner2/netcoreapp" className="RepositoryTests" name="InMemory_List_filters_by_prefix_and_label" />
    </UnitTest>
    <UnitTest name="ItemFilterTests.Map_range_any_label(start: 1, end: 1, expected: [0])" storage="/home/mattias/codex-appconfig/tests/appconfigcli.core.tests/bin/debug/net9.0/appconfigcli.core.tests.dll" id="2d720e36-880f-a0e6-2031-f0c98301c725">
      <Execution id="53e643a5-df99-48ec-ba01-b4f60677e232" />
      <TestMethod codeBase="/home/mattias/codex-appconfig/tests/AppConfigCli.Core.Tests/bin/Debug/net9.0/AppConfigCli.Core.Tests.dll" adapterTypeName="executor://xunit/VsTestRunner2/netcoreapp" className="ItemFilterTests" name="Map_range_any_label" />
    </UnitTest>
    <UnitTest name="ItemFilterTests.Map_range_out_of_bounds_returns_error" storage="/home/mattias/codex-appconfig/tests/appconfigcli.core.tests/bin/debug/net9.0/appconfigcli.core.tests.dll" id="37194a5b-9540-b72a-2fd8-3ed7b18ecc22">
      <Execution id="ee67b043-1896-43a0-a00c-069253d8ce14" />
      <TestMethod codeBase="/home/mattias/codex-appconfig/tests/AppConfigCli.Core.Tests/bin/Debug/net9.0/AppConfigCli.Core.Tests.dll" adapterTypeName="executor://xunit/VsTestRunner2/netcoreapp" className="ItemFilterTests" name="Map_range_out_of_bounds_returns_error" />
    </UnitTest>
    <UnitTest name="ItemFilterTests.Map_range_any_label(start: 2, end: 3, expected: [1, 2])" storage="/home/mattias/codex-appconfig/tests/appconfigcli.core.tests/bin/debug/net9.0/appconfigcli.core.tests.dll" id="2f5b9956-c28d-49fa-fd3a-9c80cdbd33db">
      <Execution id="3b9de6b0-366c-43f2-bc15-fa9249d63ede" />
      <TestMethod codeBase="/home/mattias/codex-appconfig/tests/AppConfigCli.Core.Tests/bin/Debug/net9.0/AppConfigCli.Core.Tests.dll" adapterTypeName="executor://xunit/VsTestRunner2/netcoreapp" className="ItemFilterTests" name="Map_range_any_label" />
    </UnitTest>
    <UnitTest name="ItemFilterTests.Visible_literal_label_returns_only_that_label" storage="/home/mattias/codex-appconfig/tests/appconfigcli.core.tests/bin/debug/net9.0/appconfigcli.core.tests.dll" id="5855942d-8f64-0fc6-3511-75ab8f9c7264">
      <Execution id="5755868d-3810-43c5-b774-ac80d84d5136" />
      <TestMethod codeBase="/home/mattias/codex-appconfig/tests/AppConfigCli.Core.Tests/bin/Debug/net9.0/AppConfigCli.Core.Tests.dll" adapterTypeName="executor://xunit/VsTestRunner2/netcoreapp" className="ItemFilterTests" name="Visible_literal_label_returns_only_that_label" />
    </UnitTest>
    <UnitTest name="AppStateReconcilerTests.Modified_deleted_on_server_becomes_New" storage="/home/mattias/codex-appconfig/tests/appconfigcli.core.tests/bin/debug/net9.0/appconfigcli.core.tests.dll" id="185df21f-1c52-7a74-ae0a-070526063ed0">
      <Execution id="b730457f-ad49-4d18-843c-e78df03f6de9" />
      <TestMethod codeBase="/home/mattias/codex-appconfig/tests/AppConfigCli.Core.Tests/bin/Debug/net9.0/AppConfigCli.Core.Tests.dll" adapterTypeName="executor://xunit/VsTestRunner2/netcoreapp" className="AppStateReconcilerTests" name="Modified_deleted_on_server_becomes_New" />
    </UnitTest>
    <UnitTest name="ItemFilterTests.Visible_unlabeled_returns_only_empty_label" storage="/home/mattias/codex-appconfig/tests/appconfigcli.core.tests/bin/debug/net9.0/appconfigcli.core.tests.dll" id="3035024e-cb3c-39b1-eba9-192ba9ed2f26">
      <Execution id="704413c9-1931-4d1f-a70f-60778fb301b4" />
      <TestMethod codeBase="/home/mattias/codex-appconfig/tests/AppConfigCli.Core.Tests/bin/Debug/net9.0/AppConfigCli.Core.Tests.dll" adapterTypeName="executor://xunit/VsTestRunner2/netcoreapp" className="ItemFilterTests" name="Visible_unlabeled_returns_only_empty_label" />
    </UnitTest>
    <UnitTest name="RepositoryTests.InMemory_Upsert_and_Delete_roundtrip" storage="/home/mattias/codex-appconfig/tests/appconfigcli.core.tests/bin/debug/net9.0/appconfigcli.core.tests.dll" id="e67e90b8-7042-8837-a783-d650b34cd8e1">
      <Execution id="5b61cfbf-3592-4138-abc0-3a07c297a863" />
      <TestMethod codeBase="/home/mattias/codex-appconfig/tests/AppConfigCli.Core.Tests/bin/Debug/net9.0/AppConfigCli.Core.Tests.dll" adapterTypeName="executor://xunit/VsTestRunner2/netcoreapp" className="RepositoryTests" name="InMemory_Upsert_and_Delete_roundtrip" />
    </UnitTest>
    <UnitTest name="ItemFilterTests.Map_range_any_label(start: 1, end: 2, expected: [0, 1])" storage="/home/mattias/codex-appconfig/tests/appconfigcli.core.tests/bin/debug/net9.0/appconfigcli.core.tests.dll" id="4785ef82-9710-69b5-2b57-210f3f16bfdf">
      <Execution id="38dea2b2-1228-407f-a334-3613bf04914a" />
      <TestMethod codeBase="/home/mattias/codex-appconfig/tests/AppConfigCli.Core.Tests/bin/Debug/net9.0/AppConfigCli.Core.Tests.dll" adapterTypeName="executor://xunit/VsTestRunner2/netcoreapp" className="ItemFilterTests" name="Map_range_any_label" />
    </UnitTest>
    <UnitTest name="ItemFilterTests.Map_range_literal_label_and_regex" storage="/home/mattias/codex-appconfig/tests/appconfigcli.core.tests/bin/debug/net9.0/appconfigcli.core.tests.dll" id="7c9d88c3-7de9-19d6-9cb6-1e95f83f21c1">
      <Execution id="dad37884-e81a-457e-9947-0f730865b96f" />
      <TestMethod codeBase="/home/mattias/codex-appconfig/tests/AppConfigCli.Core.Tests/bin/Debug/net9.0/AppConfigCli.Core.Tests.dll" adapterTypeName="executor://xunit/VsTestRunner2/netcoreapp" className="ItemFilterTests" name="Map_range_literal_label_and_regex" />
    </UnitTest>
    <UnitTest name="ChangeApplierTests.Unchanged_items_produce_no_changes" storage="/home/mattias/codex-appconfig/tests/appconfigcli.core.tests/bin/debug/net9.0/appconfigcli.core.tests.dll" id="02e6f6d1-b7b0-efc8-4fd3-9a1e02361641">
      <Execution id="57d2f76c-aa7d-496e-8523-b964d85af099" />
      <TestMethod codeBase="/home/mattias/codex-appconfig/tests/AppConfigCli.Core.Tests/bin/Debug/net9.0/AppConfigCli.Core.Tests.dll" adapterTypeName="executor://xunit/VsTestRunner2/netcoreapp" className="ChangeApplierTests" name="Unchanged_items_produce_no_changes" />
    </UnitTest>
    <UnitTest name="LabelFilterTests.ForSelector_maps_correctly(input: &quot;prod&quot;, expected: &quot;prod&quot;)" storage="/home/mattias/codex-appconfig/tests/appconfigcli.core.tests/bin/debug/net9.0/appconfigcli.core.tests.dll" id="99df7739-9d13-9497-17d5-a762f0dab85e">
      <Execution id="8af381c1-ba97-4595-a180-94aa1ab59159" />
      <TestMethod codeBase="/home/mattias/codex-appconfig/tests/AppConfigCli.Core.Tests/bin/Debug/net9.0/AppConfigCli.Core.Tests.dll" adapterTypeName="executor://xunit/VsTestRunner2/netcoreapp" className="LabelFilterTests" name="ForSelector_maps_correctly" />
    </UnitTest>
    <UnitTest name="ItemFilterTests.Visible_applies_regex_on_shortkey" storage="/home/mattias/codex-appconfig/tests/appconfigcli.core.tests/bin/debug/net9.0/appconfigcli.core.tests.dll" id="9b809a30-5296-a74c-13e3-ba3a9214922d">
      <Execution id="22eb7701-41eb-45ff-924c-374cb1179ac7" />
      <TestMethod codeBase="/home/mattias/codex-appconfig/tests/AppConfigCli.Core.Tests/bin/Debug/net9.0/AppConfigCli.Core.Tests.dll" adapterTypeName="executor://xunit/VsTestRunner2/netcoreapp" className="ItemFilterTests" name="Visible_applies_regex_on_shortkey" />
    </UnitTest>
    <UnitTest name="LabelFilterTests.ForWrite_maps_correctly(input: &quot;dev&quot;, expected: &quot;dev&quot;)" storage="/home/mattias/codex-appconfig/tests/appconfigcli.core.tests/bin/debug/net9.0/appconfigcli.core.tests.dll" id="46bcd91f-5c38-841d-c5a0-4ecacdbbdd07">
      <Execution id="08cc0732-bd0f-44c4-a375-87467c5a10a9" />
      <TestMethod codeBase="/home/mattias/codex-appconfig/tests/AppConfigCli.Core.Tests/bin/Debug/net9.0/AppConfigCli.Core.Tests.dll" adapterTypeName="executor://xunit/VsTestRunner2/netcoreapp" className="LabelFilterTests" name="ForWrite_maps_correctly" />
    </UnitTest>
    <UnitTest name="LabelFilterTests.ForWrite_maps_correctly(input: &quot;prod&quot;, expected: &quot;prod&quot;)" storage="/home/mattias/codex-appconfig/tests/appconfigcli.core.tests/bin/debug/net9.0/appconfigcli.core.tests.dll" id="99f03c58-a80e-a3a9-bf9e-4ac8779a3bb8">
      <Execution id="d2d2d517-cdea-4f9d-8ecc-150ff417cbda" />
      <TestMethod codeBase="/home/mattias/codex-appconfig/tests/AppConfigCli.Core.Tests/bin/Debug/net9.0/AppConfigCli.Core.Tests.dll" adapterTypeName="executor://xunit/VsTestRunner2/netcoreapp" className="LabelFilterTests" name="ForWrite_maps_correctly" />
    </UnitTest>
    <UnitTest name="LabelFilterTests.ForWrite_maps_correctly(input: null, expected: null)" storage="/home/mattias/codex-appconfig/tests/appconfigcli.core.tests/bin/debug/net9.0/appconfigcli.core.tests.dll" id="9e9e30ae-91b6-58a0-625a-1cde020cb68c">
      <Execution id="0af7e10b-70f6-4e6d-b202-42616b9ac027" />
      <TestMethod codeBase="/home/mattias/codex-appconfig/tests/AppConfigCli.Core.Tests/bin/Debug/net9.0/AppConfigCli.Core.Tests.dll" adapterTypeName="executor://xunit/VsTestRunner2/netcoreapp" className="LabelFilterTests" name="ForWrite_maps_correctly" />
    </UnitTest>
    <UnitTest name="FlatKeyMapperTests.Flatten_roundtrips_back_to_flats" storage="/home/mattias/codex-appconfig/tests/appconfigcli.core.tests/bin/debug/net9.0/appconfigcli.core.tests.dll" id="104dceb5-563d-6140-e391-e46ede51c315">
      <Execution id="ef6a7d15-ef9e-462c-8d95-4c44d547e314" />
      <TestMethod codeBase="/home/mattias/codex-appconfig/tests/AppConfigCli.Core.Tests/bin/Debug/net9.0/AppConfigCli.Core.Tests.dll" adapterTypeName="executor://xunit/VsTestRunner2/netcoreapp" className="FlatKeyMapperTests" name="Flatten_roundtrips_back_to_flats" />
    </UnitTest>
    <UnitTest name="ChangeApplierTests.New_and_Modified_become_upserts" storage="/home/mattias/codex-appconfig/tests/appconfigcli.core.tests/bin/debug/net9.0/appconfigcli.core.tests.dll" id="e5f9d5b6-ed8f-5ce2-1e3d-1e9da50abd95">
      <Execution id="bc9c2b2c-a815-45c7-9667-95ebb616f8cf" />
      <TestMethod codeBase="/home/mattias/codex-appconfig/tests/AppConfigCli.Core.Tests/bin/Debug/net9.0/AppConfigCli.Core.Tests.dll" adapterTypeName="executor://xunit/VsTestRunner2/netcoreapp" className="ChangeApplierTests" name="New_and_Modified_become_upserts" />
    </UnitTest>
    <UnitTest name="LabelFilterTests.ForWrite_maps_correctly(input: &quot;&quot;, expected: null)" storage="/home/mattias/codex-appconfig/tests/appconfigcli.core.tests/bin/debug/net9.0/appconfigcli.core.tests.dll" id="6de2d353-8914-63d9-5b40-fa699064c5a8">
      <Execution id="05b17150-d2a2-4d5b-b9d5-d791b35bc290" />
      <TestMethod codeBase="/home/mattias/codex-appconfig/tests/AppConfigCli.Core.Tests/bin/Debug/net9.0/AppConfigCli.Core.Tests.dll" adapterTypeName="executor://xunit/VsTestRunner2/netcoreapp" className="LabelFilterTests" name="ForWrite_maps_correctly" />
    </UnitTest>
    <UnitTest name="ItemFilterTests.Visible_any_label_returns_all" storage="/home/mattias/codex-appconfig/tests/appconfigcli.core.tests/bin/debug/net9.0/appconfigcli.core.tests.dll" id="9037fe3e-122a-e7cd-a5cf-b21cde9805b6">
      <Execution id="45ad8b5f-9bec-4c23-aa6d-14fd8851e9d1" />
      <TestMethod codeBase="/home/mattias/codex-appconfig/tests/AppConfigCli.Core.Tests/bin/Debug/net9.0/AppConfigCli.Core.Tests.dll" adapterTypeName="executor://xunit/VsTestRunner2/netcoreapp" className="ItemFilterTests" name="Visible_any_label_returns_all" />
    </UnitTest>
    <UnitTest name="LabelFilterTests.ForSelector_maps_correctly(input: &quot;&quot;, expected: &quot;\0&quot;)" storage="/home/mattias/codex-appconfig/tests/appconfigcli.core.tests/bin/debug/net9.0/appconfigcli.core.tests.dll" id="b8ed0044-c78b-22f1-4699-f739baf5a488">
      <Execution id="46a2dc49-23cd-4a95-b818-f0eaa8d6b4cf" />
      <TestMethod codeBase="/home/mattias/codex-appconfig/tests/AppConfigCli.Core.Tests/bin/Debug/net9.0/AppConfigCli.Core.Tests.dll" adapterTypeName="executor://xunit/VsTestRunner2/netcoreapp" className="LabelFilterTests" name="ForSelector_maps_correctly" />
    </UnitTest>
    <UnitTest name="ChangeApplierTests.Duplicate_delete_and_modify_results_in_single_upsert" storage="/home/mattias/codex-appconfig/tests/appconfigcli.core.tests/bin/debug/net9.0/appconfigcli.core.tests.dll" id="9976085b-4a5b-0cc8-adb9-217891cca648">
      <Execution id="2978fa4f-6767-46dc-8452-1a55cc97b9dc" />
      <TestMethod codeBase="/home/mattias/codex-appconfig/tests/AppConfigCli.Core.Tests/bin/Debug/net9.0/AppConfigCli.Core.Tests.dll" adapterTypeName="executor://xunit/VsTestRunner2/netcoreapp" className="ChangeApplierTests" name="Duplicate_delete_and_modify_results_in_single_upsert" />
    </UnitTest>
    <UnitTest name="LabelFilterTests.ForSelector_maps_correctly(input: &quot;dev&quot;, expected: &quot;dev&quot;)" storage="/home/mattias/codex-appconfig/tests/appconfigcli.core.tests/bin/debug/net9.0/appconfigcli.core.tests.dll" id="8e4dfe9e-29fc-a433-20c2-c24a72a3a5a3">
      <Execution id="3d1e39fe-fc86-4633-87a4-88905fbf8bf6" />
      <TestMethod codeBase="/home/mattias/codex-appconfig/tests/AppConfigCli.Core.Tests/bin/Debug/net9.0/AppConfigCli.Core.Tests.dll" adapterTypeName="executor://xunit/VsTestRunner2/netcoreapp" className="LabelFilterTests" name="ForSelector_maps_correctly" />
    </UnitTest>
    <UnitTest name="FlatKeyMapperTests.BuildTree_creates_objects_arrays_and_values" storage="/home/mattias/codex-appconfig/tests/appconfigcli.core.tests/bin/debug/net9.0/appconfigcli.core.tests.dll" id="780717a4-dc45-5d1a-b580-f377557d6d67">
      <Execution id="6eb061b9-9396-4ba3-8025-244ca522c9f2" />
      <TestMethod codeBase="/home/mattias/codex-appconfig/tests/AppConfigCli.Core.Tests/bin/Debug/net9.0/AppConfigCli.Core.Tests.dll" adapterTypeName="executor://xunit/VsTestRunner2/netcoreapp" className="FlatKeyMapperTests" name="BuildTree_creates_objects_arrays_and_values" />
    </UnitTest>
    <UnitTest name="ItemFilterTests.Visible_indices_match_expected_order" storage="/home/mattias/codex-appconfig/tests/appconfigcli.core.tests/bin/debug/net9.0/appconfigcli.core.tests.dll" id="3ab43c05-c101-c138-4a06-0aa6efd63a5f">
      <Execution id="c1c43252-4ca8-4788-b664-a81cd681a8bf" />
      <TestMethod codeBase="/home/mattias/codex-appconfig/tests/AppConfigCli.Core.Tests/bin/Debug/net9.0/AppConfigCli.Core.Tests.dll" adapterTypeName="executor://xunit/VsTestRunner2/netcoreapp" className="ItemFilterTests" name="Visible_indices_match_expected_order" />
    </UnitTest>
    <UnitTest name="AppStateReconcilerTests.Modified_matching_server_becomes_Unchanged" storage="/home/mattias/codex-appconfig/tests/appconfigcli.core.tests/bin/debug/net9.0/appconfigcli.core.tests.dll" id="24ea7713-3960-4410-c389-bcc3b5fcbd39">
      <Execution id="059e0f0f-20c1-48a7-a275-0f9d48d6de59" />
      <TestMethod codeBase="/home/mattias/codex-appconfig/tests/AppConfigCli.Core.Tests/bin/Debug/net9.0/AppConfigCli.Core.Tests.dll" adapterTypeName="executor://xunit/VsTestRunner2/netcoreapp" className="AppStateReconcilerTests" name="Modified_matching_server_becomes_Unchanged" />
    </UnitTest>
    <UnitTest name="LabelFilterTests.ForSelector_maps_correctly(input: null, expected: null)" storage="/home/mattias/codex-appconfig/tests/appconfigcli.core.tests/bin/debug/net9.0/appconfigcli.core.tests.dll" id="3f47e510-cda8-38f6-3a2e-296a0aeb1605">
      <Execution id="a54f03c1-7ba7-42ed-ad2c-290e68208069" />
      <TestMethod codeBase="/home/mattias/codex-appconfig/tests/AppConfigCli.Core.Tests/bin/Debug/net9.0/AppConfigCli.Core.Tests.dll" adapterTypeName="executor://xunit/VsTestRunner2/netcoreapp" className="LabelFilterTests" name="ForSelector_maps_correctly" />
    </UnitTest>
  </TestDefinitions>
  <TestEntries>
    <TestEntry testId="9e9e30ae-91b6-58a0-625a-1cde020cb68c" executionId="0af7e10b-70f6-4e6d-b202-42616b9ac027" testListId="8c84fa94-04c1-424b-9868-57a2d4851a1d" />
    <TestEntry testId="e67e90b8-7042-8837-a783-d650b34cd8e1" executionId="5b61cfbf-3592-4138-abc0-3a07c297a863" testListId="8c84fa94-04c1-424b-9868-57a2d4851a1d" />
    <TestEntry testId="185df21f-1c52-7a74-ae0a-070526063ed0" executionId="b730457f-ad49-4d18-843c-e78df03f6de9" testListId="8c84fa94-04c1-424b-9868-57a2d4851a1d" />
    <TestEntry testId="9976085b-4a5b-0cc8-adb9-217891cca648" executionId="2978fa4f-6767-46dc-8452-1a55cc97b9dc" testListId="8c84fa94-04c1-424b-9868-57a2d4851a1d" />
    <TestEntry testId="3035024e-cb3c-39b1-eba9-192ba9ed2f26" executionId="704413c9-1931-4d1f-a70f-60778fb301b4" testListId="8c84fa94-04c1-424b-9868-57a2d4851a1d" />
    <TestEntry testId="5b4cc69a-3a28-7657-e958-1b020a501f97" executionId="2ea26ca5-31f1-4b56-aca4-8ee6e2f72219" testListId="8c84fa94-04c1-424b-9868-57a2d4851a1d" />
    <TestEntry testId="780717a4-dc45-5d1a-b580-f377557d6d67" executionId="6eb061b9-9396-4ba3-8025-244ca522c9f2" testListId="8c84fa94-04c1-424b-9868-57a2d4851a1d" />
    <TestEntry testId="6de2d353-8914-63d9-5b40-fa699064c5a8" executionId="05b17150-d2a2-4d5b-b9d5-d791b35bc290" testListId="8c84fa94-04c1-424b-9868-57a2d4851a1d" />
    <TestEntry testId="9037fe3e-122a-e7cd-a5cf-b21cde9805b6" executionId="45ad8b5f-9bec-4c23-aa6d-14fd8851e9d1" testListId="8c84fa94-04c1-424b-9868-57a2d4851a1d" />
    <TestEntry testId="8e4dfe9e-29fc-a433-20c2-c24a72a3a5a3" executionId="3d1e39fe-fc86-4633-87a4-88905fbf8bf6" testListId="8c84fa94-04c1-424b-9868-57a2d4851a1d" />
    <TestEntry testId="3f47e510-cda8-38f6-3a2e-296a0aeb1605" executionId="a54f03c1-7ba7-42ed-ad2c-290e68208069" testListId="8c84fa94-04c1-424b-9868-57a2d4851a1d" />
    <TestEntry testId="99df7739-9d13-9497-17d5-a762f0dab85e" executionId="8af381c1-ba97-4595-a180-94aa1ab59159" testListId="8c84fa94-04c1-424b-9868-57a2d4851a1d" />
    <TestEntry testId="4785ef82-9710-69b5-2b57-210f3f16bfdf" executionId="38dea2b2-1228-407f-a334-3613bf04914a" testListId="8c84fa94-04c1-424b-9868-57a2d4851a1d" />
    <TestEntry testId="bb49bb29-eadb-b43a-12ab-c38e498dc669" executionId="aa892416-1c32-4f8e-94ca-e9856646a36c" testListId="8c84fa94-04c1-424b-9868-57a2d4851a1d" />
    <TestEntry testId="104dceb5-563d-6140-e391-e46ede51c315" executionId="ef6a7d15-ef9e-462c-8d95-4c44d547e314" testListId="8c84fa94-04c1-424b-9868-57a2d4851a1d" />
    <TestEntry testId="37194a5b-9540-b72a-2fd8-3ed7b18ecc22" executionId="ee67b043-1896-43a0-a00c-069253d8ce14" testListId="8c84fa94-04c1-424b-9868-57a2d4851a1d" />
    <TestEntry testId="d9d46edb-e375-78e2-c1c2-51b550801c82" executionId="892d04e0-28a6-4f51-a96c-4124fea09848" testListId="8c84fa94-04c1-424b-9868-57a2d4851a1d" />
    <TestEntry testId="5855942d-8f64-0fc6-3511-75ab8f9c7264" executionId="5755868d-3810-43c5-b774-ac80d84d5136" testListId="8c84fa94-04c1-424b-9868-57a2d4851a1d" />
    <TestEntry testId="3ab43c05-c101-c138-4a06-0aa6efd63a5f" executionId="c1c43252-4ca8-4788-b664-a81cd681a8bf" testListId="8c84fa94-04c1-424b-9868-57a2d4851a1d" />
    <TestEntry testId="2d720e36-880f-a0e6-2031-f0c98301c725" executionId="53e643a5-df99-48ec-ba01-b4f60677e232" testListId="8c84fa94-04c1-424b-9868-57a2d4851a1d" />
    <TestEntry testId="46bcd91f-5c38-841d-c5a0-4ecacdbbdd07" executionId="08cc0732-bd0f-44c4-a375-87467c5a10a9" testListId="8c84fa94-04c1-424b-9868-57a2d4851a1d" />
    <TestEntry testId="24ea7713-3960-4410-c389-bcc3b5fcbd39" executionId="059e0f0f-20c1-48a7-a275-0f9d48d6de59" testListId="8c84fa94-04c1-424b-9868-57a2d4851a1d" />
    <TestEntry testId="02e6f6d1-b7b0-efc8-4fd3-9a1e02361641" executionId="57d2f76c-aa7d-496e-8523-b964d85af099" testListId="8c84fa94-04c1-424b-9868-57a2d4851a1d" />
    <TestEntry testId="e5f9d5b6-ed8f-5ce2-1e3d-1e9da50abd95" executionId="bc9c2b2c-a815-45c7-9667-95ebb616f8cf" testListId="8c84fa94-04c1-424b-9868-57a2d4851a1d" />
    <TestEntry testId="7c9d88c3-7de9-19d6-9cb6-1e95f83f21c1" executionId="dad37884-e81a-457e-9947-0f730865b96f" testListId="8c84fa94-04c1-424b-9868-57a2d4851a1d" />
    <TestEntry testId="99f03c58-a80e-a3a9-bf9e-4ac8779a3bb8" executionId="d2d2d517-cdea-4f9d-8ecc-150ff417cbda" testListId="8c84fa94-04c1-424b-9868-57a2d4851a1d" />
    <TestEntry testId="b8ed0044-c78b-22f1-4699-f739baf5a488" executionId="46a2dc49-23cd-4a95-b818-f0eaa8d6b4cf" testListId="8c84fa94-04c1-424b-9868-57a2d4851a1d" />
    <TestEntry testId="9b809a30-5296-a74c-13e3-ba3a9214922d" executionId="22eb7701-41eb-45ff-924c-374cb1179ac7" testListId="8c84fa94-04c1-424b-9868-57a2d4851a1d" />
    <TestEntry testId="420c2de5-eb14-37a1-3bc6-522122aec02c" executionId="56f4361d-b736-48c8-bc87-58d9198d6a38" testListId="8c84fa94-04c1-424b-9868-57a2d4851a1d" />
    <TestEntry testId="2f5b9956-c28d-49fa-fd3a-9c80cdbd33db" executionId="3b9de6b0-366c-43f2-bc15-fa9249d63ede" testListId="8c84fa94-04c1-424b-9868-57a2d4851a1d" />
  </TestEntries>
  <TestLists>
    <TestList name="Results Not in a List" id="8c84fa94-04c1-424b-9868-57a2d4851a1d" />
    <TestList name="All Loaded Results" id="19431567-8539-422a-85d7-44ee4e166bda" />
  </TestLists>
  <ResultSummary outcome="Completed">
    <Counters total="30" executed="30" passed="30" failed="0" error="0" timeout="0" aborted="0" inconclusive="0" passedButRunAborted="0" notRunnable="0" notExecuted="0" disconnected="0" warning="0" completed="0" inProgress="0" pending="0" />
    <Output>
      <StdOut>[xUnit.net 00:00:00.00] xUnit.net VSTest Adapter v2.8.2+699d445a1a (64-bit .NET 9.0.9)
[xUnit.net 00:00:00.05]   Discovering: AppConfigCli.Core.Tests
[xUnit.net 00:00:00.09]   Discovered:  AppConfigCli.Core.Tests
[xUnit.net 00:00:00.09]   Starting:    AppConfigCli.Core.Tests
[xUnit.net 00:00:00.20]   Finished:    AppConfigCli.Core.Tests
</StdOut>
    </Output>
    <CollectorDataEntries>
      <Collector agentName="shoppa-fw16-1" uri="datacollector://microsoft/CoverletCodeCoverage/1.0" collectorDisplayName="XPlat code coverage">
        <UriAttachments>
          <UriAttachment>
            <A href="shoppa-fw16-1/coverage.cobertura.xml"></A>
          </UriAttachment>
        </UriAttachments>
      </Collector>
    </CollectorDataEntries>
  </ResultSummary>
</TestRun>