<?xml version="1.0" encoding="utf-8"?>
<TestRun id="8036bb0f-d557-4de9-9e8e-11a413b80fa0" name="@shoppa-fw16-1 2025-09-16 23:30:48" xmlns="http://microsoft.com/schemas/VisualStudio/TeamTest/2010">
  <Times creation="2025-09-16T23:30:48.9982070+02:00" queuing="2025-09-16T23:30:48.9982070+02:00" start="2025-09-16T23:30:47.9596981+02:00" finish="2025-09-16T23:30:49.2046577+02:00" />
  <TestSettings name="default" id="f1e4f590-58dd-46c4-aefb-e7e22319ef1f">
    <Deployment runDeploymentRoot="_shoppa-fw16-1_2025-09-16_23_30_48" />
  </TestSettings>
  <Results>
    <UnitTestResult executionId="3902e091-1e81-4f40-9238-e2e7c6ca5787" testId="7c9d88c3-7de9-19d6-9cb6-1e95f83f21c1" testName="ItemFilterTests.Map_range_literal_label_and_regex" computerName="shoppa-fw16-1" duration="00:00:00.0031355" startTime="2025-09-16T23:30:48.9773308+02:00" endTime="2025-09-16T23:30:48.9773308+02:00" testType="13cdc9d9-ddb5-4fa4-a97d-d965ccfc6d4b" outcome="Passed" testListId="8c84fa94-04c1-424b-9868-57a2d4851a1d" relativeResultsDirectory="3902e091-1e81-4f40-9238-e2e7c6ca5787" />
    <UnitTestResult executionId="61ae6603-7d85-41e2-8deb-8b82d12a9422" testId="6de2d353-8914-63d9-5b40-fa699064c5a8" testName="LabelFilterTests.ForWrite_maps_correctly(input: &quot;&quot;, expected: null)" computerName="shoppa-fw16-1" duration="00:00:00.0003811" startTime="2025-09-16T23:30:48.9762383+02:00" endTime="2025-09-16T23:30:48.9762383+02:00" testType="13cdc9d9-ddb5-4fa4-a97d-d965ccfc6d4b" outcome="Passed" testListId="8c84fa94-04c1-424b-9868-57a2d4851a1d" relativeResultsDirectory="61ae6603-7d85-41e2-8deb-8b82d12a9422" />
    <UnitTestResult executionId="943439fc-0d9e-4273-9837-861379ac6153" testId="104dceb5-563d-6140-e391-e46ede51c315" testName="FlatKeyMapperTests.Flatten_roundtrips_back_to_flats" computerName="shoppa-fw16-1" duration="00:00:00.0189077" startTime="2025-09-16T23:30:48.9809036+02:00" endTime="2025-09-16T23:30:48.9809036+02:00" testType="13cdc9d9-ddb5-4fa4-a97d-d965ccfc6d4b" outcome="Passed" testListId="8c84fa94-04c1-424b-9868-57a2d4851a1d" relativeResultsDirectory="943439fc-0d9e-4273-9837-861379ac6153" />
    <UnitTestResult executionId="d4461497-a535-4e35-adad-b4f7bc63ccee" testId="4785ef82-9710-69b5-2b57-210f3f16bfdf" testName="ItemFilterTests.Map_range_any_label(start: 1, end: 2, expected: [0, 1])" computerName="shoppa-fw16-1" duration="00:00:00.0004522" startTime="2025-09-16T23:30:48.9791358+02:00" endTime="2025-09-16T23:30:48.9791358+02:00" testType="13cdc9d9-ddb5-4fa4-a97d-d965ccfc6d4b" outcome="Passed" testListId="8c84fa94-04c1-424b-9868-57a2d4851a1d" relativeResultsDirectory="d4461497-a535-4e35-adad-b4f7bc63ccee" />
    <UnitTestResult executionId="a34b2a55-bf2c-46ac-959a-472a68919d90" testId="9e9e30ae-91b6-58a0-625a-1cde020cb68c" testName="LabelFilterTests.ForWrite_maps_correctly(input: null, expected: null)" computerName="shoppa-fw16-1" duration="00:00:00.0000009" startTime="2025-09-16T23:30:48.9767843+02:00" endTime="2025-09-16T23:30:48.9767843+02:00" testType="13cdc9d9-ddb5-4fa4-a97d-d965ccfc6d4b" outcome="Passed" testListId="8c84fa94-04c1-424b-9868-57a2d4851a1d" relativeResultsDirectory="a34b2a55-bf2c-46ac-959a-472a68919d90" />
    <UnitTestResult executionId="b51016d9-28fd-43a3-adf2-2cd554c06ae9" testId="2f5b9956-c28d-49fa-fd3a-9c80cdbd33db" testName="ItemFilterTests.Map_range_any_label(start: 2, end: 3, expected: [1, 2])" computerName="shoppa-fw16-1" duration="00:00:00.0001395" startTime="2025-09-16T23:30:48.9793393+02:00" endTime="2025-09-16T23:30:48.9793393+02:00" testType="13cdc9d9-ddb5-4fa4-a97d-d965ccfc6d4b" outcome="Passed" testListId="8c84fa94-04c1-424b-9868-57a2d4851a1d" relativeResultsDirectory="b51016d9-28fd-43a3-adf2-2cd554c06ae9" />
    <UnitTestResult executionId="595c4c1b-94d5-4e7d-85c9-649b676d36a9" testId="780717a4-dc45-5d1a-b580-f377557d6d67" testName="FlatKeyMapperTests.BuildTree_creates_objects_arrays_and_values" computerName="shoppa-fw16-1" duration="00:00:00.0195523" startTime="2025-09-16T23:30:48.9534920+02:00" endTime="2025-09-16T23:30:48.9534920+02:00" testType="13cdc9d9-ddb5-4fa4-a97d-d965ccfc6d4b" outcome="Passed" testListId="8c84fa94-04c1-424b-9868-57a2d4851a1d" relativeResultsDirectory="595c4c1b-94d5-4e7d-85c9-649b676d36a9" />
    <UnitTestResult executionId="9c4de6ff-b088-4ef3-895c-f7dd8cbc3369" testId="3ab43c05-c101-c138-4a06-0aa6efd63a5f" testName="ItemFilterTests.Visible_indices_match_expected_order" computerName="shoppa-fw16-1" duration="00:00:00.0218681" startTime="2025-09-16T23:30:48.9549199+02:00" endTime="2025-09-16T23:30:48.9549199+02:00" testType="13cdc9d9-ddb5-4fa4-a97d-d965ccfc6d4b" outcome="Passed" testListId="8c84fa94-04c1-424b-9868-57a2d4851a1d" relativeResultsDirectory="9c4de6ff-b088-4ef3-895c-f7dd8cbc3369" />
    <UnitTestResult executionId="61477d71-f3c4-43e3-abbc-d14fecbbbade" testId="99df7739-9d13-9497-17d5-a762f0dab85e" testName="LabelFilterTests.ForSelector_maps_correctly(input: &quot;prod&quot;, expected: &quot;prod&quot;)" computerName="shoppa-fw16-1" duration="00:00:00.0001072" startTime="2025-09-16T23:30:48.9752554+02:00" endTime="2025-09-16T23:30:48.9752554+02:00" testType="13cdc9d9-ddb5-4fa4-a97d-d965ccfc6d4b" outcome="Passed" testListId="8c84fa94-04c1-424b-9868-57a2d4851a1d" relativeResultsDirectory="61477d71-f3c4-43e3-abbc-d14fecbbbade" />
    <UnitTestResult executionId="338e8915-c1df-46e2-bbbc-e1bf61cb7dac" testId="e5f9d5b6-ed8f-5ce2-1e3d-1e9da50abd95" testName="ChangeApplierTests.New_and_Modified_become_upserts" computerName="shoppa-fw16-1" duration="00:00:00.0086447" startTime="2025-09-16T23:30:48.9821710+02:00" endTime="2025-09-16T23:30:48.9821711+02:00" testType="13cdc9d9-ddb5-4fa4-a97d-d965ccfc6d4b" outcome="Passed" testListId="8c84fa94-04c1-424b-9868-57a2d4851a1d" relativeResultsDirectory="338e8915-c1df-46e2-bbbc-e1bf61cb7dac" />
    <UnitTestResult executionId="8c7aa8ec-49eb-468b-ba3a-e01dd6c4e3d7" testId="8e4dfe9e-29fc-a433-20c2-c24a72a3a5a3" testName="LabelFilterTests.ForSelector_maps_correctly(input: &quot;dev&quot;, expected: &quot;dev&quot;)" computerName="shoppa-fw16-1" duration="00:00:00.0020576" startTime="2025-09-16T23:30:48.9552321+02:00" endTime="2025-09-16T23:30:48.9552321+02:00" testType="13cdc9d9-ddb5-4fa4-a97d-d965ccfc6d4b" outcome="Passed" testListId="8c84fa94-04c1-424b-9868-57a2d4851a1d" relativeResultsDirectory="8c7aa8ec-49eb-468b-ba3a-e01dd6c4e3d7" />
    <UnitTestResult executionId="0cf7a82e-b2eb-4095-b54c-48360811af21" testId="9037fe3e-122a-e7cd-a5cf-b21cde9805b6" testName="ItemFilterTests.Visible_any_label_returns_all" computerName="shoppa-fw16-1" duration="00:00:00.0004468" startTime="2025-09-16T23:30:48.9788379+02:00" endTime="2025-09-16T23:30:48.9788379+02:00" testType="13cdc9d9-ddb5-4fa4-a97d-d965ccfc6d4b" outcome="Passed" testListId="8c84fa94-04c1-424b-9868-57a2d4851a1d" relativeResultsDirectory="0cf7a82e-b2eb-4095-b54c-48360811af21" />
    <UnitTestResult executionId="c4cb6b68-6468-43b1-8a0b-9ee30a23f23c" testId="b8ed0044-c78b-22f1-4699-f739baf5a488" testName="LabelFilterTests.ForSelector_maps_correctly(input: &quot;&quot;, expected: &quot;\0&quot;)" computerName="shoppa-fw16-1" duration="00:00:00.0000147" startTime="2025-09-16T23:30:48.9757031+02:00" endTime="2025-09-16T23:30:48.9757032+02:00" testType="13cdc9d9-ddb5-4fa4-a97d-d965ccfc6d4b" outcome="Passed" testListId="8c84fa94-04c1-424b-9868-57a2d4851a1d" relativeResultsDirectory="c4cb6b68-6468-43b1-8a0b-9ee30a23f23c" />
    <UnitTestResult executionId="c0e2b571-00ce-45cb-b665-87b0318e99ed" testId="5855942d-8f64-0fc6-3511-75ab8f9c7264" testName="ItemFilterTests.Visible_literal_label_returns_only_that_label" computerName="shoppa-fw16-1" duration="00:00:00.0005129" startTime="2025-09-16T23:30:48.9807736+02:00" endTime="2025-09-16T23:30:48.9807736+02:00" testType="13cdc9d9-ddb5-4fa4-a97d-d965ccfc6d4b" outcome="Passed" testListId="8c84fa94-04c1-424b-9868-57a2d4851a1d" relativeResultsDirectory="c0e2b571-00ce-45cb-b665-87b0318e99ed" />
    <UnitTestResult executionId="0077a75c-abf4-456d-86af-57248ecd76d5" testId="9b809a30-5296-a74c-13e3-ba3a9214922d" testName="ItemFilterTests.Visible_applies_regex_on_shortkey" computerName="shoppa-fw16-1" duration="00:00:00.0031916" startTime="2025-09-16T23:30:48.9804702+02:00" endTime="2025-09-16T23:30:48.9804702+02:00" testType="13cdc9d9-ddb5-4fa4-a97d-d965ccfc6d4b" outcome="Passed" testListId="8c84fa94-04c1-424b-9868-57a2d4851a1d" relativeResultsDirectory="0077a75c-abf4-456d-86af-57248ecd76d5" />
    <UnitTestResult executionId="bc5dde52-aeba-498d-8635-77283fdfa850" testId="46bcd91f-5c38-841d-c5a0-4ecacdbbdd07" testName="LabelFilterTests.ForWrite_maps_correctly(input: &quot;dev&quot;, expected: &quot;dev&quot;)" computerName="shoppa-fw16-1" duration="00:00:00.0000724" startTime="2025-09-16T23:30:48.9759768+02:00" endTime="2025-09-16T23:30:48.9759768+02:00" testType="13cdc9d9-ddb5-4fa4-a97d-d965ccfc6d4b" outcome="Passed" testListId="8c84fa94-04c1-424b-9868-57a2d4851a1d" relativeResultsDirectory="bc5dde52-aeba-498d-8635-77283fdfa850" />
    <UnitTestResult executionId="30c84687-e988-4483-9b75-149b4c8fbe2b" testId="24ea7713-3960-4410-c389-bcc3b5fcbd39" testName="AppStateReconcilerTests.Modified_matching_server_becomes_Unchanged" computerName="shoppa-fw16-1" duration="00:00:00.0030518" startTime="2025-09-16T23:30:48.9769034+02:00" endTime="2025-09-16T23:30:48.9769034+02:00" testType="13cdc9d9-ddb5-4fa4-a97d-d965ccfc6d4b" outcome="Passed" testListId="8c84fa94-04c1-424b-9868-57a2d4851a1d" relativeResultsDirectory="30c84687-e988-4483-9b75-149b4c8fbe2b" />
    <UnitTestResult executionId="8221ee4e-4fc7-4419-8964-c086098d14ff" testId="99f03c58-a80e-a3a9-bf9e-4ac8779a3bb8" testName="LabelFilterTests.ForWrite_maps_correctly(input: &quot;prod&quot;, expected: &quot;prod&quot;)" computerName="shoppa-fw16-1" duration="00:00:00.0000142" startTime="2025-09-16T23:30:48.9764679+02:00" endTime="2025-09-16T23:30:48.9764679+02:00" testType="13cdc9d9-ddb5-4fa4-a97d-d965ccfc6d4b" outcome="Passed" testListId="8c84fa94-04c1-424b-9868-57a2d4851a1d" relativeResultsDirectory="8221ee4e-4fc7-4419-8964-c086098d14ff" />
    <UnitTestResult executionId="48ac70be-ddbd-47e0-911e-1124dead5c6d" testId="420c2de5-eb14-37a1-3bc6-522122aec02c" testName="AppStateReconcilerTests.Deleted_that_is_gone_on_server_is_dropped" computerName="shoppa-fw16-1" duration="00:00:00.0137581" startTime="2025-09-16T23:30:48.9528716+02:00" endTime="2025-09-16T23:30:48.9528716+02:00" testType="13cdc9d9-ddb5-4fa4-a97d-d965ccfc6d4b" outcome="Passed" testListId="8c84fa94-04c1-424b-9868-57a2d4851a1d" relativeResultsDirectory="48ac70be-ddbd-47e0-911e-1124dead5c6d" />
    <UnitTestResult executionId="a32ec885-0531-4664-8522-146a783324be" testId="bb49bb29-eadb-b43a-12ab-c38e498dc669" testName="ChangeApplierTests.Deleted_becomes_delete_with_label_mapping" computerName="shoppa-fw16-1" duration="00:00:00.0003124" startTime="2025-09-16T23:30:48.9819141+02:00" endTime="2025-09-16T23:30:48.9819142+02:00" testType="13cdc9d9-ddb5-4fa4-a97d-d965ccfc6d4b" outcome="Passed" testListId="8c84fa94-04c1-424b-9868-57a2d4851a1d" relativeResultsDirectory="a32ec885-0531-4664-8522-146a783324be" />
    <UnitTestResult executionId="2edc26d7-222b-4327-84ef-0d8e4046be0f" testId="185df21f-1c52-7a74-ae0a-070526063ed0" testName="AppStateReconcilerTests.Modified_deleted_on_server_becomes_New" computerName="shoppa-fw16-1" duration="00:00:00.0008168" startTime="2025-09-16T23:30:48.9771801+02:00" endTime="2025-09-16T23:30:48.9771801+02:00" testType="13cdc9d9-ddb5-4fa4-a97d-d965ccfc6d4b" outcome="Passed" testListId="8c84fa94-04c1-424b-9868-57a2d4851a1d" relativeResultsDirectory="2edc26d7-222b-4327-84ef-0d8e4046be0f" />
    <UnitTestResult executionId="4b6194cb-41b7-4926-a229-65907746e6d9" testId="02e6f6d1-b7b0-efc8-4fd3-9a1e02361641" testName="ChangeApplierTests.Unchanged_items_produce_no_changes" computerName="shoppa-fw16-1" duration="00:00:00.0003645" startTime="2025-09-16T23:30:48.9816394+02:00" endTime="2025-09-16T23:30:48.9816395+02:00" testType="13cdc9d9-ddb5-4fa4-a97d-d965ccfc6d4b" outcome="Passed" testListId="8c84fa94-04c1-424b-9868-57a2d4851a1d" relativeResultsDirectory="4b6194cb-41b7-4926-a229-65907746e6d9" />
    <UnitTestResult executionId="0e8b4ccb-26f0-44b2-bde8-0530ce0fb702" testId="3f47e510-cda8-38f6-3a2e-296a0aeb1605" testName="LabelFilterTests.ForSelector_maps_correctly(input: null, expected: null)" computerName="shoppa-fw16-1" duration="00:00:00.0132898" startTime="2025-09-16T23:30:48.9435441+02:00" endTime="2025-09-16T23:30:48.9435560+02:00" testType="13cdc9d9-ddb5-4fa4-a97d-d965ccfc6d4b" outcome="Passed" testListId="8c84fa94-04c1-424b-9868-57a2d4851a1d" relativeResultsDirectory="0e8b4ccb-26f0-44b2-bde8-0530ce0fb702" />
    <UnitTestResult executionId="2f79af2d-f0ee-41aa-93bc-7cac74882bd8" testId="2d720e36-880f-a0e6-2031-f0c98301c725" testName="ItemFilterTests.Map_range_any_label(start: 1, end: 1, expected: [0])" computerName="shoppa-fw16-1" duration="00:00:00.0000066" startTime="2025-09-16T23:30:48.9796239+02:00" endTime="2025-09-16T23:30:48.9796239+02:00" testType="13cdc9d9-ddb5-4fa4-a97d-d965ccfc6d4b" outcome="Passed" testListId="8c84fa94-04c1-424b-9868-57a2d4851a1d" relativeResultsDirectory="2f79af2d-f0ee-41aa-93bc-7cac74882bd8" />
    <UnitTestResult executionId="ef12e45b-7533-43f7-9907-20712eb605a8" testId="d9d46edb-e375-78e2-c1c2-51b550801c82" testName="ChangeApplierTests.Last_new_wins_among_duplicates" computerName="shoppa-fw16-1" duration="00:00:00.0440727" startTime="2025-09-16T23:30:48.9810571+02:00" endTime="2025-09-16T23:30:48.9810571+02:00" testType="13cdc9d9-ddb5-4fa4-a97d-d965ccfc6d4b" outcome="Passed" testListId="8c84fa94-04c1-424b-9868-57a2d4851a1d" relativeResultsDirectory="ef12e45b-7533-43f7-9907-20712eb605a8" />
    <UnitTestResult executionId="5f944471-29c3-4665-a6d2-ecc5eb34ba56" testId="9976085b-4a5b-0cc8-adb9-217891cca648" testName="ChangeApplierTests.Duplicate_delete_and_modify_results_in_single_upsert" computerName="shoppa-fw16-1" duration="00:00:00.0002525" startTime="2025-09-16T23:30:48.9824172+02:00" endTime="2025-09-16T23:30:48.9824172+02:00" testType="13cdc9d9-ddb5-4fa4-a97d-d965ccfc6d4b" outcome="Passed" testListId="8c84fa94-04c1-424b-9868-57a2d4851a1d" relativeResultsDirectory="5f944471-29c3-4665-a6d2-ecc5eb34ba56" />
    <UnitTestResult executionId="7e5363b4-6480-40e0-a38c-0d711e9f3dbf" testId="3035024e-cb3c-39b1-eba9-192ba9ed2f26" testName="ItemFilterTests.Visible_unlabeled_returns_only_empty_label" computerName="shoppa-fw16-1" duration="00:00:00.0001651" startTime="2025-09-16T23:30:48.9801451+02:00" endTime="2025-09-16T23:30:48.9801451+02:00" testType="13cdc9d9-ddb5-4fa4-a97d-d965ccfc6d4b" outcome="Passed" testListId="8c84fa94-04c1-424b-9868-57a2d4851a1d" relativeResultsDirectory="7e5363b4-6480-40e0-a38c-0d711e9f3dbf" />
    <UnitTestResult executionId="d7a7e69c-35f8-4359-a985-6540ca7c8cfc" testId="37194a5b-9540-b72a-2fd8-3ed7b18ecc22" testName="ItemFilterTests.Map_range_out_of_bounds_returns_error" computerName="shoppa-fw16-1" duration="00:00:00.0001932" startTime="2025-09-16T23:30:48.9798888+02:00" endTime="2025-09-16T23:30:48.9798888+02:00" testType="13cdc9d9-ddb5-4fa4-a97d-d965ccfc6d4b" outcome="Passed" testListId="8c84fa94-04c1-424b-9868-57a2d4851a1d" relativeResultsDirectory="d7a7e69c-35f8-4359-a985-6540ca7c8cfc" />
  </Results>
  <TestDefinitions>
    <UnitTest name="ChangeApplierTests.Deleted_becomes_delete_with_label_mapping" storage="/home/mattias/codex-appconfig/tests/appconfigcli.core.tests/bin/debug/net9.0/appconfigcli.core.tests.dll" id="bb49bb29-eadb-b43a-12ab-c38e498dc669">
      <Execution id="a32ec885-0531-4664-8522-146a783324be" />
      <TestMethod codeBase="/home/mattias/codex-appconfig/tests/AppConfigCli.Core.Tests/bin/Debug/net9.0/AppConfigCli.Core.Tests.dll" adapterTypeName="executor://xunit/VsTestRunner2/netcoreapp" className="ChangeApplierTests" name="Deleted_becomes_delete_with_label_mapping" />
    </UnitTest>
    <UnitTest name="ChangeApplierTests.Last_new_wins_among_duplicates" storage="/home/mattias/codex-appconfig/tests/appconfigcli.core.tests/bin/debug/net9.0/appconfigcli.core.tests.dll" id="d9d46edb-e375-78e2-c1c2-51b550801c82">
      <Execution id="ef12e45b-7533-43f7-9907-20712eb605a8" />
      <TestMethod codeBase="/home/mattias/codex-appconfig/tests/AppConfigCli.Core.Tests/bin/Debug/net9.0/AppConfigCli.Core.Tests.dll" adapterTypeName="executor://xunit/VsTestRunner2/netcoreapp" className="ChangeApplierTests" name="Last_new_wins_among_duplicates" />
    </UnitTest>
    <UnitTest name="AppStateReconcilerTests.Deleted_that_is_gone_on_server_is_dropped" storage="/home/mattias/codex-appconfig/tests/appconfigcli.core.tests/bin/debug/net9.0/appconfigcli.core.tests.dll" id="420c2de5-eb14-37a1-3bc6-522122aec02c">
      <Execution id="48ac70be-ddbd-47e0-911e-1124dead5c6d" />
      <TestMethod codeBase="/home/mattias/codex-appconfig/tests/AppConfigCli.Core.Tests/bin/Debug/net9.0/AppConfigCli.Core.Tests.dll" adapterTypeName="executor://xunit/VsTestRunner2/netcoreapp" className="AppStateReconcilerTests" name="Deleted_that_is_gone_on_server_is_dropped" />
    </UnitTest>
    <UnitTest name="ItemFilterTests.Map_range_any_label(start: 1, end: 1, expected: [0])" storage="/home/mattias/codex-appconfig/tests/appconfigcli.core.tests/bin/debug/net9.0/appconfigcli.core.tests.dll" id="2d720e36-880f-a0e6-2031-f0c98301c725">
      <Execution id="2f79af2d-f0ee-41aa-93bc-7cac74882bd8" />
      <TestMethod codeBase="/home/mattias/codex-appconfig/tests/AppConfigCli.Core.Tests/bin/Debug/net9.0/AppConfigCli.Core.Tests.dll" adapterTypeName="executor://xunit/VsTestRunner2/netcoreapp" className="ItemFilterTests" name="Map_range_any_label" />
    </UnitTest>
    <UnitTest name="ItemFilterTests.Map_range_out_of_bounds_returns_error" storage="/home/mattias/codex-appconfig/tests/appconfigcli.core.tests/bin/debug/net9.0/appconfigcli.core.tests.dll" id="37194a5b-9540-b72a-2fd8-3ed7b18ecc22">
      <Execution id="d7a7e69c-35f8-4359-a985-6540ca7c8cfc" />
      <TestMethod codeBase="/home/mattias/codex-appconfig/tests/AppConfigCli.Core.Tests/bin/Debug/net9.0/AppConfigCli.Core.Tests.dll" adapterTypeName="executor://xunit/VsTestRunner2/netcoreapp" className="ItemFilterTests" name="Map_range_out_of_bounds_returns_error" />
    </UnitTest>
    <UnitTest name="ItemFilterTests.Map_range_any_label(start: 2, end: 3, expected: [1, 2])" storage="/home/mattias/codex-appconfig/tests/appconfigcli.core.tests/bin/debug/net9.0/appconfigcli.core.tests.dll" id="2f5b9956-c28d-49fa-fd3a-9c80cdbd33db">
      <Execution id="b51016d9-28fd-43a3-adf2-2cd554c06ae9" />
      <TestMethod codeBase="/home/mattias/codex-appconfig/tests/AppConfigCli.Core.Tests/bin/Debug/net9.0/AppConfigCli.Core.Tests.dll" adapterTypeName="executor://xunit/VsTestRunner2/netcoreapp" className="ItemFilterTests" name="Map_range_any_label" />
    </UnitTest>
    <UnitTest name="ItemFilterTests.Visible_literal_label_returns_only_that_label" storage="/home/mattias/codex-appconfig/tests/appconfigcli.core.tests/bin/debug/net9.0/appconfigcli.core.tests.dll" id="5855942d-8f64-0fc6-3511-75ab8f9c7264">
      <Execution id="c0e2b571-00ce-45cb-b665-87b0318e99ed" />
      <TestMethod codeBase="/home/mattias/codex-appconfig/tests/AppConfigCli.Core.Tests/bin/Debug/net9.0/AppConfigCli.Core.Tests.dll" adapterTypeName="executor://xunit/VsTestRunner2/netcoreapp" className="ItemFilterTests" name="Visible_literal_label_returns_only_that_label" />
    </UnitTest>
    <UnitTest name="AppStateReconcilerTests.Modified_deleted_on_server_becomes_New" storage="/home/mattias/codex-appconfig/tests/appconfigcli.core.tests/bin/debug/net9.0/appconfigcli.core.tests.dll" id="185df21f-1c52-7a74-ae0a-070526063ed0">
      <Execution id="2edc26d7-222b-4327-84ef-0d8e4046be0f" />
      <TestMethod codeBase="/home/mattias/codex-appconfig/tests/AppConfigCli.Core.Tests/bin/Debug/net9.0/AppConfigCli.Core.Tests.dll" adapterTypeName="executor://xunit/VsTestRunner2/netcoreapp" className="AppStateReconcilerTests" name="Modified_deleted_on_server_becomes_New" />
    </UnitTest>
    <UnitTest name="ItemFilterTests.Visible_unlabeled_returns_only_empty_label" storage="/home/mattias/codex-appconfig/tests/appconfigcli.core.tests/bin/debug/net9.0/appconfigcli.core.tests.dll" id="3035024e-cb3c-39b1-eba9-192ba9ed2f26">
      <Execution id="7e5363b4-6480-40e0-a38c-0d711e9f3dbf" />
      <TestMethod codeBase="/home/mattias/codex-appconfig/tests/AppConfigCli.Core.Tests/bin/Debug/net9.0/AppConfigCli.Core.Tests.dll" adapterTypeName="executor://xunit/VsTestRunner2/netcoreapp" className="ItemFilterTests" name="Visible_unlabeled_returns_only_empty_label" />
    </UnitTest>
    <UnitTest name="ItemFilterTests.Map_range_any_label(start: 1, end: 2, expected: [0, 1])" storage="/home/mattias/codex-appconfig/tests/appconfigcli.core.tests/bin/debug/net9.0/appconfigcli.core.tests.dll" id="4785ef82-9710-69b5-2b57-210f3f16bfdf">
      <Execution id="d4461497-a535-4e35-adad-b4f7bc63ccee" />
      <TestMethod codeBase="/home/mattias/codex-appconfig/tests/AppConfigCli.Core.Tests/bin/Debug/net9.0/AppConfigCli.Core.Tests.dll" adapterTypeName="executor://xunit/VsTestRunner2/netcoreapp" className="ItemFilterTests" name="Map_range_any_label" />
    </UnitTest>
    <UnitTest name="ItemFilterTests.Map_range_literal_label_and_regex" storage="/home/mattias/codex-appconfig/tests/appconfigcli.core.tests/bin/debug/net9.0/appconfigcli.core.tests.dll" id="7c9d88c3-7de9-19d6-9cb6-1e95f83f21c1">
      <Execution id="3902e091-1e81-4f40-9238-e2e7c6ca5787" />
      <TestMethod codeBase="/home/mattias/codex-appconfig/tests/AppConfigCli.Core.Tests/bin/Debug/net9.0/AppConfigCli.Core.Tests.dll" adapterTypeName="executor://xunit/VsTestRunner2/netcoreapp" className="ItemFilterTests" name="Map_range_literal_label_and_regex" />
    </UnitTest>
    <UnitTest name="ChangeApplierTests.Unchanged_items_produce_no_changes" storage="/home/mattias/codex-appconfig/tests/appconfigcli.core.tests/bin/debug/net9.0/appconfigcli.core.tests.dll" id="02e6f6d1-b7b0-efc8-4fd3-9a1e02361641">
      <Execution id="4b6194cb-41b7-4926-a229-65907746e6d9" />
      <TestMethod codeBase="/home/mattias/codex-appconfig/tests/AppConfigCli.Core.Tests/bin/Debug/net9.0/AppConfigCli.Core.Tests.dll" adapterTypeName="executor://xunit/VsTestRunner2/netcoreapp" className="ChangeApplierTests" name="Unchanged_items_produce_no_changes" />
    </UnitTest>
    <UnitTest name="LabelFilterTests.ForSelector_maps_correctly(input: &quot;prod&quot;, expected: &quot;prod&quot;)" storage="/home/mattias/codex-appconfig/tests/appconfigcli.core.tests/bin/debug/net9.0/appconfigcli.core.tests.dll" id="99df7739-9d13-9497-17d5-a762f0dab85e">
      <Execution id="61477d71-f3c4-43e3-abbc-d14fecbbbade" />
      <TestMethod codeBase="/home/mattias/codex-appconfig/tests/AppConfigCli.Core.Tests/bin/Debug/net9.0/AppConfigCli.Core.Tests.dll" adapterTypeName="executor://xunit/VsTestRunner2/netcoreapp" className="LabelFilterTests" name="ForSelector_maps_correctly" />
    </UnitTest>
    <UnitTest name="ItemFilterTests.Visible_applies_regex_on_shortkey" storage="/home/mattias/codex-appconfig/tests/appconfigcli.core.tests/bin/debug/net9.0/appconfigcli.core.tests.dll" id="9b809a30-5296-a74c-13e3-ba3a9214922d">
      <Execution id="0077a75c-abf4-456d-86af-57248ecd76d5" />
      <TestMethod codeBase="/home/mattias/codex-appconfig/tests/AppConfigCli.Core.Tests/bin/Debug/net9.0/AppConfigCli.Core.Tests.dll" adapterTypeName="executor://xunit/VsTestRunner2/netcoreapp" className="ItemFilterTests" name="Visible_applies_regex_on_shortkey" />
    </UnitTest>
    <UnitTest name="LabelFilterTests.ForWrite_maps_correctly(input: &quot;dev&quot;, expected: &quot;dev&quot;)" storage="/home/mattias/codex-appconfig/tests/appconfigcli.core.tests/bin/debug/net9.0/appconfigcli.core.tests.dll" id="46bcd91f-5c38-841d-c5a0-4ecacdbbdd07">
      <Execution id="bc5dde52-aeba-498d-8635-77283fdfa850" />
      <TestMethod codeBase="/home/mattias/codex-appconfig/tests/AppConfigCli.Core.Tests/bin/Debug/net9.0/AppConfigCli.Core.Tests.dll" adapterTypeName="executor://xunit/VsTestRunner2/netcoreapp" className="LabelFilterTests" name="ForWrite_maps_correctly" />
    </UnitTest>
    <UnitTest name="LabelFilterTests.ForWrite_maps_correctly(input: &quot;prod&quot;, expected: &quot;prod&quot;)" storage="/home/mattias/codex-appconfig/tests/appconfigcli.core.tests/bin/debug/net9.0/appconfigcli.core.tests.dll" id="99f03c58-a80e-a3a9-bf9e-4ac8779a3bb8">
      <Execution id="8221ee4e-4fc7-4419-8964-c086098d14ff" />
      <TestMethod codeBase="/home/mattias/codex-appconfig/tests/AppConfigCli.Core.Tests/bin/Debug/net9.0/AppConfigCli.Core.Tests.dll" adapterTypeName="executor://xunit/VsTestRunner2/netcoreapp" className="LabelFilterTests" name="ForWrite_maps_correctly" />
    </UnitTest>
    <UnitTest name="LabelFilterTests.ForWrite_maps_correctly(input: null, expected: null)" storage="/home/mattias/codex-appconfig/tests/appconfigcli.core.tests/bin/debug/net9.0/appconfigcli.core.tests.dll" id="9e9e30ae-91b6-58a0-625a-1cde020cb68c">
      <Execution id="a34b2a55-bf2c-46ac-959a-472a68919d90" />
      <TestMethod codeBase="/home/mattias/codex-appconfig/tests/AppConfigCli.Core.Tests/bin/Debug/net9.0/AppConfigCli.Core.Tests.dll" adapterTypeName="executor://xunit/VsTestRunner2/netcoreapp" className="LabelFilterTests" name="ForWrite_maps_correctly" />
    </UnitTest>
    <UnitTest name="FlatKeyMapperTests.Flatten_roundtrips_back_to_flats" storage="/home/mattias/codex-appconfig/tests/appconfigcli.core.tests/bin/debug/net9.0/appconfigcli.core.tests.dll" id="104dceb5-563d-6140-e391-e46ede51c315">
      <Execution id="943439fc-0d9e-4273-9837-861379ac6153" />
      <TestMethod codeBase="/home/mattias/codex-appconfig/tests/AppConfigCli.Core.Tests/bin/Debug/net9.0/AppConfigCli.Core.Tests.dll" adapterTypeName="executor://xunit/VsTestRunner2/netcoreapp" className="FlatKeyMapperTests" name="Flatten_roundtrips_back_to_flats" />
    </UnitTest>
    <UnitTest name="ChangeApplierTests.New_and_Modified_become_upserts" storage="/home/mattias/codex-appconfig/tests/appconfigcli.core.tests/bin/debug/net9.0/appconfigcli.core.tests.dll" id="e5f9d5b6-ed8f-5ce2-1e3d-1e9da50abd95">
      <Execution id="338e8915-c1df-46e2-bbbc-e1bf61cb7dac" />
      <TestMethod codeBase="/home/mattias/codex-appconfig/tests/AppConfigCli.Core.Tests/bin/Debug/net9.0/AppConfigCli.Core.Tests.dll" adapterTypeName="executor://xunit/VsTestRunner2/netcoreapp" className="ChangeApplierTests" name="New_and_Modified_become_upserts" />
    </UnitTest>
    <UnitTest name="LabelFilterTests.ForWrite_maps_correctly(input: &quot;&quot;, expected: null)" storage="/home/mattias/codex-appconfig/tests/appconfigcli.core.tests/bin/debug/net9.0/appconfigcli.core.tests.dll" id="6de2d353-8914-63d9-5b40-fa699064c5a8">
      <Execution id="61ae6603-7d85-41e2-8deb-8b82d12a9422" />
      <TestMethod codeBase="/home/mattias/codex-appconfig/tests/AppConfigCli.Core.Tests/bin/Debug/net9.0/AppConfigCli.Core.Tests.dll" adapterTypeName="executor://xunit/VsTestRunner2/netcoreapp" className="LabelFilterTests" name="ForWrite_maps_correctly" />
    </UnitTest>
    <UnitTest name="ItemFilterTests.Visible_any_label_returns_all" storage="/home/mattias/codex-appconfig/tests/appconfigcli.core.tests/bin/debug/net9.0/appconfigcli.core.tests.dll" id="9037fe3e-122a-e7cd-a5cf-b21cde9805b6">
      <Execution id="0cf7a82e-b2eb-4095-b54c-48360811af21" />
      <TestMethod codeBase="/home/mattias/codex-appconfig/tests/AppConfigCli.Core.Tests/bin/Debug/net9.0/AppConfigCli.Core.Tests.dll" adapterTypeName="executor://xunit/VsTestRunner2/netcoreapp" className="ItemFilterTests" name="Visible_any_label_returns_all" />
    </UnitTest>
    <UnitTest name="LabelFilterTests.ForSelector_maps_correctly(input: &quot;&quot;, expected: &quot;\0&quot;)" storage="/home/mattias/codex-appconfig/tests/appconfigcli.core.tests/bin/debug/net9.0/appconfigcli.core.tests.dll" id="b8ed0044-c78b-22f1-4699-f739baf5a488">
      <Execution id="c4cb6b68-6468-43b1-8a0b-9ee30a23f23c" />
      <TestMethod codeBase="/home/mattias/codex-appconfig/tests/AppConfigCli.Core.Tests/bin/Debug/net9.0/AppConfigCli.Core.Tests.dll" adapterTypeName="executor://xunit/VsTestRunner2/netcoreapp" className="LabelFilterTests" name="ForSelector_maps_correctly" />
    </UnitTest>
    <UnitTest name="ChangeApplierTests.Duplicate_delete_and_modify_results_in_single_upsert" storage="/home/mattias/codex-appconfig/tests/appconfigcli.core.tests/bin/debug/net9.0/appconfigcli.core.tests.dll" id="9976085b-4a5b-0cc8-adb9-217891cca648">
      <Execution id="5f944471-29c3-4665-a6d2-ecc5eb34ba56" />
      <TestMethod codeBase="/home/mattias/codex-appconfig/tests/AppConfigCli.Core.Tests/bin/Debug/net9.0/AppConfigCli.Core.Tests.dll" adapterTypeName="executor://xunit/VsTestRunner2/netcoreapp" className="ChangeApplierTests" name="Duplicate_delete_and_modify_results_in_single_upsert" />
    </UnitTest>
    <UnitTest name="LabelFilterTests.ForSelector_maps_correctly(input: &quot;dev&quot;, expected: &quot;dev&quot;)" storage="/home/mattias/codex-appconfig/tests/appconfigcli.core.tests/bin/debug/net9.0/appconfigcli.core.tests.dll" id="8e4dfe9e-29fc-a433-20c2-c24a72a3a5a3">
      <Execution id="8c7aa8ec-49eb-468b-ba3a-e01dd6c4e3d7" />
      <TestMethod codeBase="/home/mattias/codex-appconfig/tests/AppConfigCli.Core.Tests/bin/Debug/net9.0/AppConfigCli.Core.Tests.dll" adapterTypeName="executor://xunit/VsTestRunner2/netcoreapp" className="LabelFilterTests" name="ForSelector_maps_correctly" />
    </UnitTest>
    <UnitTest name="FlatKeyMapperTests.BuildTree_creates_objects_arrays_and_values" storage="/home/mattias/codex-appconfig/tests/appconfigcli.core.tests/bin/debug/net9.0/appconfigcli.core.tests.dll" id="780717a4-dc45-5d1a-b580-f377557d6d67">
      <Execution id="595c4c1b-94d5-4e7d-85c9-649b676d36a9" />
      <TestMethod codeBase="/home/mattias/codex-appconfig/tests/AppConfigCli.Core.Tests/bin/Debug/net9.0/AppConfigCli.Core.Tests.dll" adapterTypeName="executor://xunit/VsTestRunner2/netcoreapp" className="FlatKeyMapperTests" name="BuildTree_creates_objects_arrays_and_values" />
    </UnitTest>
    <UnitTest name="ItemFilterTests.Visible_indices_match_expected_order" storage="/home/mattias/codex-appconfig/tests/appconfigcli.core.tests/bin/debug/net9.0/appconfigcli.core.tests.dll" id="3ab43c05-c101-c138-4a06-0aa6efd63a5f">
      <Execution id="9c4de6ff-b088-4ef3-895c-f7dd8cbc3369" />
      <TestMethod codeBase="/home/mattias/codex-appconfig/tests/AppConfigCli.Core.Tests/bin/Debug/net9.0/AppConfigCli.Core.Tests.dll" adapterTypeName="executor://xunit/VsTestRunner2/netcoreapp" className="ItemFilterTests" name="Visible_indices_match_expected_order" />
    </UnitTest>
    <UnitTest name="AppStateReconcilerTests.Modified_matching_server_becomes_Unchanged" storage="/home/mattias/codex-appconfig/tests/appconfigcli.core.tests/bin/debug/net9.0/appconfigcli.core.tests.dll" id="24ea7713-3960-4410-c389-bcc3b5fcbd39">
      <Execution id="30c84687-e988-4483-9b75-149b4c8fbe2b" />
      <TestMethod codeBase="/home/mattias/codex-appconfig/tests/AppConfigCli.Core.Tests/bin/Debug/net9.0/AppConfigCli.Core.Tests.dll" adapterTypeName="executor://xunit/VsTestRunner2/netcoreapp" className="AppStateReconcilerTests" name="Modified_matching_server_becomes_Unchanged" />
    </UnitTest>
    <UnitTest name="LabelFilterTests.ForSelector_maps_correctly(input: null, expected: null)" storage="/home/mattias/codex-appconfig/tests/appconfigcli.core.tests/bin/debug/net9.0/appconfigcli.core.tests.dll" id="3f47e510-cda8-38f6-3a2e-296a0aeb1605">
      <Execution id="0e8b4ccb-26f0-44b2-bde8-0530ce0fb702" />
      <TestMethod codeBase="/home/mattias/codex-appconfig/tests/AppConfigCli.Core.Tests/bin/Debug/net9.0/AppConfigCli.Core.Tests.dll" adapterTypeName="executor://xunit/VsTestRunner2/netcoreapp" className="LabelFilterTests" name="ForSelector_maps_correctly" />
    </UnitTest>
  </TestDefinitions>
  <TestEntries>
    <TestEntry testId="7c9d88c3-7de9-19d6-9cb6-1e95f83f21c1" executionId="3902e091-1e81-4f40-9238-e2e7c6ca5787" testListId="8c84fa94-04c1-424b-9868-57a2d4851a1d" />
    <TestEntry testId="6de2d353-8914-63d9-5b40-fa699064c5a8" executionId="61ae6603-7d85-41e2-8deb-8b82d12a9422" testListId="8c84fa94-04c1-424b-9868-57a2d4851a1d" />
    <TestEntry testId="104dceb5-563d-6140-e391-e46ede51c315" executionId="943439fc-0d9e-4273-9837-861379ac6153" testListId="8c84fa94-04c1-424b-9868-57a2d4851a1d" />
    <TestEntry testId="4785ef82-9710-69b5-2b57-210f3f16bfdf" executionId="d4461497-a535-4e35-adad-b4f7bc63ccee" testListId="8c84fa94-04c1-424b-9868-57a2d4851a1d" />
    <TestEntry testId="9e9e30ae-91b6-58a0-625a-1cde020cb68c" executionId="a34b2a55-bf2c-46ac-959a-472a68919d90" testListId="8c84fa94-04c1-424b-9868-57a2d4851a1d" />
    <TestEntry testId="2f5b9956-c28d-49fa-fd3a-9c80cdbd33db" executionId="b51016d9-28fd-43a3-adf2-2cd554c06ae9" testListId="8c84fa94-04c1-424b-9868-57a2d4851a1d" />
    <TestEntry testId="780717a4-dc45-5d1a-b580-f377557d6d67" executionId="595c4c1b-94d5-4e7d-85c9-649b676d36a9" testListId="8c84fa94-04c1-424b-9868-57a2d4851a1d" />
    <TestEntry testId="3ab43c05-c101-c138-4a06-0aa6efd63a5f" executionId="9c4de6ff-b088-4ef3-895c-f7dd8cbc3369" testListId="8c84fa94-04c1-424b-9868-57a2d4851a1d" />
    <TestEntry testId="99df7739-9d13-9497-17d5-a762f0dab85e" executionId="61477d71-f3c4-43e3-abbc-d14fecbbbade" testListId="8c84fa94-04c1-424b-9868-57a2d4851a1d" />
    <TestEntry testId="e5f9d5b6-ed8f-5ce2-1e3d-1e9da50abd95" executionId="338e8915-c1df-46e2-bbbc-e1bf61cb7dac" testListId="8c84fa94-04c1-424b-9868-57a2d4851a1d" />
    <TestEntry testId="8e4dfe9e-29fc-a433-20c2-c24a72a3a5a3" executionId="8c7aa8ec-49eb-468b-ba3a-e01dd6c4e3d7" testListId="8c84fa94-04c1-424b-9868-57a2d4851a1d" />
    <TestEntry testId="9037fe3e-122a-e7cd-a5cf-b21cde9805b6" executionId="0cf7a82e-b2eb-4095-b54c-48360811af21" testListId="8c84fa94-04c1-424b-9868-57a2d4851a1d" />
    <TestEntry testId="b8ed0044-c78b-22f1-4699-f739baf5a488" executionId="c4cb6b68-6468-43b1-8a0b-9ee30a23f23c" testListId="8c84fa94-04c1-424b-9868-57a2d4851a1d" />
    <TestEntry testId="5855942d-8f64-0fc6-3511-75ab8f9c7264" executionId="c0e2b571-00ce-45cb-b665-87b0318e99ed" testListId="8c84fa94-04c1-424b-9868-57a2d4851a1d" />
    <TestEntry testId="9b809a30-5296-a74c-13e3-ba3a9214922d" executionId="0077a75c-abf4-456d-86af-57248ecd76d5" testListId="8c84fa94-04c1-424b-9868-57a2d4851a1d" />
    <TestEntry testId="46bcd91f-5c38-841d-c5a0-4ecacdbbdd07" executionId="bc5dde52-aeba-498d-8635-77283fdfa850" testListId="8c84fa94-04c1-424b-9868-57a2d4851a1d" />
    <TestEntry testId="24ea7713-3960-4410-c389-bcc3b5fcbd39" executionId="30c84687-e988-4483-9b75-149b4c8fbe2b" testListId="8c84fa94-04c1-424b-9868-57a2d4851a1d" />
    <TestEntry testId="99f03c58-a80e-a3a9-bf9e-4ac8779a3bb8" executionId="8221ee4e-4fc7-4419-8964-c086098d14ff" testListId="8c84fa94-04c1-424b-9868-57a2d4851a1d" />
    <TestEntry testId="420c2de5-eb14-37a1-3bc6-522122aec02c" executionId="48ac70be-ddbd-47e0-911e-1124dead5c6d" testListId="8c84fa94-04c1-424b-9868-57a2d4851a1d" />
    <TestEntry testId="bb49bb29-eadb-b43a-12ab-c38e498dc669" executionId="a32ec885-0531-4664-8522-146a783324be" testListId="8c84fa94-04c1-424b-9868-57a2d4851a1d" />
    <TestEntry testId="185df21f-1c52-7a74-ae0a-070526063ed0" executionId="2edc26d7-222b-4327-84ef-0d8e4046be0f" testListId="8c84fa94-04c1-424b-9868-57a2d4851a1d" />
    <TestEntry testId="02e6f6d1-b7b0-efc8-4fd3-9a1e02361641" executionId="4b6194cb-41b7-4926-a229-65907746e6d9" testListId="8c84fa94-04c1-424b-9868-57a2d4851a1d" />
    <TestEntry testId="3f47e510-cda8-38f6-3a2e-296a0aeb1605" executionId="0e8b4ccb-26f0-44b2-bde8-0530ce0fb702" testListId="8c84fa94-04c1-424b-9868-57a2d4851a1d" />
    <TestEntry testId="2d720e36-880f-a0e6-2031-f0c98301c725" executionId="2f79af2d-f0ee-41aa-93bc-7cac74882bd8" testListId="8c84fa94-04c1-424b-9868-57a2d4851a1d" />
    <TestEntry testId="d9d46edb-e375-78e2-c1c2-51b550801c82" executionId="ef12e45b-7533-43f7-9907-20712eb605a8" testListId="8c84fa94-04c1-424b-9868-57a2d4851a1d" />
    <TestEntry testId="9976085b-4a5b-0cc8-adb9-217891cca648" executionId="5f944471-29c3-4665-a6d2-ecc5eb34ba56" testListId="8c84fa94-04c1-424b-9868-57a2d4851a1d" />
    <TestEntry testId="3035024e-cb3c-39b1-eba9-192ba9ed2f26" executionId="7e5363b4-6480-40e0-a38c-0d711e9f3dbf" testListId="8c84fa94-04c1-424b-9868-57a2d4851a1d" />
    <TestEntry testId="37194a5b-9540-b72a-2fd8-3ed7b18ecc22" executionId="d7a7e69c-35f8-4359-a985-6540ca7c8cfc" testListId="8c84fa94-04c1-424b-9868-57a2d4851a1d" />
  </TestEntries>
  <TestLists>
    <TestList name="Results Not in a List" id="8c84fa94-04c1-424b-9868-57a2d4851a1d" />
    <TestList name="All Loaded Results" id="19431567-8539-422a-85d7-44ee4e166bda" />
  </TestLists>
  <ResultSummary outcome="Completed">
    <Counters total="28" executed="28" passed="28" failed="0" error="0" timeout="0" aborted="0" inconclusive="0" passedButRunAborted="0" notRunnable="0" notExecuted="0" disconnected="0" warning="0" completed="0" inProgress="0" pending="0" />
    <Output>
      <StdOut>[xUnit.net 00:00:00.00] xUnit.net VSTest Adapter v2.8.2+699d445a1a (64-bit .NET 9.0.9)
[xUnit.net 00:00:00.04]   Discovering: AppConfigCli.Core.Tests
[xUnit.net 00:00:00.08]   Discovered:  AppConfigCli.Core.Tests
[xUnit.net 00:00:00.08]   Starting:    AppConfigCli.Core.Tests
[xUnit.net 00:00:00.18]   Finished:    AppConfigCli.Core.Tests
</StdOut>
    </Output>
    <CollectorDataEntries>
      <Collector agentName="shoppa-fw16-1" uri="datacollector://microsoft/CoverletCodeCoverage/1.0" collectorDisplayName="XPlat code coverage">
        <UriAttachments>
          <UriAttachment>
            <A href="shoppa-fw16-1/coverage.cobertura.xml"></A>
          </UriAttachment>
        </UriAttachments>
      </Collector>
    </CollectorDataEntries>
  </ResultSummary>
</TestRun>