<?xml version="1.0" encoding="utf-8"?>
<TestRun id="72bd6d39-4977-4d4a-b8c1-3dae4b252ce7" name="@shoppa-fw16-1 2025-09-16 23:25:59" xmlns="http://microsoft.com/schemas/VisualStudio/TeamTest/2010">
  <Times creation="2025-09-16T23:25:59.5191969+02:00" queuing="2025-09-16T23:25:59.5191969+02:00" start="2025-09-16T23:25:58.5559519+02:00" finish="2025-09-16T23:25:59.7285247+02:00" />
  <TestSettings name="default" id="3287c09f-9248-4327-8f29-31a66933e981">
    <Deployment runDeploymentRoot="_shoppa-fw16-1_2025-09-16_23_25_59" />
  </TestSettings>
  <Results>
    <UnitTestResult executionId="1424d879-0095-4365-abce-068f676b000e" testId="24ea7713-3960-4410-c389-bcc3b5fcbd39" testName="AppStateReconcilerTests.Modified_matching_server_becomes_Unchanged" computerName="shoppa-fw16-1" duration="00:00:00.0045916" startTime="2025-09-16T23:25:59.4993042+02:00" endTime="2025-09-16T23:25:59.4993042+02:00" testType="13cdc9d9-ddb5-4fa4-a97d-d965ccfc6d4b" outcome="Passed" testListId="8c84fa94-04c1-424b-9868-57a2d4851a1d" relativeResultsDirectory="1424d879-0095-4365-abce-068f676b000e" />
    <UnitTestResult executionId="c708af73-a49e-489a-af9c-deb32ad9f5c9" testId="3ab43c05-c101-c138-4a06-0aa6efd63a5f" testName="ItemFilterTests.Visible_indices_match_expected_order" computerName="shoppa-fw16-1" duration="00:00:00.0206553" startTime="2025-09-16T23:25:59.4990552+02:00" endTime="2025-09-16T23:25:59.4990553+02:00" testType="13cdc9d9-ddb5-4fa4-a97d-d965ccfc6d4b" outcome="Passed" testListId="8c84fa94-04c1-424b-9868-57a2d4851a1d" relativeResultsDirectory="c708af73-a49e-489a-af9c-deb32ad9f5c9" />
    <UnitTestResult executionId="5fe7ab1b-54bb-477b-a0d4-aa228e717adf" testId="420c2de5-eb14-37a1-3bc6-522122aec02c" testName="AppStateReconcilerTests.Deleted_that_is_gone_on_server_is_dropped" computerName="shoppa-fw16-1" duration="00:00:00.0139388" startTime="2025-09-16T23:25:59.4672868+02:00" endTime="2025-09-16T23:25:59.4673277+02:00" testType="13cdc9d9-ddb5-4fa4-a97d-d965ccfc6d4b" outcome="Passed" testListId="8c84fa94-04c1-424b-9868-57a2d4851a1d" relativeResultsDirectory="5fe7ab1b-54bb-477b-a0d4-aa228e717adf" />
    <UnitTestResult executionId="79b6e0b2-1a5f-4ba8-a590-174f0f5ca1a8" testId="2d720e36-880f-a0e6-2031-f0c98301c725" testName="ItemFilterTests.Map_range_any_label(start: 1, end: 1, expected: [0])" computerName="shoppa-fw16-1" duration="00:00:00.0000128" startTime="2025-09-16T23:25:59.5015634+02:00" endTime="2025-09-16T23:25:59.5015635+02:00" testType="13cdc9d9-ddb5-4fa4-a97d-d965ccfc6d4b" outcome="Passed" testListId="8c84fa94-04c1-424b-9868-57a2d4851a1d" relativeResultsDirectory="79b6e0b2-1a5f-4ba8-a590-174f0f5ca1a8" />
    <UnitTestResult executionId="bc67ff98-bb3a-4ef6-a890-6eeb8d2f9940" testId="99f03c58-a80e-a3a9-bf9e-4ac8779a3bb8" testName="LabelFilterTests.ForWrite_maps_correctly(input: &quot;prod&quot;, expected: &quot;prod&quot;)" computerName="shoppa-fw16-1" duration="00:00:00.0000062" startTime="2025-09-16T23:25:59.4986817+02:00" endTime="2025-09-16T23:25:59.4986818+02:00" testType="13cdc9d9-ddb5-4fa4-a97d-d965ccfc6d4b" outcome="Passed" testListId="8c84fa94-04c1-424b-9868-57a2d4851a1d" relativeResultsDirectory="bc67ff98-bb3a-4ef6-a890-6eeb8d2f9940" />
    <UnitTestResult executionId="40d11481-ac4d-41d6-8920-b9f8447e3047" testId="6de2d353-8914-63d9-5b40-fa699064c5a8" testName="LabelFilterTests.ForWrite_maps_correctly(input: &quot;&quot;, expected: null)" computerName="shoppa-fw16-1" duration="00:00:00.0001811" startTime="2025-09-16T23:25:59.4983332+02:00" endTime="2025-09-16T23:25:59.4983332+02:00" testType="13cdc9d9-ddb5-4fa4-a97d-d965ccfc6d4b" outcome="Passed" testListId="8c84fa94-04c1-424b-9868-57a2d4851a1d" relativeResultsDirectory="40d11481-ac4d-41d6-8920-b9f8447e3047" />
    <UnitTestResult executionId="e3324eea-ba3e-422d-b35c-c4d94b2e78ec" testId="2f5b9956-c28d-49fa-fd3a-9c80cdbd33db" testName="ItemFilterTests.Map_range_any_label(start: 2, end: 3, expected: [1, 2])" computerName="shoppa-fw16-1" duration="00:00:00.0001960" startTime="2025-09-16T23:25:59.5012707+02:00" endTime="2025-09-16T23:25:59.5012708+02:00" testType="13cdc9d9-ddb5-4fa4-a97d-d965ccfc6d4b" outcome="Passed" testListId="8c84fa94-04c1-424b-9868-57a2d4851a1d" relativeResultsDirectory="e3324eea-ba3e-422d-b35c-c4d94b2e78ec" />
    <UnitTestResult executionId="ac72c1e7-8b3b-4f51-8d96-75f7cd52aa1e" testId="3035024e-cb3c-39b1-eba9-192ba9ed2f26" testName="ItemFilterTests.Visible_unlabeled_returns_only_empty_label" computerName="shoppa-fw16-1" duration="00:00:00.0005463" startTime="2025-09-16T23:25:59.5020905+02:00" endTime="2025-09-16T23:25:59.5020906+02:00" testType="13cdc9d9-ddb5-4fa4-a97d-d965ccfc6d4b" outcome="Passed" testListId="8c84fa94-04c1-424b-9868-57a2d4851a1d" relativeResultsDirectory="ac72c1e7-8b3b-4f51-8d96-75f7cd52aa1e" />
    <UnitTestResult executionId="6bb44ec6-794a-427f-95c1-2ee48b3e5be3" testId="4785ef82-9710-69b5-2b57-210f3f16bfdf" testName="ItemFilterTests.Map_range_any_label(start: 1, end: 2, expected: [0, 1])" computerName="shoppa-fw16-1" duration="00:00:00.0003458" startTime="2025-09-16T23:25:59.5010207+02:00" endTime="2025-09-16T23:25:59.5010208+02:00" testType="13cdc9d9-ddb5-4fa4-a97d-d965ccfc6d4b" outcome="Passed" testListId="8c84fa94-04c1-424b-9868-57a2d4851a1d" relativeResultsDirectory="6bb44ec6-794a-427f-95c1-2ee48b3e5be3" />
    <UnitTestResult executionId="07c03550-63d8-49ad-ac43-f5f8c40099c7" testId="780717a4-dc45-5d1a-b580-f377557d6d67" testName="FlatKeyMapperTests.BuildTree_creates_objects_arrays_and_values" computerName="shoppa-fw16-1" duration="00:00:00.0167318" startTime="2025-09-16T23:25:59.4785215+02:00" endTime="2025-09-16T23:25:59.4785215+02:00" testType="13cdc9d9-ddb5-4fa4-a97d-d965ccfc6d4b" outcome="Passed" testListId="8c84fa94-04c1-424b-9868-57a2d4851a1d" relativeResultsDirectory="07c03550-63d8-49ad-ac43-f5f8c40099c7" />
    <UnitTestResult executionId="78d80cc8-47b0-4da1-8891-97e02148a65f" testId="99df7739-9d13-9497-17d5-a762f0dab85e" testName="LabelFilterTests.ForSelector_maps_correctly(input: &quot;prod&quot;, expected: &quot;prod&quot;)" computerName="shoppa-fw16-1" duration="00:00:00.0000129" startTime="2025-09-16T23:25:59.4791967+02:00" endTime="2025-09-16T23:25:59.4791967+02:00" testType="13cdc9d9-ddb5-4fa4-a97d-d965ccfc6d4b" outcome="Passed" testListId="8c84fa94-04c1-424b-9868-57a2d4851a1d" relativeResultsDirectory="78d80cc8-47b0-4da1-8891-97e02148a65f" />
    <UnitTestResult executionId="ceebfc33-fae4-44e9-ae17-6c29e7e8e422" testId="46bcd91f-5c38-841d-c5a0-4ecacdbbdd07" testName="LabelFilterTests.ForWrite_maps_correctly(input: &quot;dev&quot;, expected: &quot;dev&quot;)" computerName="shoppa-fw16-1" duration="00:00:00.0004467" startTime="2025-09-16T23:25:59.4979503+02:00" endTime="2025-09-16T23:25:59.4979504+02:00" testType="13cdc9d9-ddb5-4fa4-a97d-d965ccfc6d4b" outcome="Passed" testListId="8c84fa94-04c1-424b-9868-57a2d4851a1d" relativeResultsDirectory="ceebfc33-fae4-44e9-ae17-6c29e7e8e422" />
    <UnitTestResult executionId="730bcce7-8057-4229-82d4-0df08e12763c" testId="7c9d88c3-7de9-19d6-9cb6-1e95f83f21c1" testName="ItemFilterTests.Map_range_literal_label_and_regex" computerName="shoppa-fw16-1" duration="00:00:00.0021085" startTime="2025-09-16T23:25:59.4997624+02:00" endTime="2025-09-16T23:25:59.4997624+02:00" testType="13cdc9d9-ddb5-4fa4-a97d-d965ccfc6d4b" outcome="Passed" testListId="8c84fa94-04c1-424b-9868-57a2d4851a1d" relativeResultsDirectory="730bcce7-8057-4229-82d4-0df08e12763c" />
    <UnitTestResult executionId="f24fbbc0-d9fa-4f69-a022-b052d22bd82b" testId="5855942d-8f64-0fc6-3511-75ab8f9c7264" testName="ItemFilterTests.Visible_literal_label_returns_only_that_label" computerName="shoppa-fw16-1" duration="00:00:00.0006068" startTime="2025-09-16T23:25:59.5026873+02:00" endTime="2025-09-16T23:25:59.5026874+02:00" testType="13cdc9d9-ddb5-4fa4-a97d-d965ccfc6d4b" outcome="Passed" testListId="8c84fa94-04c1-424b-9868-57a2d4851a1d" relativeResultsDirectory="f24fbbc0-d9fa-4f69-a022-b052d22bd82b" />
    <UnitTestResult executionId="7859c755-8535-4a6d-a425-fad096d6cfa6" testId="b8ed0044-c78b-22f1-4699-f739baf5a488" testName="LabelFilterTests.ForSelector_maps_correctly(input: &quot;&quot;, expected: &quot;\0&quot;)" computerName="shoppa-fw16-1" duration="00:00:00.0000077" startTime="2025-09-16T23:25:59.4795591+02:00" endTime="2025-09-16T23:25:59.4795591+02:00" testType="13cdc9d9-ddb5-4fa4-a97d-d965ccfc6d4b" outcome="Passed" testListId="8c84fa94-04c1-424b-9868-57a2d4851a1d" relativeResultsDirectory="7859c755-8535-4a6d-a425-fad096d6cfa6" />
    <UnitTestResult executionId="b8172a15-3b92-4df2-ada0-c603ffcca6de" testId="9037fe3e-122a-e7cd-a5cf-b21cde9805b6" testName="ItemFilterTests.Visible_any_label_returns_all" computerName="shoppa-fw16-1" duration="00:00:00.0002530" startTime="2025-09-16T23:25:59.5000155+02:00" endTime="2025-09-16T23:25:59.5000156+02:00" testType="13cdc9d9-ddb5-4fa4-a97d-d965ccfc6d4b" outcome="Passed" testListId="8c84fa94-04c1-424b-9868-57a2d4851a1d" relativeResultsDirectory="b8172a15-3b92-4df2-ada0-c603ffcca6de" />
    <UnitTestResult executionId="753fcd71-ae5d-48c0-91a7-8e4edb104138" testId="9b809a30-5296-a74c-13e3-ba3a9214922d" testName="ItemFilterTests.Visible_applies_regex_on_shortkey" computerName="shoppa-fw16-1" duration="00:00:00.0031839" startTime="2025-09-16T23:25:59.5023441+02:00" endTime="2025-09-16T23:25:59.5023441+02:00" testType="13cdc9d9-ddb5-4fa4-a97d-d965ccfc6d4b" outcome="Passed" testListId="8c84fa94-04c1-424b-9868-57a2d4851a1d" relativeResultsDirectory="753fcd71-ae5d-48c0-91a7-8e4edb104138" />
    <UnitTestResult executionId="51ba1db9-4c34-4f53-9579-ae542bbeb987" testId="37194a5b-9540-b72a-2fd8-3ed7b18ecc22" testName="ItemFilterTests.Map_range_out_of_bounds_returns_error" computerName="shoppa-fw16-1" duration="00:00:00.0003493" startTime="2025-09-16T23:25:59.5018127+02:00" endTime="2025-09-16T23:25:59.5018128+02:00" testType="13cdc9d9-ddb5-4fa4-a97d-d965ccfc6d4b" outcome="Passed" testListId="8c84fa94-04c1-424b-9868-57a2d4851a1d" relativeResultsDirectory="51ba1db9-4c34-4f53-9579-ae542bbeb987" />
    <UnitTestResult executionId="875d7ace-3319-4403-a9b0-3b3fc25262f8" testId="185df21f-1c52-7a74-ae0a-070526063ed0" testName="AppStateReconcilerTests.Modified_deleted_on_server_becomes_New" computerName="shoppa-fw16-1" duration="00:00:00.0005738" startTime="2025-09-16T23:25:59.4995745+02:00" endTime="2025-09-16T23:25:59.4995746+02:00" testType="13cdc9d9-ddb5-4fa4-a97d-d965ccfc6d4b" outcome="Passed" testListId="8c84fa94-04c1-424b-9868-57a2d4851a1d" relativeResultsDirectory="875d7ace-3319-4403-a9b0-3b3fc25262f8" />
    <UnitTestResult executionId="262d365f-8b31-4467-b1b6-03b5626ff5af" testId="9e9e30ae-91b6-58a0-625a-1cde020cb68c" testName="LabelFilterTests.ForWrite_maps_correctly(input: null, expected: null)" computerName="shoppa-fw16-1" duration="00:00:00.0000009" startTime="2025-09-16T23:25:59.4989386+02:00" endTime="2025-09-16T23:25:59.4989386+02:00" testType="13cdc9d9-ddb5-4fa4-a97d-d965ccfc6d4b" outcome="Passed" testListId="8c84fa94-04c1-424b-9868-57a2d4851a1d" relativeResultsDirectory="262d365f-8b31-4467-b1b6-03b5626ff5af" />
    <UnitTestResult executionId="31d7cfbd-906f-40bf-a922-28f7ebbc96a9" testId="3f47e510-cda8-38f6-3a2e-296a0aeb1605" testName="LabelFilterTests.ForSelector_maps_correctly(input: null, expected: null)" computerName="shoppa-fw16-1" duration="00:00:00.0127339" startTime="2025-09-16T23:25:59.4765678+02:00" endTime="2025-09-16T23:25:59.4765679+02:00" testType="13cdc9d9-ddb5-4fa4-a97d-d965ccfc6d4b" outcome="Passed" testListId="8c84fa94-04c1-424b-9868-57a2d4851a1d" relativeResultsDirectory="31d7cfbd-906f-40bf-a922-28f7ebbc96a9" />
    <UnitTestResult executionId="93702571-e4b4-470b-bd9d-e4fe3be34cd9" testId="104dceb5-563d-6140-e391-e46ede51c315" testName="FlatKeyMapperTests.Flatten_roundtrips_back_to_flats" computerName="shoppa-fw16-1" duration="00:00:00.0181750" startTime="2025-09-16T23:25:59.5027950+02:00" endTime="2025-09-16T23:25:59.5027950+02:00" testType="13cdc9d9-ddb5-4fa4-a97d-d965ccfc6d4b" outcome="Passed" testListId="8c84fa94-04c1-424b-9868-57a2d4851a1d" relativeResultsDirectory="93702571-e4b4-470b-bd9d-e4fe3be34cd9" />
    <UnitTestResult executionId="029cd2b9-cbe7-4998-8cb7-9281949d63c3" testId="8e4dfe9e-29fc-a433-20c2-c24a72a3a5a3" testName="LabelFilterTests.ForSelector_maps_correctly(input: &quot;dev&quot;, expected: &quot;dev&quot;)" computerName="shoppa-fw16-1" duration="00:00:00.0024343" startTime="2025-09-16T23:25:59.4788274+02:00" endTime="2025-09-16T23:25:59.4788274+02:00" testType="13cdc9d9-ddb5-4fa4-a97d-d965ccfc6d4b" outcome="Passed" testListId="8c84fa94-04c1-424b-9868-57a2d4851a1d" relativeResultsDirectory="029cd2b9-cbe7-4998-8cb7-9281949d63c3" />
  </Results>
  <TestDefinitions>
    <UnitTest name="AppStateReconcilerTests.Deleted_that_is_gone_on_server_is_dropped" storage="/home/mattias/codex-appconfig/tests/appconfigcli.core.tests/bin/debug/net9.0/appconfigcli.core.tests.dll" id="420c2de5-eb14-37a1-3bc6-522122aec02c">
      <Execution id="5fe7ab1b-54bb-477b-a0d4-aa228e717adf" />
      <TestMethod codeBase="/home/mattias/codex-appconfig/tests/AppConfigCli.Core.Tests/bin/Debug/net9.0/AppConfigCli.Core.Tests.dll" adapterTypeName="executor://xunit/VsTestRunner2/netcoreapp" className="AppStateReconcilerTests" name="Deleted_that_is_gone_on_server_is_dropped" />
    </UnitTest>
    <UnitTest name="ItemFilterTests.Map_range_any_label(start: 1, end: 1, expected: [0])" storage="/home/mattias/codex-appconfig/tests/appconfigcli.core.tests/bin/debug/net9.0/appconfigcli.core.tests.dll" id="2d720e36-880f-a0e6-2031-f0c98301c725">
      <Execution id="79b6e0b2-1a5f-4ba8-a590-174f0f5ca1a8" />
      <TestMethod codeBase="/home/mattias/codex-appconfig/tests/AppConfigCli.Core.Tests/bin/Debug/net9.0/AppConfigCli.Core.Tests.dll" adapterTypeName="executor://xunit/VsTestRunner2/netcoreapp" className="ItemFilterTests" name="Map_range_any_label" />
    </UnitTest>
    <UnitTest name="ItemFilterTests.Map_range_out_of_bounds_returns_error" storage="/home/mattias/codex-appconfig/tests/appconfigcli.core.tests/bin/debug/net9.0/appconfigcli.core.tests.dll" id="37194a5b-9540-b72a-2fd8-3ed7b18ecc22">
      <Execution id="51ba1db9-4c34-4f53-9579-ae542bbeb987" />
      <TestMethod codeBase="/home/mattias/codex-appconfig/tests/AppConfigCli.Core.Tests/bin/Debug/net9.0/AppConfigCli.Core.Tests.dll" adapterTypeName="executor://xunit/VsTestRunner2/netcoreapp" className="ItemFilterTests" name="Map_range_out_of_bounds_returns_error" />
    </UnitTest>
    <UnitTest name="ItemFilterTests.Map_range_any_label(start: 2, end: 3, expected: [1, 2])" storage="/home/mattias/codex-appconfig/tests/appconfigcli.core.tests/bin/debug/net9.0/appconfigcli.core.tests.dll" id="2f5b9956-c28d-49fa-fd3a-9c80cdbd33db">
      <Execution id="e3324eea-ba3e-422d-b35c-c4d94b2e78ec" />
      <TestMethod codeBase="/home/mattias/codex-appconfig/tests/AppConfigCli.Core.Tests/bin/Debug/net9.0/AppConfigCli.Core.Tests.dll" adapterTypeName="executor://xunit/VsTestRunner2/netcoreapp" className="ItemFilterTests" name="Map_range_any_label" />
    </UnitTest>
    <UnitTest name="ItemFilterTests.Visible_literal_label_returns_only_that_label" storage="/home/mattias/codex-appconfig/tests/appconfigcli.core.tests/bin/debug/net9.0/appconfigcli.core.tests.dll" id="5855942d-8f64-0fc6-3511-75ab8f9c7264">
      <Execution id="f24fbbc0-d9fa-4f69-a022-b052d22bd82b" />
      <TestMethod codeBase="/home/mattias/codex-appconfig/tests/AppConfigCli.Core.Tests/bin/Debug/net9.0/AppConfigCli.Core.Tests.dll" adapterTypeName="executor://xunit/VsTestRunner2/netcoreapp" className="ItemFilterTests" name="Visible_literal_label_returns_only_that_label" />
    </UnitTest>
    <UnitTest name="AppStateReconcilerTests.Modified_deleted_on_server_becomes_New" storage="/home/mattias/codex-appconfig/tests/appconfigcli.core.tests/bin/debug/net9.0/appconfigcli.core.tests.dll" id="185df21f-1c52-7a74-ae0a-070526063ed0">
      <Execution id="875d7ace-3319-4403-a9b0-3b3fc25262f8" />
      <TestMethod codeBase="/home/mattias/codex-appconfig/tests/AppConfigCli.Core.Tests/bin/Debug/net9.0/AppConfigCli.Core.Tests.dll" adapterTypeName="executor://xunit/VsTestRunner2/netcoreapp" className="AppStateReconcilerTests" name="Modified_deleted_on_server_becomes_New" />
    </UnitTest>
    <UnitTest name="ItemFilterTests.Visible_unlabeled_returns_only_empty_label" storage="/home/mattias/codex-appconfig/tests/appconfigcli.core.tests/bin/debug/net9.0/appconfigcli.core.tests.dll" id="3035024e-cb3c-39b1-eba9-192ba9ed2f26">
      <Execution id="ac72c1e7-8b3b-4f51-8d96-75f7cd52aa1e" />
      <TestMethod codeBase="/home/mattias/codex-appconfig/tests/AppConfigCli.Core.Tests/bin/Debug/net9.0/AppConfigCli.Core.Tests.dll" adapterTypeName="executor://xunit/VsTestRunner2/netcoreapp" className="ItemFilterTests" name="Visible_unlabeled_returns_only_empty_label" />
    </UnitTest>
    <UnitTest name="ItemFilterTests.Map_range_any_label(start: 1, end: 2, expected: [0, 1])" storage="/home/mattias/codex-appconfig/tests/appconfigcli.core.tests/bin/debug/net9.0/appconfigcli.core.tests.dll" id="4785ef82-9710-69b5-2b57-210f3f16bfdf">
      <Execution id="6bb44ec6-794a-427f-95c1-2ee48b3e5be3" />
      <TestMethod codeBase="/home/mattias/codex-appconfig/tests/AppConfigCli.Core.Tests/bin/Debug/net9.0/AppConfigCli.Core.Tests.dll" adapterTypeName="executor://xunit/VsTestRunner2/netcoreapp" className="ItemFilterTests" name="Map_range_any_label" />
    </UnitTest>
    <UnitTest name="ItemFilterTests.Map_range_literal_label_and_regex" storage="/home/mattias/codex-appconfig/tests/appconfigcli.core.tests/bin/debug/net9.0/appconfigcli.core.tests.dll" id="7c9d88c3-7de9-19d6-9cb6-1e95f83f21c1">
      <Execution id="730bcce7-8057-4229-82d4-0df08e12763c" />
      <TestMethod codeBase="/home/mattias/codex-appconfig/tests/AppConfigCli.Core.Tests/bin/Debug/net9.0/AppConfigCli.Core.Tests.dll" adapterTypeName="executor://xunit/VsTestRunner2/netcoreapp" className="ItemFilterTests" name="Map_range_literal_label_and_regex" />
    </UnitTest>
    <UnitTest name="LabelFilterTests.ForSelector_maps_correctly(input: &quot;prod&quot;, expected: &quot;prod&quot;)" storage="/home/mattias/codex-appconfig/tests/appconfigcli.core.tests/bin/debug/net9.0/appconfigcli.core.tests.dll" id="99df7739-9d13-9497-17d5-a762f0dab85e">
      <Execution id="78d80cc8-47b0-4da1-8891-97e02148a65f" />
      <TestMethod codeBase="/home/mattias/codex-appconfig/tests/AppConfigCli.Core.Tests/bin/Debug/net9.0/AppConfigCli.Core.Tests.dll" adapterTypeName="executor://xunit/VsTestRunner2/netcoreapp" className="LabelFilterTests" name="ForSelector_maps_correctly" />
    </UnitTest>
    <UnitTest name="ItemFilterTests.Visible_applies_regex_on_shortkey" storage="/home/mattias/codex-appconfig/tests/appconfigcli.core.tests/bin/debug/net9.0/appconfigcli.core.tests.dll" id="9b809a30-5296-a74c-13e3-ba3a9214922d">
      <Execution id="753fcd71-ae5d-48c0-91a7-8e4edb104138" />
      <TestMethod codeBase="/home/mattias/codex-appconfig/tests/AppConfigCli.Core.Tests/bin/Debug/net9.0/AppConfigCli.Core.Tests.dll" adapterTypeName="executor://xunit/VsTestRunner2/netcoreapp" className="ItemFilterTests" name="Visible_applies_regex_on_shortkey" />
    </UnitTest>
    <UnitTest name="LabelFilterTests.ForWrite_maps_correctly(input: &quot;dev&quot;, expected: &quot;dev&quot;)" storage="/home/mattias/codex-appconfig/tests/appconfigcli.core.tests/bin/debug/net9.0/appconfigcli.core.tests.dll" id="46bcd91f-5c38-841d-c5a0-4ecacdbbdd07">
      <Execution id="ceebfc33-fae4-44e9-ae17-6c29e7e8e422" />
      <TestMethod codeBase="/home/mattias/codex-appconfig/tests/AppConfigCli.Core.Tests/bin/Debug/net9.0/AppConfigCli.Core.Tests.dll" adapterTypeName="executor://xunit/VsTestRunner2/netcoreapp" className="LabelFilterTests" name="ForWrite_maps_correctly" />
    </UnitTest>
    <UnitTest name="LabelFilterTests.ForWrite_maps_correctly(input: &quot;prod&quot;, expected: &quot;prod&quot;)" storage="/home/mattias/codex-appconfig/tests/appconfigcli.core.tests/bin/debug/net9.0/appconfigcli.core.tests.dll" id="99f03c58-a80e-a3a9-bf9e-4ac8779a3bb8">
      <Execution id="bc67ff98-bb3a-4ef6-a890-6eeb8d2f9940" />
      <TestMethod codeBase="/home/mattias/codex-appconfig/tests/AppConfigCli.Core.Tests/bin/Debug/net9.0/AppConfigCli.Core.Tests.dll" adapterTypeName="executor://xunit/VsTestRunner2/netcoreapp" className="LabelFilterTests" name="ForWrite_maps_correctly" />
    </UnitTest>
    <UnitTest name="LabelFilterTests.ForWrite_maps_correctly(input: null, expected: null)" storage="/home/mattias/codex-appconfig/tests/appconfigcli.core.tests/bin/debug/net9.0/appconfigcli.core.tests.dll" id="9e9e30ae-91b6-58a0-625a-1cde020cb68c">
      <Execution id="262d365f-8b31-4467-b1b6-03b5626ff5af" />
      <TestMethod codeBase="/home/mattias/codex-appconfig/tests/AppConfigCli.Core.Tests/bin/Debug/net9.0/AppConfigCli.Core.Tests.dll" adapterTypeName="executor://xunit/VsTestRunner2/netcoreapp" className="LabelFilterTests" name="ForWrite_maps_correctly" />
    </UnitTest>
    <UnitTest name="FlatKeyMapperTests.Flatten_roundtrips_back_to_flats" storage="/home/mattias/codex-appconfig/tests/appconfigcli.core.tests/bin/debug/net9.0/appconfigcli.core.tests.dll" id="104dceb5-563d-6140-e391-e46ede51c315">
      <Execution id="93702571-e4b4-470b-bd9d-e4fe3be34cd9" />
      <TestMethod codeBase="/home/mattias/codex-appconfig/tests/AppConfigCli.Core.Tests/bin/Debug/net9.0/AppConfigCli.Core.Tests.dll" adapterTypeName="executor://xunit/VsTestRunner2/netcoreapp" className="FlatKeyMapperTests" name="Flatten_roundtrips_back_to_flats" />
    </UnitTest>
    <UnitTest name="LabelFilterTests.ForWrite_maps_correctly(input: &quot;&quot;, expected: null)" storage="/home/mattias/codex-appconfig/tests/appconfigcli.core.tests/bin/debug/net9.0/appconfigcli.core.tests.dll" id="6de2d353-8914-63d9-5b40-fa699064c5a8">
      <Execution id="40d11481-ac4d-41d6-8920-b9f8447e3047" />
      <TestMethod codeBase="/home/mattias/codex-appconfig/tests/AppConfigCli.Core.Tests/bin/Debug/net9.0/AppConfigCli.Core.Tests.dll" adapterTypeName="executor://xunit/VsTestRunner2/netcoreapp" className="LabelFilterTests" name="ForWrite_maps_correctly" />
    </UnitTest>
    <UnitTest name="ItemFilterTests.Visible_any_label_returns_all" storage="/home/mattias/codex-appconfig/tests/appconfigcli.core.tests/bin/debug/net9.0/appconfigcli.core.tests.dll" id="9037fe3e-122a-e7cd-a5cf-b21cde9805b6">
      <Execution id="b8172a15-3b92-4df2-ada0-c603ffcca6de" />
      <TestMethod codeBase="/home/mattias/codex-appconfig/tests/AppConfigCli.Core.Tests/bin/Debug/net9.0/AppConfigCli.Core.Tests.dll" adapterTypeName="executor://xunit/VsTestRunner2/netcoreapp" className="ItemFilterTests" name="Visible_any_label_returns_all" />
    </UnitTest>
    <UnitTest name="LabelFilterTests.ForSelector_maps_correctly(input: &quot;&quot;, expected: &quot;\0&quot;)" storage="/home/mattias/codex-appconfig/tests/appconfigcli.core.tests/bin/debug/net9.0/appconfigcli.core.tests.dll" id="b8ed0044-c78b-22f1-4699-f739baf5a488">
      <Execution id="7859c755-8535-4a6d-a425-fad096d6cfa6" />
      <TestMethod codeBase="/home/mattias/codex-appconfig/tests/AppConfigCli.Core.Tests/bin/Debug/net9.0/AppConfigCli.Core.Tests.dll" adapterTypeName="executor://xunit/VsTestRunner2/netcoreapp" className="LabelFilterTests" name="ForSelector_maps_correctly" />
    </UnitTest>
    <UnitTest name="LabelFilterTests.ForSelector_maps_correctly(input: &quot;dev&quot;, expected: &quot;dev&quot;)" storage="/home/mattias/codex-appconfig/tests/appconfigcli.core.tests/bin/debug/net9.0/appconfigcli.core.tests.dll" id="8e4dfe9e-29fc-a433-20c2-c24a72a3a5a3">
      <Execution id="029cd2b9-cbe7-4998-8cb7-9281949d63c3" />
      <TestMethod codeBase="/home/mattias/codex-appconfig/tests/AppConfigCli.Core.Tests/bin/Debug/net9.0/AppConfigCli.Core.Tests.dll" adapterTypeName="executor://xunit/VsTestRunner2/netcoreapp" className="LabelFilterTests" name="ForSelector_maps_correctly" />
    </UnitTest>
    <UnitTest name="FlatKeyMapperTests.BuildTree_creates_objects_arrays_and_values" storage="/home/mattias/codex-appconfig/tests/appconfigcli.core.tests/bin/debug/net9.0/appconfigcli.core.tests.dll" id="780717a4-dc45-5d1a-b580-f377557d6d67">
      <Execution id="07c03550-63d8-49ad-ac43-f5f8c40099c7" />
      <TestMethod codeBase="/home/mattias/codex-appconfig/tests/AppConfigCli.Core.Tests/bin/Debug/net9.0/AppConfigCli.Core.Tests.dll" adapterTypeName="executor://xunit/VsTestRunner2/netcoreapp" className="FlatKeyMapperTests" name="BuildTree_creates_objects_arrays_and_values" />
    </UnitTest>
    <UnitTest name="ItemFilterTests.Visible_indices_match_expected_order" storage="/home/mattias/codex-appconfig/tests/appconfigcli.core.tests/bin/debug/net9.0/appconfigcli.core.tests.dll" id="3ab43c05-c101-c138-4a06-0aa6efd63a5f">
      <Execution id="c708af73-a49e-489a-af9c-deb32ad9f5c9" />
      <TestMethod codeBase="/home/mattias/codex-appconfig/tests/AppConfigCli.Core.Tests/bin/Debug/net9.0/AppConfigCli.Core.Tests.dll" adapterTypeName="executor://xunit/VsTestRunner2/netcoreapp" className="ItemFilterTests" name="Visible_indices_match_expected_order" />
    </UnitTest>
    <UnitTest name="AppStateReconcilerTests.Modified_matching_server_becomes_Unchanged" storage="/home/mattias/codex-appconfig/tests/appconfigcli.core.tests/bin/debug/net9.0/appconfigcli.core.tests.dll" id="24ea7713-3960-4410-c389-bcc3b5fcbd39">
      <Execution id="1424d879-0095-4365-abce-068f676b000e" />
      <TestMethod codeBase="/home/mattias/codex-appconfig/tests/AppConfigCli.Core.Tests/bin/Debug/net9.0/AppConfigCli.Core.Tests.dll" adapterTypeName="executor://xunit/VsTestRunner2/netcoreapp" className="AppStateReconcilerTests" name="Modified_matching_server_becomes_Unchanged" />
    </UnitTest>
    <UnitTest name="LabelFilterTests.ForSelector_maps_correctly(input: null, expected: null)" storage="/home/mattias/codex-appconfig/tests/appconfigcli.core.tests/bin/debug/net9.0/appconfigcli.core.tests.dll" id="3f47e510-cda8-38f6-3a2e-296a0aeb1605">
      <Execution id="31d7cfbd-906f-40bf-a922-28f7ebbc96a9" />
      <TestMethod codeBase="/home/mattias/codex-appconfig/tests/AppConfigCli.Core.Tests/bin/Debug/net9.0/AppConfigCli.Core.Tests.dll" adapterTypeName="executor://xunit/VsTestRunner2/netcoreapp" className="LabelFilterTests" name="ForSelector_maps_correctly" />
    </UnitTest>
  </TestDefinitions>
  <TestEntries>
    <TestEntry testId="24ea7713-3960-4410-c389-bcc3b5fcbd39" executionId="1424d879-0095-4365-abce-068f676b000e" testListId="8c84fa94-04c1-424b-9868-57a2d4851a1d" />
    <TestEntry testId="3ab43c05-c101-c138-4a06-0aa6efd63a5f" executionId="c708af73-a49e-489a-af9c-deb32ad9f5c9" testListId="8c84fa94-04c1-424b-9868-57a2d4851a1d" />
    <TestEntry testId="420c2de5-eb14-37a1-3bc6-522122aec02c" executionId="5fe7ab1b-54bb-477b-a0d4-aa228e717adf" testListId="8c84fa94-04c1-424b-9868-57a2d4851a1d" />
    <TestEntry testId="2d720e36-880f-a0e6-2031-f0c98301c725" executionId="79b6e0b2-1a5f-4ba8-a590-174f0f5ca1a8" testListId="8c84fa94-04c1-424b-9868-57a2d4851a1d" />
    <TestEntry testId="99f03c58-a80e-a3a9-bf9e-4ac8779a3bb8" executionId="bc67ff98-bb3a-4ef6-a890-6eeb8d2f9940" testListId="8c84fa94-04c1-424b-9868-57a2d4851a1d" />
    <TestEntry testId="6de2d353-8914-63d9-5b40-fa699064c5a8" executionId="40d11481-ac4d-41d6-8920-b9f8447e3047" testListId="8c84fa94-04c1-424b-9868-57a2d4851a1d" />
    <TestEntry testId="2f5b9956-c28d-49fa-fd3a-9c80cdbd33db" executionId="e3324eea-ba3e-422d-b35c-c4d94b2e78ec" testListId="8c84fa94-04c1-424b-9868-57a2d4851a1d" />
    <TestEntry testId="3035024e-cb3c-39b1-eba9-192ba9ed2f26" executionId="ac72c1e7-8b3b-4f51-8d96-75f7cd52aa1e" testListId="8c84fa94-04c1-424b-9868-57a2d4851a1d" />
    <TestEntry testId="4785ef82-9710-69b5-2b57-210f3f16bfdf" executionId="6bb44ec6-794a-427f-95c1-2ee48b3e5be3" testListId="8c84fa94-04c1-424b-9868-57a2d4851a1d" />
    <TestEntry testId="780717a4-dc45-5d1a-b580-f377557d6d67" executionId="07c03550-63d8-49ad-ac43-f5f8c40099c7" testListId="8c84fa94-04c1-424b-9868-57a2d4851a1d" />
    <TestEntry testId="99df7739-9d13-9497-17d5-a762f0dab85e" executionId="78d80cc8-47b0-4da1-8891-97e02148a65f" testListId="8c84fa94-04c1-424b-9868-57a2d4851a1d" />
    <TestEntry testId="46bcd91f-5c38-841d-c5a0-4ecacdbbdd07" executionId="ceebfc33-fae4-44e9-ae17-6c29e7e8e422" testListId="8c84fa94-04c1-424b-9868-57a2d4851a1d" />
    <TestEntry testId="7c9d88c3-7de9-19d6-9cb6-1e95f83f21c1" executionId="730bcce7-8057-4229-82d4-0df08e12763c" testListId="8c84fa94-04c1-424b-9868-57a2d4851a1d" />
    <TestEntry testId="5855942d-8f64-0fc6-3511-75ab8f9c7264" executionId="f24fbbc0-d9fa-4f69-a022-b052d22bd82b" testListId="8c84fa94-04c1-424b-9868-57a2d4851a1d" />
    <TestEntry testId="b8ed0044-c78b-22f1-4699-f739baf5a488" executionId="7859c755-8535-4a6d-a425-fad096d6cfa6" testListId="8c84fa94-04c1-424b-9868-57a2d4851a1d" />
    <TestEntry testId="9037fe3e-122a-e7cd-a5cf-b21cde9805b6" executionId="b8172a15-3b92-4df2-ada0-c603ffcca6de" testListId="8c84fa94-04c1-424b-9868-57a2d4851a1d" />
    <TestEntry testId="9b809a30-5296-a74c-13e3-ba3a9214922d" executionId="753fcd71-ae5d-48c0-91a7-8e4edb104138" testListId="8c84fa94-04c1-424b-9868-57a2d4851a1d" />
    <TestEntry testId="37194a5b-9540-b72a-2fd8-3ed7b18ecc22" executionId="51ba1db9-4c34-4f53-9579-ae542bbeb987" testListId="8c84fa94-04c1-424b-9868-57a2d4851a1d" />
    <TestEntry testId="185df21f-1c52-7a74-ae0a-070526063ed0" executionId="875d7ace-3319-4403-a9b0-3b3fc25262f8" testListId="8c84fa94-04c1-424b-9868-57a2d4851a1d" />
    <TestEntry testId="9e9e30ae-91b6-58a0-625a-1cde020cb68c" executionId="262d365f-8b31-4467-b1b6-03b5626ff5af" testListId="8c84fa94-04c1-424b-9868-57a2d4851a1d" />
    <TestEntry testId="3f47e510-cda8-38f6-3a2e-296a0aeb1605" executionId="31d7cfbd-906f-40bf-a922-28f7ebbc96a9" testListId="8c84fa94-04c1-424b-9868-57a2d4851a1d" />
    <TestEntry testId="104dceb5-563d-6140-e391-e46ede51c315" executionId="93702571-e4b4-470b-bd9d-e4fe3be34cd9" testListId="8c84fa94-04c1-424b-9868-57a2d4851a1d" />
    <TestEntry testId="8e4dfe9e-29fc-a433-20c2-c24a72a3a5a3" executionId="029cd2b9-cbe7-4998-8cb7-9281949d63c3" testListId="8c84fa94-04c1-424b-9868-57a2d4851a1d" />
  </TestEntries>
  <TestLists>
    <TestList name="Results Not in a List" id="8c84fa94-04c1-424b-9868-57a2d4851a1d" />
    <TestList name="All Loaded Results" id="19431567-8539-422a-85d7-44ee4e166bda" />
  </TestLists>
  <ResultSummary outcome="Completed">
    <Counters total="23" executed="23" passed="23" failed="0" error="0" timeout="0" aborted="0" inconclusive="0" passedButRunAborted="0" notRunnable="0" notExecuted="0" disconnected="0" warning="0" completed="0" inProgress="0" pending="0" />
    <Output>
      <StdOut>[xUnit.net 00:00:00.00] xUnit.net VSTest Adapter v2.8.2+699d445a1a (64-bit .NET 9.0.9)
[xUnit.net 00:00:00.05]   Discovering: AppConfigCli.Core.Tests
[xUnit.net 00:00:00.08]   Discovered:  AppConfigCli.Core.Tests
[xUnit.net 00:00:00.08]   Starting:    AppConfigCli.Core.Tests
[xUnit.net 00:00:00.18]   Finished:    AppConfigCli.Core.Tests
</StdOut>
    </Output>
    <CollectorDataEntries>
      <Collector agentName="shoppa-fw16-1" uri="datacollector://microsoft/CoverletCodeCoverage/1.0" collectorDisplayName="XPlat code coverage">
        <UriAttachments>
          <UriAttachment>
            <A href="shoppa-fw16-1/coverage.cobertura.xml"></A>
          </UriAttachment>
        </UriAttachments>
      </Collector>
    </CollectorDataEntries>
  </ResultSummary>
</TestRun>